         13891445 function calls (13590343 primitive calls) in 3.814 seconds

   Ordered by: internal time

   ncalls  tottime  percall  cumtime  percall filename:lineno(function)
    28559    0.186    0.000    0.194    0.000 {built-in method builtins.__build_class__}
   230627    0.176    0.000    0.328    0.000 query.py:67(parent)
   622243    0.157    0.000    0.224    0.000 dsn.py:28(join)
   178231    0.147    0.000    0.229    0.000 query.py:205(values)
229461/80070    0.136    0.000    2.324    0.000 node.py:119(scope)
   431623    0.116    0.000    0.268    0.000 path.py:58(joined)
   118941    0.098    0.000    0.155    0.000 query.py:139(children)
828231/827760    0.094    0.000    0.109    0.000 {method 'join' of 'str' objects}
   230627    0.092    0.000    0.439    0.000 node.py:150(parent)
   266484    0.085    0.000    0.153    0.000 node.py:378(as_a)
   178231    0.075    0.000    0.319    0.000 node.py:360(_values)
   119466    0.075    0.000    0.875    0.000 statement_compound.py:278(_attr_symbol)
   809439    0.073    0.000    0.078    0.000 {built-in method builtins.isinstance}
   135441    0.070    0.000    0.070    0.000 {method 'sub' of 're.Pattern' objects}
   528213    0.065    0.000    0.065    0.000 memo.py:71(get)
   528213    0.061    0.000    0.115    0.000 memo.py:24(wrapper)
   528213    0.060    0.000    0.060    0.000 memo.py:11(__call__)
   162446    0.056    0.000    0.355    0.000 node.py:267(_by)
    99987    0.055    0.000    1.378    0.000 statement_compound.py:455(symbol)
   178231    0.055    0.000    0.390    0.000 node.py:145(tokens)
   118941    0.054    0.000    0.278    0.000 node.py:326(_children)
   528213    0.053    0.000    0.053    0.000 memo.py:23(decorator)
   166868    0.052    0.000    0.200    0.000 query.py:53(by)
   147787    0.050    0.000    0.183    0.000 node.py:257(_exists)
   166868    0.048    0.000    0.092    0.000 query.py:31(__resolve)
   135177    0.048    0.000    0.168    0.000 __init__.py:182(sub)
   119343    0.043    0.000    1.875    0.000 statement_compound.py:202(domain_name)
   304683    0.041    0.000    0.062    0.000 node.py:368(is_a)
   321110    0.039    0.000    0.039    0.000 cache.py:18(exists)
   469270    0.038    0.000    0.040    0.000 node.py:80(full_path)
    67349    0.038    0.000    0.213    0.000 string.py:15(snakelize)
    10832    0.038    0.000    2.068    0.000 procedure.py:235(__put_log_action)
    28554    0.037    0.000    0.348    0.000 node.py:509(dirty_proxify)
   168013    0.035    0.000    0.056    0.000 cache.py:38(by)
   135361    0.034    0.000    0.053    0.000 __init__.py:329(_compile)
    51562    0.032    0.000    0.036    0.000 eventemitter.py:39(on)
   100730    0.030    0.000    0.237    0.000 statement_compound.py:463(decorators)
    85668    0.028    0.000    0.046    0.000 dsn.py:16(elements)
   118572    0.027    0.000    0.895    0.000 statement_compound.py:270(actual_symbol)
    31576    0.026    0.000    1.530    0.000 symbol.py:571(_shared_origin)
    16281    0.026    0.000    0.126    0.000 node.py:155(prop_keys)
   147787    0.025    0.000    0.042    0.000 query.py:42(exists)
   166868    0.025    0.000    0.025    0.000 entry.py:26(name)
41130/13908    0.023    0.000    1.560    0.000 symbol.py:544(attrs)
      889    0.023    0.000    0.079    0.000 symbols.py:319(__make_procedure)
    37859    0.023    0.000    0.070    0.000 embed.py:198(dig_for_method)
10832/4774    0.023    0.000    3.704    0.001 procedure.py:159(__run_action)
    37859    0.022    0.000    0.038    0.000 embed.py:109(get_from_method)
285367/285226    0.022    0.000    0.022    0.000 {built-in method builtins.len}
   108259    0.020    0.000    1.647    0.000 statement_compound.py:213(scope_part)
    50899    0.020    0.000    0.054    0.000 dsn.py:4(elem_counts)
   166868    0.020    0.000    0.020    0.000 resolver.py:32(resolve)
    16281    0.020    0.000    0.027    0.000 node.py:170(__embed_classes)
   341977    0.019    0.000    0.019    0.000 typing.py:2090(cast)
    90020    0.019    0.000    0.019    0.000 {method 'split' of 'str' objects}
63732/46656    0.018    0.000    0.124    0.000 node.py:523(__getattribute__)
    63152    0.018    0.000    1.494    0.000 symbol.py:451(org_fullyname)
    31003    0.017    0.000    0.020    0.000 node.py:28(__init__)
     5935    0.016    0.000    0.428    0.000 finder.py:100(find_by_symbolic)
    22950    0.016    0.000    0.033    0.000 dsn.py:40(left)
140485/138076    0.015    0.000    0.274    0.000 {built-in method builtins.getattr}
    26190    0.014    0.000    0.117    0.000 element.py:57(arguments)
    80070    0.013    0.000    0.020    0.000 general.py:25(scope)
    42529    0.013    0.000    0.126    0.000 element.py:52(path)
     5935    0.013    0.000    0.071    0.000 finder.py:137(__make_scopes)
    10832    0.012    0.000    0.129    0.000 procedure.py:191(__make_event)
10832/4774    0.011    0.000    3.277    0.001 eventemitter.py:80(emit)
    38795    0.011    0.000    0.131    0.000 node.py:90(classification)
56384/31459    0.011    0.000    0.013    0.000 symbol.py:532(types)
    63334    0.011    0.000    1.477    0.000 statement_compound.py:207(fullyname)
    10800    0.011    0.000    0.686    0.000 node.py:100(fullyname)
    10474    0.010    0.000    0.020    0.000 finder.py:120(__find_raw)
    26322    0.010    0.000    0.019    0.000 finder.py:110(is_local_var_in_class_scope)
    18983    0.010    0.000    0.078    0.000 statement_compound.py:339(decorators)
    18585    0.010    0.000    0.231    0.000 statement_compound.py:331(symbol)
    27600    0.010    0.000    0.073    0.000 primary.py:504(value)
    59879    0.009    0.000    0.210    0.000 {built-in method builtins.hasattr}
     8174    0.009    0.000    0.015    0.000 node.py:432(one_of)
7815/6289    0.009    0.000    1.343    0.000 symbol.py:336(make_shorthand)
10832/890    0.009    0.000    0.117    0.000 node.py:183(flatten)
    94904    0.009    0.000    0.009    0.000 {method 'items' of 'dict' objects}
   103561    0.009    0.000    0.009    0.000 {method 'startswith' of 'str' objects}
10832/4774    0.008    0.000    3.281    0.001 procedure.py:174(__emit_proxy)
    28554    0.008    0.000    0.008    0.000 node.py:522(Proxy)
    67349    0.008    0.000    0.008    0.000 {method 'lower' of 'str' objects}
     1776    0.008    0.000    0.022    0.000 runtime.py:91(new_context)
    92095    0.007    0.000    0.007    0.000 {built-in method builtins.issubclass}
10832/4774    0.007    0.000    3.720    0.001 procedure.py:100(__action)
       37    0.007    0.000    0.007    0.000 {built-in method builtins.compile}
    51562    0.007    0.000    0.043    0.000 procedure.py:33(on)
10832/4774    0.007    0.000    3.758    0.001 procedure.py:90(__process)
    17640    0.007    0.000    0.051    0.000 node.py:279(_at)
    95194    0.007    0.000    0.007    0.000 symbol.py:457(types)
    37859    0.007    0.000    0.007    0.000 embed.py:26(class_path)
    80071    0.006    0.000    0.006    0.000 node.py:75(module_path)
     4270    0.006    0.000    0.049    0.000 query.py:79(factory)
    39108    0.006    0.000    0.006    0.000 {method 'get' of 'dict' objects}
    74082    0.006    0.000    0.006    0.000 {method 'append' of 'list' objects}
    26148    0.006    0.000    0.060    0.000 literal.py:58(plain)
     7248    0.006    0.000    0.041    0.000 primary.py:215(receiver)
    63152    0.006    0.000    0.006    0.000 {built-in method builtins.id}
    10832    0.005    0.000    0.694    0.000 node.py:41(__str__)
    10832    0.005    0.000    0.042    0.000 procedure.py:140(__exit)
26510/17996    0.005    0.000    0.421    0.000 symbol.py:526(org_fullyname)
    10832    0.005    0.000    0.038    0.000 procedure.py:118(__enter)
    13276    0.005    0.000    0.010    0.000 nodes.py:167(iter_child_nodes)
    33625    0.005    0.000    0.005    0.000 eventemitter.py:70(observed)
14748/4446    0.005    0.000    2.979    0.001 error.py:37(wrapper)
     1116    0.005    0.000    0.012    0.000 {built-in method builtins.sorted}
     3439    0.005    0.000    0.005    0.000 __init__.py:1023(__iter__)
     2645    0.005    0.000    0.008    0.000 lexer.py:667(tokeniter)
     5449    0.004    0.000    0.102    0.000 node.py:234(__prop_expand)
3097/1067    0.004    0.000    0.393    0.000 sequence.py:34(expand)
    38825    0.004    0.000    0.007    0.000 node.py:224(order)
     8425    0.004    0.000    0.008    0.000 procedure.py:210(__is_prop_list_by)
     5353    0.004    0.000    0.017    0.000 path.py:170(shift)
      696    0.004    0.000    0.007    0.000 reflection.py:45(__init__)
     1235    0.003    0.000    0.157    0.000 symbols.py:476(on_relay)
    41364    0.003    0.000    0.003    0.000 path.py:35(__init__)
     7815    0.003    0.000    0.209    0.000 statement_compound.py:612(symbol_name)
     1816    0.003    0.000    0.003    0.000 {built-in method posix.stat}
5770/5601    0.003    0.000    0.435    0.000 symbols.py:250(__resolve_raw)
    41491    0.003    0.000    0.003    0.000 symbol.py:475(attrs)
     5505    0.003    0.000    0.008    0.000 path.py:11(join)
    890/1    0.003    0.000    3.814    3.814 procedure.py:61(exec)
    36916    0.003    0.000    0.003    0.000 symbol.py:565(origin)
     1776    0.003    0.000    0.006    0.000 runtime.py:163(__init__)
     3729    0.003    0.000    0.003    0.000 symbol.py:494(__init__)
      890    0.003    0.000    0.135    0.000 node.py:204(calculated)
    11569    0.003    0.000    0.011    0.000 path.py:48(elements)
     5449    0.003    0.000    0.094    0.000 node.py:249(__prop_of_nodes)
     9978    0.003    0.000    0.003    0.000 __init__.py:1009(__getitem__)
     5630    0.003    0.000    0.011    0.000 path.py:77(last)
      591    0.003    0.000    0.337    0.001 py2cpp.py:375(on_relay)
    22510    0.003    0.000    0.004    0.000 nodes.py:145(iter_fields)
     1663    0.002    0.000    0.113    0.000 render.py:43(render)
     2809    0.002    0.000    0.015    0.000 symbols.py:72(is_a)
     1813    0.002    0.000    0.004    0.000 utils.py:497(__getitem__)
     9942    0.002    0.000    0.003    0.000 procedure.py:222(__stack_pop)
     4531    0.002    0.000    0.008    0.000 finder.py:58(by_standard)
     5630    0.002    0.000    0.003    0.000 path.py:113(__break_tag)
     2449    0.002    0.000    0.037    0.000 node.py:532(dirty_child)
     8437    0.002    0.000    0.219    0.000 statement_compound.py:621(domain_name)
     1663    0.002    0.000    0.042    0.000 environment.py:1269(render)
  4206/37    0.002    0.000    0.027    0.001 visitor.py:35(visit)
2379/1826    0.002    0.000    0.034    0.000 primary.py:200(domain_name)
     6058    0.002    0.000    1.301    0.000 symbol.py:331(shorthand)
     2918    0.002    0.000    0.011    0.000 symbol.py:939(ref)
     5672    0.002    0.000    0.022    0.000 primary.py:220(prop)
3170/2281    0.002    0.000    0.004    0.000 typing.py:1123(__call__)
     3095    0.002    0.000    0.005    0.000 node.py:56(__eq__)
     8716    0.002    0.000    0.002    0.000 {built-in method _abc._abc_instancecheck}
     6190    0.002    0.000    0.002    0.000 node.py:46(__repr__)
    10977    0.002    0.000    0.002    0.000 {method 'replace' of 'str' objects}
     8963    0.002    0.000    0.024    0.000 primary.py:18(domain_name)
     7402    0.002    0.000    0.002    0.000 {method 'match' of 're.Pattern' objects}
     2918    0.002    0.000    0.004    0.000 symbol.py:788(__init__)
 3423/223    0.002    0.000    0.007    0.000 nodes.py:193(find_all)
      454    0.002    0.000    0.309    0.001 symbols.py:553(on_func_call)
     5601    0.002    0.000    0.437    0.000 symbols.py:232(resolve)
      696    0.002    0.000    0.012    0.000 reflection.py:393(build)
     1105    0.002    0.000    0.002    0.000 nodes.py:127(__init__)
     1776    0.002    0.000    0.073    0.000 environment.py:950(_load_template)
     2428    0.002    0.000    2.943    0.001 symbols.py:149(type_of)
    10555    0.002    0.000    0.003    0.000 node.py:135(can_expand)
     3376    0.002    0.000    0.002    0.000 typing.py:372(inner)
     4480    0.002    0.000    0.002    0.000 cache.py:28(index_of)
     4480    0.002    0.000    0.005    0.000 node.py:140(id)
     1739    0.002    0.000    0.011    0.000 lexer.py:613(wrap)
      889    0.001    0.000    0.002    0.000 procedure.py:23(__init__)
     3579    0.001    0.000    0.002    0.000 symbol.py:389(to)
     8716    0.001    0.000    0.003    0.000 <frozen abc>:117(__instancecheck__)
    11641    0.001    0.000    0.004    0.000 <frozen _collections_abc>:868(__iter__)
    11499    0.001    0.000    0.001    0.000 {method 'pop' of 'list' objects}
     5106    0.001    0.000    0.007    0.000 path.py:43(valid)
     6058    0.001    0.000    1.302    0.000 symbol.py:321(__str__)
    10832    0.001    0.000    0.001    0.000 procedure.py:254(__put_log)
      930    0.001    0.000    0.367    0.000 reflection.py:282(unpack_templates)
 2333/410    0.001    0.000    0.007    0.000 visitor.py:44(generic_visit)
     4531    0.001    0.000    0.009    0.000 symbols.py:107(type_of_standard)
      591    0.001    0.000    0.022    0.000 py2cpp.py:395(analyze_relay_access_spec)
     4480    0.001    0.000    0.001    0.000 dsn.py:126(identify)
     1641    0.001    0.000    0.010    0.000 primary.py:467(arguments)
      309    0.001    0.000    0.377    0.001 py2cpp.py:569(analyze_func_call_spec)
      890    0.001    0.000    0.013    0.000 node.py:216(__calclation_order)
     5106    0.001    0.000    0.002    0.000 resolver.py:22(can_resolve)
     5777    0.001    0.000    0.021    0.000 statement_compound.py:33(scope_part)
     5383    0.001    0.000    0.011    0.000 path.py:95(last_tag)
     1452    0.001    0.000    0.026    0.000 primary.py:495(label)
     1035    0.001    0.000    0.095    0.000 symbols.py:514(on_variable)
      897    0.001    0.000    0.002    0.000 runtime.py:260(call)
     4206    0.001    0.000    0.002    0.000 visitor.py:28(get_visitor)
  830/515    0.001    0.000    0.002    0.000 cache.py:53(group_by)
     5682    0.001    0.000    0.001    0.000 {method 'endswith' of 'str' objects}
      821    0.001    0.000    0.167    0.000 py2cpp.py:436(on_variable)
     2429    0.001    0.000    0.001    0.000 compiler.py:453(write)
     2364    0.001    0.000    0.001    0.000 relay.j2:4(root)
     1776    0.001    0.000    0.004    0.000 <frozen genericpath>:65(getmtime)
     4736    0.001    0.000    0.001    0.000 runtime.py:227(resolve_or_missing)
2071/1838    0.001    0.000    1.012    0.001 symbol.py:63(__getattr__)
     4480    0.001    0.000    0.003    0.000 query.py:221(id)
     1739    0.001    0.000    0.005    0.000 loaders.py:210(uptodate)
   138/37    0.001    0.000    0.021    0.001 parser.py:979(subparse)
      309    0.001    0.000    0.415    0.001 py2cpp.py:512(on_func_call)
     1827    0.001    0.000    0.101    0.000 symbols.py:120(type_of_property)
     1776    0.001    0.000    0.074    0.000 environment.py:975(get_template)
      889    0.001    0.000    2.791    0.003 symbols.py:289(__resolve_procedural)
3927/1863    0.001    0.000    0.013    0.000 {built-in method builtins.next}
     5106    0.001    0.000    0.001    0.000 resolver.py:56(can_resolve)
     1355    0.001    0.000    0.001    0.000 {method 'remove' of 'collections.deque' objects}
      696    0.001    0.000    0.001    0.000 reflection.py:416(__resolve_injector)
      252    0.001    0.000    0.105    0.000 reflection.py:207(_method_returns)
     1663    0.001    0.000    0.001    0.000 <frozen _collections_abc>:819(keys)
     1776    0.001    0.000    0.023    0.000 environment.py:1375(new_context)
     1730    0.001    0.000    0.497    0.000 symbols.py:177(__from_reference)
     2857    0.001    0.000    0.001    0.000 lexer.py:275(test)
     1055    0.001    0.000    0.002    0.000 literal.py:12(domain_name)
     6353    0.001    0.000    0.001    0.000 {method 'values' of 'dict' objects}
     3579    0.001    0.000    0.005    0.000 symbol.py:398(one_of)
     5449    0.001    0.000    0.001    0.000 {built-in method from_iterable}
  460/124    0.001    0.000    0.003    0.000 visitor.py:61(generic_visit)
     3066    0.001    0.000    0.009    0.000 primary.py:462(calls)
      421    0.001    0.000    0.248    0.001 reflection.py:130(returns)
      548    0.001    0.000    0.006    0.000 py2cpp.py:405(is_class_access)
      515    0.001    0.000    0.003    0.000 query.py:215(factory)
      137    0.001    0.000    0.005    0.000 compiler.py:1479(visit_Output)
      993    0.001    0.000    0.019    0.000 statement_compound.py:566(symbol)
       97    0.001    0.000    0.115    0.001 symbols.py:665(proc_binary_operator)
      772    0.001    0.000    0.005    0.000 primary.py:456(domain_name)
     1739    0.001    0.000    0.006    0.000 environment.py:1489(is_up_to_date)
     1813    0.001    0.000    0.001    0.000 nodes.py:74(__init__)
      919    0.001    0.000    0.001    0.000 reflection.py:357(__current_key)
  460/124    0.001    0.000    0.003    0.000 optimizer.py:30(generic_visit)
      128    0.001    0.000    0.002    0.000 di.py:180(currying)
     5032    0.001    0.000    0.001    0.000 {method 'write' of '_io.StringIO' objects}
  358/355    0.001    0.000    0.004    0.000 parser.py:644(parse_primary)
       37    0.001    0.000    0.027    0.001 compiler.py:826(visit_Template)
     1235    0.000    0.000    0.017    0.000 symbols.py:366(force_unpack_nullable)
      919    0.000    0.000    0.001    0.000 reflection.py:382(schema)
     1813    0.000    0.000    0.004    0.000 utils.py:463(get)
      889    0.000    0.000    0.079    0.000 symbols.py:310(__init__)
     1899    0.000    0.000    0.001    0.000 {built-in method builtins.any}
      864    0.000    0.000    0.008    0.000 move_assign.j2:4(root)
      530    0.000    0.000    0.046    0.000 symbols.py:504(on_class_ref)
      127    0.000    0.000    1.985    0.016 py2cpp.py:313(proc_move_assign_single)
     4546    0.000    0.000    0.000    0.000 {method 'group' of 're.Match' objects}
     1309    0.000    0.000    0.002    0.000 compiler.py:467(writeline)
     1741    0.000    0.000    0.012    0.000 lexer.py:378(__next__)
      497    0.000    0.000    0.003    0.000 statement_simple.py:11(receivers)
      889    0.000    0.000    2.711    0.003 symbols.py:356(resolve)
      262    0.000    0.000    0.002    0.000 type_py2cpp.j2:4(root)
     4022    0.000    0.000    0.000    0.000 {method 'pop' of 'dict' objects}
     4239    0.000    0.000    0.000    0.000 {built-in method builtins.setattr}
      152    0.000    0.000    0.002    0.000 query.py:105(factory)
     3662    0.000    0.000    0.000    0.000 {built-in method builtins.iter}
     3587    0.000    0.000    0.000    0.000 symbol.py:505(_raws)
     1663    0.000    0.000    0.001    0.000 __init__.py:1032(__bool__)
      353    0.000    0.000    0.002    0.000 symbols.py:574(<lambda>)
     2896    0.000    0.000    0.000    0.000 {method 'count' of 'str' objects}
      859    0.000    0.000    0.001    0.000 func_call.j2:4(root)
      231    0.000    0.000    0.047    0.000 py2cpp.py:62(to_symbol_path)
    87/18    0.000    0.000    0.001    0.000 _parser.py:511(_parse)
       37    0.000    0.000    0.002    0.000 nodes.py:229(set_environment)
      481    0.000    0.000    0.002    0.000 symbol.py:909(var)
      109    0.000    0.000    0.221    0.002 py2cpp.py:665(proc_binary_operator)
     1772    0.000    0.000    0.000    0.000 reflection.py:28(__getattr__)
      822    0.000    0.000    0.019    0.000 py2cpp.py:91(force_unpack_nullable)
      890    0.000    0.000    0.001    0.000 procedure.py:77(__result)
     3579    0.000    0.000    0.000    0.000 symbol.py:881(__init__)
     1813    0.000    0.000    0.000    0.000 {method '__exit__' of '_thread.lock' objects}
      493    0.000    0.000    0.003    0.000 statement_simple.py:22(receivers)
      250    0.000    0.000    0.009    0.000 parser.py:678(parse_tuple)
       38    0.000    0.000    0.000    0.000 {built-in method _io.open}
      826    0.000    0.000    0.002    0.000 symbols.py:787(on_empty)
      128    0.000    0.000    1.004    0.008 resolve_unknown.py:74(<lambda>)
     2206    0.000    0.000    0.000    0.000 {built-in method __new__ of type object at 0x9e9620}
      491    0.000    0.000    0.001    0.000 symbol.py:695(__init__)
      434    0.000    0.000    0.001    0.000 path.py:147(de_identify)
      591    0.000    0.000    0.005    0.000 py2cpp.py:399(is_on_cvar_relay)
     2017    0.000    0.000    0.000    0.000 utils.py:81(from_obj)
  313/243    0.000    0.000    0.008    0.000 parser.py:561(parse_compare)
     1268    0.000    0.000    0.000    0.000 entry.py:55(value)
      548    0.000    0.000    0.003    0.000 py2cpp.py:402(is_on_cvar_exchanger)
      413    0.000    0.000    0.246    0.001 reflection.py:197(_function_returns)
  343/265    0.000    0.000    0.007    0.000 parser.py:626(parse_unary)
       92    0.000    0.000    0.116    0.001 symbols.py:651(each_binary_operator)
      894    0.000    0.000    0.008    0.000 statement_compound.py:274(alias_symbol)
     1320    0.000    0.000    0.000    0.000 compiler.py:474(newline)
      591    0.000    0.000    0.004    0.000 py2cpp.py:396(is_this_access)
      997    0.000    0.000    0.003    0.000 py2cpp.py:745(on_fallback)
      668    0.000    0.000    0.000    0.000 binary_operator.j2:4(root)
      204    0.000    0.000    0.000    0.000 idtracking.py:86(copy)
      142    0.000    0.000    0.001    0.000 nodes.py:588(from_untrusted)
      997    0.000    0.000    0.002    0.000 {method 'extend' of 'collections.deque' objects}
      258    0.000    0.000    0.000    0.000 query.py:160(expand)
   122/17    0.000    0.000    0.000    0.000 _compiler.py:37(_compile)
      373    0.000    0.000    0.001    0.000 async_utils.py:34(wrapper)
      148    0.000    0.000    0.022    0.000 symbol.py:307(__repr__)
     1314    0.000    0.000    0.001    0.000 lexer.py:374(skip_if)
     1771    0.000    0.000    0.000    0.000 {method 'extend' of 'list' objects}
      312    0.000    0.000    0.002    0.000 primary.py:285(receiver)
      246    0.000    0.000    0.000    0.000 compiler.py:1590(visit_Name)
     1314    0.000    0.000    0.001    0.000 lexer.py:365(next_if)
      702    0.000    0.000    0.000    0.000 func_call_cast_bin_to_bin.j2:4(root)
     1809    0.000    0.000    0.000    0.000 {method 'keys' of 'dict' objects}
     2436    0.000    0.000    0.000    0.000 {method 'end' of 're.Match' objects}
     1663    0.000    0.000    0.000    0.000 render.py:56(__indentation)
      601    0.000    0.000    0.000    0.000 enum.py:193(__get__)
      247    0.000    0.000    0.003    0.000 primary.py:100(declare)
  813/671    0.000    0.000    0.000    0.000 symbol.py:538(decl)
      124    0.000    0.000    0.000    0.000 nodes.py:238(__eq__)
      272    0.000    0.000    0.002    0.000 statement_compound.py:625(_make_namespace)
      889    0.000    0.000    0.000    0.000 {method 'keys' of 'mappingproxy' objects}
      118    0.000    0.000    0.002    0.000 symbols.py:517(on_indexer)
      567    0.000    0.000    0.005    0.000 lexer.py:401(expect)
     1813    0.000    0.000    0.000    0.000 {built-in method builtins.callable}
     1371    0.000    0.000    0.000    0.000 {built-in method builtins.max}
      650    0.000    0.000    0.000    0.000 {method 'groupdict' of 're.Match' objects}
       97    0.000    0.000    0.000    0.000 symbols.py:697(operator_to_method_name)
     2086    0.000    0.000    0.000    0.000 symbol.py:699(decl)
      156    0.000    0.000    0.002    0.000 query.py:92(ancestor)
  160/137    0.000    0.000    0.012    0.000 symbol.py:269(_clone)
  173/167    0.000    0.000    0.020    0.000 symbols.py:265(__resolve_raw_recursive)
     1209    0.000    0.000    0.000    0.000 environment.py:480(getattr)
      696    0.000    0.000    0.000    0.000 reflection.py:348(__init__)
      128    0.000    0.000    1.001    0.008 resolve_unknown.py:50(resolver)
      702    0.000    0.000    0.000    0.000 literal.py:33(literal_identifier)
      500    0.000    0.000    0.002    0.000 primary.py:299(domain_name)
      344    0.000    0.000    0.001    0.000 doc_string.j2:4(root)
      302    0.000    0.000    0.001    0.000 filters.py:538(sync_do_join)
       37    0.000    0.000    0.003    0.000 compiler.py:538(pull_dependencies)
      273    0.000    0.000    0.001    0.000 class_method.j2:4(root)
      338    0.000    0.000    0.000    0.000 compiler.py:1431(_output_child_to_const)
      193    0.000    0.000    0.002    0.000 statement_compound.py:501(__org_inherits)
     1663    0.000    0.000    0.000    0.000 <frozen _collections_abc>:845(__init__)
      448    0.000    0.000    0.001    0.000 symbols.py:744(on_integer)
      373    0.000    0.000    0.000    0.000 async_utils.py:24(is_async)
      252    0.000    0.000    0.105    0.000 reflection.py:186(returns)
      102    0.000    0.000    0.040    0.000 py2cpp.py:469(on_var_of_type)
      890    0.000    0.000    0.000    0.000 {built-in method _functools.cmp_to_key}
      603    0.000    0.000    0.002    0.000 operator.py:28(elements)
      128    0.000    0.000    0.003    0.000 resolve_unknown.py:76(unpack_value)
  335/265    0.000    0.000    0.007    0.000 parser.py:595(parse_concat)
       22    0.000    0.000    0.004    0.000 compiler.py:1157(visit_For)
      128    0.000    0.000    0.001    0.000 di.py:347(resolve)
      108    0.000    0.000    0.008    0.000 py2cpp.py:695(proc_binary_operator_expression)
     1395    0.000    0.000    0.000    0.000 {method 'append' of 'collections.deque' objects}
       26    0.000    0.000    0.002    0.000 comment.py:48(parse)
      212    0.000    0.000    0.000    0.000 parser.py:989(flush_data)
       37    0.000    0.000    0.001    0.000 loaders.py:192(get_source)
      384    0.000    0.000    0.000    0.000 module.py:53(fullyname)
    39/35    0.000    0.000    0.012    0.000 parser.py:253(parse_if)
   124/86    0.000    0.000    0.005    0.000 compiler.py:44(new_func)
      277    0.000    0.000    0.001    0.000 path.py:127(contains)
  316/243    0.000    0.000    0.008    0.000 parser.py:555(parse_not)
     1623    0.000    0.000    0.000    0.000 symbol.py:672(decl)
      137    0.000    0.000    0.000    0.000 reflection.py:323(apply)
       73    0.000    0.000    0.001    0.000 filters.py:784(do_indent)
     1478    0.000    0.000    0.000    0.000 filters.py:822(<genexpr>)
      247    0.000    0.000    0.002    0.000 path.py:104(parent_tag)
      353    0.000    0.000    0.035    0.000 symbols.py:134(type_of_constructor)
      353    0.000    0.000    0.234    0.001 reflection.py:258(returns)
      384    0.000    0.000    0.000    0.000 di.py:309(__symbolize)
  309/239    0.000    0.000    0.008    0.000 parser.py:546(parse_and)
      183    0.000    0.000    0.003    0.000 statement_compound.py:469(inherits)
      118    0.000    0.000    0.000    0.000 environment.py:493(_filter_test_common)
      378    0.000    0.000    0.001    0.000 primary.py:330(type_name)
      137    0.000    0.000    0.000    0.000 reflection.py:305(make_updates)
     1539    0.000    0.000    0.000    0.000 terminal.py:30(domain_name)
      272    0.000    0.000    0.002    0.000 statement_compound.py:317(ancestor_classes)
      128    0.000    0.000    0.000    0.000 di.py:169(__pluck_annotations)
    55/37    0.000    0.000    0.002    0.000 idtracking.py:252(visit_If)
      573    0.000    0.000    0.000    0.000 {method 'update' of 'dict' objects}
      550    0.000    0.000    0.000    0.000 lexer.py:340(__bool__)
       99    0.000    0.000    0.040    0.000 reflection.py:165(parameter)
      258    0.000    0.000    0.001    0.000 node.py:352(_under_expand)
      180    0.000    0.000    0.000    0.000 symbol.py:929(literal)
  309/239    0.000    0.000    0.009    0.000 parser.py:537(parse_or)
       76    0.000    0.000    0.000    0.000 compiler.py:1753(_filter_test_common)
      128    0.000    0.000    0.000    0.000 typing.py:1487(__getitem__)
      640    0.000    0.000    0.000    0.000 di.py:102(_acceptable_symbol)
       95    0.000    0.000    0.008    0.000 py2cpp.py:443(on_indexer)
      146    0.000    0.000    0.003    0.000 primary.py:234(class_symbol)
     1392    0.000    0.000    0.000    0.000 reflection.py:20(__init__)
      475    0.000    0.000    0.000    0.000 indexer.j2:4(root)
    52/17    0.000    0.000    0.001    0.000 _parser.py:451(_parse_sub)
       63    0.000    0.000    0.000    0.000 {method 'split' of 're.Pattern' objects}
       52    0.000    0.000    0.000    0.000 comment.py:107(parse_attributes)
    74/52    0.000    0.000    0.016    0.000 parser.py:165(parse_statement)
      778    0.000    0.000    0.000    0.000 _parser.py:167(__getitem__)
       69    0.000    0.000    0.000    0.000 compiler.py:581(enter_frame)
       73    0.000    0.000    0.000    0.000 {method 'splitlines' of 'str' objects}
      177    0.000    0.000    0.001    0.000 statement_compound.py:428(is_property)
      156    0.000    0.000    0.002    0.000 node.py:340(_ancestor)
      112    0.000    0.000    0.000    0.000 {method 'decode' of 'bytes' objects}
       92    0.000    0.000    0.001    0.000 symbols.py:762(on_pair)
      180    0.000    0.000    0.000    0.000 symbol.py:755(__init__)
   101/80    0.000    0.000    0.011    0.000 parser.py:194(parse_statements)
       37    0.000    0.000    0.060    0.002 environment.py:728(compile)
  335/265    0.000    0.000    0.007    0.000 parser.py:605(parse_math2)
       72    0.000    0.000    0.001    0.000 symbols.py:765(on_list)
    67/58    0.000    0.000    0.000    0.000 nodes.py:748(as_const)
  335/265    0.000    0.000    0.007    0.000 parser.py:584(parse_math1)
       37    0.000    0.000    0.061    0.002 loaders.py:107(load)
       63    0.000    0.000    0.001    0.000 statement_compound.py:254(statements)
       38    0.000    0.000    0.000    0.000 {method 'read' of '_io.BufferedReader' objects}
   146/44    0.000    0.000    0.000    0.000 _parser.py:177(getwidth)
       45    0.000    0.000    0.002    0.000 parser.py:862(parse_call_args)
        1    0.000    0.000    3.814    3.814 py2cpp.py:52(translate)
       55    0.000    0.000    0.000    0.000 idtracking.py:120(branch_update)
    39/35    0.000    0.000    0.006    0.000 compiler.py:1296(visit_If)
      256    0.000    0.000    0.001    0.000 di.py:288(can_resolve)
       33    0.000    0.000    0.002    0.000 parser.py:918(parse_filter)
  127/123    0.000    0.000    0.008    0.000 symbol.py:744(clone)
  335/265    0.000    0.000    0.007    0.000 parser.py:616(parse_pow)
      889    0.000    0.000    0.000    0.000 eventemitter.py:35(__init__)
      254    0.000    0.000    0.001    0.000 statement_simple.py:28(value)
      409    0.000    0.000    0.000    0.000 nodes.py:470(as_const)
      140    0.000    0.000    0.001    0.000 filters.py:1753(select_or_reject)
      226    0.000    0.000    0.000    0.000 parameter.j2:4(root)
      142    0.000    0.000    0.000    0.000 if.j2:4(root)
      127    0.000    0.000    1.985    0.016 py2cpp.py:307(on_move_assign)
  145/142    0.000    0.000    0.000    0.000 compiler.py:125(has_safe_repr)
  232/179    0.000    0.000    0.006    0.000 parser.py:522(parse_condexpr)
  343/298    0.000    0.000    0.002    0.000 parser.py:771(parse_postfix)
      246    0.000    0.000    0.000    0.000 idtracking.py:238(visit_Name)
   138/37    0.000    0.000    0.011    0.000 compiler.py:442(blockvisit)
      165    0.000    0.000    0.009    0.000 finder.py:83(by_symbolic)
      188    0.000    0.000    0.000    0.000 dict.j2:4(root)
      206    0.000    0.000    0.000    0.000 var_of_type.j2:4(root)
       26    0.000    0.000    0.001    0.000 comment.py:90(split_block)
      999    0.000    0.000    0.000    0.000 {method 'popleft' of 'collections.deque' objects}
      456    0.000    0.000    0.000    0.000 list.j2:4(root)
  165/111    0.000    0.000    0.001    0.000 idtracking.py:256(inner_visit)
      113    0.000    0.000    0.000    0.000 compiler.py:168(__init__)
      149    0.000    0.000    0.000    0.000 cvars.py:181(keys)
      169    0.000    0.000    0.000    0.000 lexer.py:290(test_any)
      277    0.000    0.000    0.001    0.000 terminal.py:17(can_expand)
      199    0.000    0.000    0.000    0.000 symbol.py:596(extends)
  309/239    0.000    0.000    0.009    0.000 parser.py:513(parse_expression)
      106    0.000    0.000    0.000    0.000 symbols.py:498(<lambda>)
      128    0.000    0.000    1.002    0.008 di.py:211(<lambda>)
       48    0.000    0.000    0.000    0.000 compiler.py:481(signature)
      270    0.000    0.000    0.000    0.000 compiler.py:281(visit_Name)
       50    0.000    0.000    0.000    0.000 statement_compound.py:345(parameters)
       37    0.000    0.000    0.000    0.000 {method 'close' of '_io.BufferedReader' objects}
       22    0.000    0.000    0.005    0.000 parser.py:234(parse_for)
      223    0.000    0.000    0.000    0.000 idtracking.py:116(load)
      137    0.000    0.000    0.000    0.000 comment.py:68(__trim_description)
       47    0.000    0.000    0.001    0.000 parser.py:799(parse_subscript)
       21    0.000    0.000    0.026    0.001 py2cpp.py:204(on_class_method)
       37    0.000    0.000    0.028    0.001 compiler.py:101(generate)
       21    0.000    0.000    0.020    0.001 py2cpp.py:111(unpack_function_template_types)
       99    0.000    0.000    0.000    0.000 symbols.py:684(<lambda>)
      264    0.000    0.000    0.000    0.000 lexer.py:596(_normalize_newlines)
      127    0.000    0.000    0.000    0.000 symbol.py:722(__init__)
      326    0.000    0.000    0.000    0.000 {method 'groups' of 're.Match' objects}
    38/33    0.000    0.000    0.001    0.000 compiler.py:1795(visit_Filter)
  484/470    0.000    0.000    0.000    0.000 idtracking.py:68(find_ref)
      826    0.000    0.000    0.000    0.000 symbols.py:601(on_argument)
       37    0.000    0.000    0.023    0.001 parser.py:1028(parse)
      256    0.000    0.000    0.000    0.000 di.py:129(__find_symbol)
      250    0.000    0.000    0.000    0.000 parser.py:148(is_tuple_end)
       16    0.000    0.000    0.010    0.001 symbols.py:399(on_for_in)
      185    0.000    0.000    0.001    0.000 primary.py:513(class_type)
      111    0.000    0.000    0.000    0.000 environment.py:457(iter_extensions)
      137    0.000    0.000    0.000    0.000 compiler.py:1376(_make_finalize)
       59    0.000    0.000    0.003    0.000 compiler.py:142(find_undeclared)
       74    0.000    0.000    0.022    0.000 symbol.py:288(__eq__)
       37    0.000    0.000    0.000    0.000 compiler.py:301(__init__)
       21    0.000    0.000    0.018    0.001 reflection.py:225(templates)
      122    0.000    0.000    0.000    0.000 {method 'fullmatch' of 're.Pattern' objects}
       37    0.000    0.000    0.000    0.000 <frozen posixpath>:71(join)
      223    0.000    0.000    0.000    0.000 reflection.py:362(case)
      522    0.000    0.000    0.000    0.000 {method 'isidentifier' of 'str' objects}
      591    0.000    0.000    0.000    0.000 enum.py:1242(name)
      118    0.000    0.000    0.000    0.000 filters.py:1750(<lambda>)
      101    0.000    0.000    0.000    0.000 compiler.py:1629(visit_Const)
      317    0.000    0.000    0.000    0.000 lexer.py:292(<genexpr>)
      146    0.000    0.000    0.004    0.000 py2cpp.py:427(on_class_ref)
  335/305    0.000    0.000    0.002    0.000 parser.py:784(parse_filter_expr)
       37    0.000    0.000    0.001    0.000 lexer.py:323(__init__)
       37    0.000    0.000    0.025    0.001 environment.py:613(_parse)
       68    0.000    0.000    0.000    0.000 filters.py:1719(prepare_select_or_reject)
      140    0.000    0.000    0.000    0.000 idtracking.py:50(_define_ref)
       40    0.000    0.000    0.000    0.000 enum.j2:4(root)
      180    0.000    0.000    0.000    0.000 <frozen importlib._bootstrap>:645(parent)
      262    0.000    0.000    0.001    0.000 statement_simple.py:15(_elements)
       69    0.000    0.000    0.004    0.000 idtracking.py:46(analyze_node)
       38    0.000    0.000    0.000    0.000 utils.py:519(__setitem__)
      132    0.000    0.000    0.000    0.000 symbols.py:388(on_fallback)
      195    0.000    0.000    0.000    0.000 compiler.py:1424(_output_const_repr)
       38    0.000    0.000    0.000    0.000 {built-in method builtins.exec}
      137    0.000    0.000    0.028    0.000 reflection.py:294(unpack_symbols)
      277    0.000    0.000    0.001    0.000 node.py:85(tag)
       18    0.000    0.000    0.006    0.000 py2cpp.py:145(on_for)
       45    0.000    0.000    0.002    0.000 cvars.py:190(key_from)
       37    0.000    0.000    0.002    0.000 environment.py:656(_tokenize)
       56    0.000    0.000    0.000    0.000 literal.py:128(items)
       95    0.000    0.000    0.004    0.000 py2cpp.py:451(analyze_indexer_spec)
      256    0.000    0.000    0.000    0.000 di.py:299(__can_resolve)
      128    0.000    0.000    0.000    0.000 di.py:82(resolve)
      220    0.000    0.000    0.001    0.000 literal.py:115(values)
       65    0.000    0.000    0.003    0.000 py2cpp.py:299(on_parameter)
      112    0.000    0.000    0.001    0.000 statement_simple.py:34(symbols)
      213    0.000    0.000    0.001    0.000 primary.py:290(key)
      408    0.000    0.000    0.000    0.000 {method 'copy' of 'dict' objects}
       53    0.000    0.000    0.000    0.000 nodes.py:716(args_as_const)
      325    0.000    0.000    0.000    0.000 lexer.py:732(<genexpr>)
      122    0.000    0.000    0.001    0.000 __init__.py:168(fullmatch)
      189    0.000    0.000    0.000    0.000 nodes.py:612(as_const)
       37    0.000    0.000    0.028    0.001 environment.py:677(_generate)
      445    0.000    0.000    0.000    0.000 _parser.py:239(__next)
       69    0.000    0.000    0.144    0.002 py2cpp.py:659(on_sum)
      375    0.000    0.000    0.000    0.000 {method 'strip' of 'str' objects}
      296    0.000    0.000    0.000    0.000 {built-in method builtins.repr}
      247    0.000    0.000    0.000    0.000 idtracking.py:77(ref)
       37    0.000    0.000    0.001    0.000 lexer.py:602(tokenize)
       10    0.000    0.000    0.002    0.000 compiler.py:1335(visit_FilterBlock)
      118    0.000    0.000    0.000    0.000 environment.py:568(call_test)
      166    0.000    0.000    0.000    0.000 {method 'index' of 'list' objects}
    68/62    0.000    0.000    0.000    0.000 nodes.py:863(as_const)
    77/68    0.000    0.000    0.000    0.000 nodes.py:795(as_const)
       26    0.000    0.000    0.000    0.000 comment.py:130(parse_returns)
      284    0.000    0.000    0.000    0.000 _parser.py:260(get)
      141    0.000    0.000    0.000    0.000 compiler.py:1452(_output_child_pre)
      626    0.000    0.000    0.000    0.000 py2cpp.py:624(on_argument)
       47    0.000    0.000    0.003    0.000 idtracking.py:178(_simple_visit)
       17    0.000    0.000    0.000    0.000 _compiler.py:509(_compile_info)
      299    0.000    0.000    0.000    0.000 symbol.py:806(role)
       95    0.000    0.000    0.001    0.000 py2cpp.py:452(is_on_cvar_relay)
      268    0.000    0.000    0.000    0.000 symbol.py:771(role)
      145    0.000    0.000    0.001    0.000 py2cpp.py:740(on_terminal)
       85    0.000    0.000    0.000    0.000 comment.py:79(__each_trim)
      128    0.000    0.000    0.000    0.000 di.py:154(__to_annotated)
       37    0.000    0.000    0.000    0.000 loaders.py:25(split_template_path)
      118    0.000    0.000    0.000    0.000 filters.py:1744(func)
      185    0.000    0.000    0.001    0.000 py2cpp.py:366(on_decl_local_var)
       37    0.000    0.000    0.000    0.000 environment.py:1210(from_code)
    45/43    0.000    0.000    0.000    0.000 nodes.py:839(as_const)
       37    0.000    0.000    0.000    0.000 environment.py:1241(_from_namespace)
       39    0.000    0.000    0.000    0.000 compiler.py:219(copy)
       66    0.000    0.000    0.000    0.000 _parser.py:371(_escape)
       17    0.000    0.000    0.002    0.000 _compiler.py:738(compile)
       65    0.000    0.000    0.000    0.000 element.py:28(default_value)
      179    0.000    0.000    0.000    0.000 statement_compound.py:23(statements)
      239    0.000    0.000    0.000    0.000 symbol.py:463(decl)
       30    0.000    0.000    0.002    0.000 py2cpp.py:369(on_types_name)
      287    0.000    0.000    0.000    0.000 {built-in method builtins.min}
       30    0.000    0.000    0.000    0.000 statement_compound.py:246(comment)
      185    0.000    0.000    0.000    0.000 {method 'rpartition' of 'str' objects}
       92    0.000    0.000    0.000    0.000 filters.py:175(do_replace)
      113    0.000    0.000    0.000    0.000 idtracking.py:31(__init__)
       37    0.000    0.000    0.000    0.000 environment.py:640(preprocess)
      103    0.000    0.000    0.008    0.000 symbols.py:535(on_var_of_type)
       90    0.000    0.000    0.000    0.000 for_range.j2:4(root)
       26    0.000    0.000    0.007    0.000 py2cpp.py:712(on_doc_string)
      256    0.000    0.000    0.000    0.000 _parser.py:175(append)
      192    0.000    0.000    0.000    0.000 compiler.py:941(<genexpr>)
       93    0.000    0.000    0.001    0.000 statement_compound.py:258(_org_statements)
       99    0.000    0.000    0.000    0.000 unary_operator.j2:4(root)
    27/19    0.000    0.000    0.000    0.000 sequence.py:66(update)
       60    0.000    0.000    0.000    0.000 symbols.py:587(<lambda>)
       43    0.000    0.000    0.000    0.000 cvars.py:209(to_accessor)
       37    0.000    0.000    0.000    0.000 utils.py:155(open_if_exists)
      104    0.000    0.000    0.000    0.000 statement_compound.py:132(for_in)
       17    0.000    0.000    0.001    0.000 _parser.py:970(parse)
       23    0.000    0.000    0.000    0.000 parser.py:471(parse_assign_target)
      144    0.000    0.000    0.000    0.000 literal.py:97(first)
       23    0.000    0.000    0.000    0.000 nodes.py:204(set_ctx)
      254    0.000    0.000    0.000    0.000 _parser.py:163(__len__)
       18    0.000    0.000    0.000    0.000 _compiler.py:241(_optimize_charset)
      128    0.000    0.000    0.000    0.000 di.py:31(__inner_binded)
       16    0.000    0.000    0.000    0.000 symbols.py:769(on_dict)
      141    0.000    0.000    0.000    0.000 compiler.py:1468(_output_child_post)
       38    0.000    0.000    0.000    0.000 contextlib.py:303(helper)
       65    0.000    0.000    0.000    0.000 element.py:23(var_type)
       37    0.000    0.000    0.000    0.000 compiler.py:720(write_commons)
       37    0.000    0.000    0.002    0.000 parser.py:51(__init__)
      428    0.000    0.000    0.000    0.000 nodes.py:92(get_eval_context)
      267    0.000    0.000    0.000    0.000 {method 'discard' of 'set' objects}
       26    0.000    0.000    0.002    0.000 literal.py:75(data)
       86    0.000    0.000    0.001    0.000 statement_compound.py:142(iterates)
       48    0.000    0.000    0.000    0.000 for.j2:4(root)
       69    0.000    0.000    0.000    0.000 compiler.py:597(leave_frame)
       70    0.000    0.000    0.000    0.000 filters.py:1507(sync_do_select)
       38    0.000    0.000    0.000    0.000 contextlib.py:108(__init__)
      144    0.000    0.000    0.000    0.000 literal.py:102(second)
       75    0.000    0.000    0.000    0.000 func_call_print.j2:4(root)
       37    0.000    0.000    0.001    0.000 lexer.py:426(get_lexer)
       37    0.000    0.000    0.000    0.000 <frozen posixpath>:408(normpath)
      110    0.000    0.000    0.000    0.000 literal.py:120(literal_identifier)
       53    0.000    0.000    0.000    0.000 primary.py:558(domain_name)
       51    0.000    0.000    0.000    0.000 statement_compound.py:126(symbols)
      204    0.000    0.000    0.000    0.000 {method 'copy' of 'set' objects}
       76    0.000    0.000    0.000    0.000 compiler.py:226(inner)
       26    0.000    0.000    0.000    0.000 {method 'findall' of 're.Pattern' objects}
       68    0.000    0.000    0.000    0.000 operator.py:16(operator)
       46    0.000    0.000    0.000    0.000 statement_compound.py:91(else_block)
      128    0.000    0.000    0.000    0.000 di.py:21(can_resolve)
       37    0.000    0.000    0.000    0.000 environment.py:1107(make_globals)
      215    0.000    0.000    0.000    0.000 _parser.py:255(match)
       75    0.000    0.000    0.000    0.000 statement_compound.py:370(block)
       50    0.000    0.000    0.000    0.000 compiler.py:495(<genexpr>)
       69    0.000    0.000    0.000    0.000 idtracking.py:175(__init__)
       37    0.000    0.000    0.000    0.000 lexer.py:395(close)
       50    0.000    0.000    0.001    0.000 statement_compound.py:364(statements)
      124    0.000    0.000    0.000    0.000 primary.py:525(iterates)
       37    0.000    0.000    0.000    0.000 <frozen genericpath>:27(isfile)
       38    0.000    0.000    0.003    0.000 py2cpp.py:724(on_list)
      144    0.000    0.000    0.000    0.000 literal.py:107(literal_identifier)
       76    0.000    0.000    0.000    0.000 {method 'encode' of 'str' objects}
       77    0.000    0.000    0.003    0.000 parser.py:710(parse)
      136    0.000    0.000    0.000    0.000 enum.py:1222(__hash__)
       25    0.000    0.000    0.000    0.000 accessor.py:4(to_access)
       59    0.000    0.000    0.000    0.000 compiler.py:277(__init__)
  226/223    0.000    0.000    0.000    0.000 idtracking.py:59(find_load)
       60    0.000    0.000    0.012    0.000 reflection.py:239(returns)
       17    0.000    0.000    0.001    0.000 _compiler.py:571(_code)
       65    0.000    0.000    0.000    0.000 element.py:17(symbol)
    25/15    0.000    0.000    0.000    0.000 _compiler.py:434(_get_literal_prefix)
      118    0.000    0.000    0.000    0.000 {built-in method _operator.ne}
      231    0.000    0.000    0.000    0.000 compiler.py:418(outdent)
      333    0.000    0.000    0.000    0.000 primary.py:304(type_name)
    19/18    0.000    0.000    0.000    0.000 compiler.py:1722(visit_Getitem)
       44    0.000    0.000    0.000    0.000 closure.j2:4(root)
        1    0.000    0.000    0.001    0.001 lexer.py:477(__init__)
      231    0.000    0.000    0.000    0.000 compiler.py:414(indent)
       16    0.000    0.000    0.002    0.000 symbols.py:417(resolve)
       33    0.000    0.000    0.000    0.000 symbols.py:588(<lambda>)
      142    0.000    0.000    0.000    0.000 reflection.py:66(is_a)
      301    0.000    0.000    0.000    0.000 nodes.py:585(as_const)
       22    0.000    0.000    0.000    0.000 compiler.py:1698(visit_Compare)
       46    0.000    0.000    0.000    0.000 statement_compound.py:76(else_ifs)
      148    0.000    0.000    0.000    0.000 {method 'rstrip' of 'str' objects}
      162    0.000    0.000    0.000    0.000 symbol.py:738(role)
       38    0.000    0.000    0.000    0.000 contextlib.py:136(__enter__)
    28/25    0.000    0.000    0.000    0.000 compiler.py:1710(visit_Getattr)
        2    0.000    0.000    0.000    0.000 {method '__exit__' of '_io._IOBase' objects}
       52    0.000    0.000    0.054    0.001 symbols.py:645(on_sum)
       19    0.000    0.000    0.001    0.000 parser.py:830(parse_subscribed)
       42    0.000    0.000    0.000    0.000 primary.py:336(template_types)
       10    0.000    0.000    0.003    0.000 parser.py:433(parse_filter_block)
       11    0.000    0.000    0.000    0.000 nodes.py:885(as_const)
      122    0.000    0.000    0.000    0.000 reflection.py:373(other_case)
       37    0.000    0.000    0.000    0.000 compiler.py:608(func)
       23    0.000    0.000    0.004    0.000 py2cpp.py:136(on_if)
       46    0.000    0.000    0.000    0.000 statement_compound.py:81(else_statements)
       37    0.000    0.000    0.000    0.000 {method 'getvalue' of '_io.StringIO' objects}
       21    0.000    0.000    0.003    0.000 py2cpp.py:302(on_decorator)
       46    0.000    0.000    0.000    0.000 statement_compound.py:71(statements)
       25    0.000    0.000    0.001    0.000 statement_compound.py:238(access)
       19    0.000    0.000    0.000    0.000 dsn.py:66(shift)
       80    0.000    0.000    0.000    0.000 return.j2:4(root)
       21    0.000    0.000    0.000    0.000 decorator.j2:4(root)
      116    0.000    0.000    0.000    0.000 _parser.py:292(tell)
       22    0.000    0.000    0.000    0.000 idtracking.py:202(visit_For)
       37    0.000    0.000    0.000    0.000 {built-in method _functools.reduce}
      165    0.000    0.000    0.000    0.000 {method 'update' of 'set' objects}
       37    0.000    0.000    0.001    0.000 environment.py:452(lexer)
      113    0.000    0.000    0.000    0.000 runtime.py:249(get_all)
       38    0.000    0.000    0.000    0.000 contextlib.py:145(__exit__)
       46    0.000    0.000    0.000    0.000 statement_compound.py:87(block)
       21    0.000    0.000    0.000    0.000 py2cpp.py:121(<lambda>)
        9    0.000    0.000    0.002    0.000 py2cpp.py:155(proc_for_range)
       37    0.000    0.000    0.000    0.000 {built-in method posix._path_normpath}
       27    0.000    0.000    0.001    0.000 py2cpp.py:632(on_factor)
       13    0.000    0.000    0.000    0.000 _compiler.py:465(_get_charset_prefix)
        1    0.000    0.000    0.000    0.000 {method 'write' of '_io.BufferedWriter' objects}
        7    0.000    0.000    0.000    0.000 class.j2:4(root)
    21/12    0.000    0.000    0.000    0.000 {built-in method _abc._abc_subclasscheck}
       30    0.000    0.000    0.000    0.000 nodes.py:918(as_const)
       15    0.000    0.000    0.000    0.000 enum.py:1509(__and__)
    38/33    0.000    0.000    0.000    0.000 compiler.py:259(visit_Filter)
       39    0.000    0.000    0.000    0.000 compiler.py:232(soft)
       21    0.000    0.000    0.037    0.002 py2cpp.py:644(on_comparison)
       25    0.000    0.000    0.000    0.000 enum.py:1099(__new__)
      142    0.000    0.000    0.000    0.000 symbol.py:427(_raws)
       35    0.000    0.000    0.055    0.002 symbols.py:648(on_term)
       27    0.000    0.000    0.000    0.000 _parser.py:85(opengroup)
       42    0.000    0.000    0.000    0.000 literal.py:53(literal_identifier)
       68    0.000    0.000    0.000    0.000 operator.py:21(value)
       18    0.000    0.000    0.032    0.002 py2cpp.py:662(on_term)
       10    0.000    0.000    0.000    0.000 compiler.py:1840(visit_Call)
       20    0.000    0.000    0.001    0.000 py2cpp.py:329(on_return)
       36    0.000    0.000    0.000    0.000 statement_compound.py:137(statements)
       37    0.000    0.000    0.002    0.000 nodes.py:184(find)
      133    0.000    0.000    0.000    0.000 environment.py:461(getitem)
       10    0.000    0.000    0.000    0.000 parser.py:911(parse_call)
       36    0.000    0.000    0.000    0.000 statement_compound.py:146(block)
       99    0.000    0.000    0.000    0.000 compiler.py:762(get_resolve_func)
       52    0.000    0.000    0.000    0.000 py2cpp.py:721(on_pair)
       21    0.000    0.000    0.000    0.000 statement_compound.py:392(class_types)
       10    0.000    0.000    0.000    0.000 statement_compound.py:475(generic_types)
       22    0.000    0.000    0.000    0.000 compiler.py:1706(visit_Operand)
       26    0.000    0.000    0.000    0.000 __init__.py:240(split)
        1    0.000    0.000    0.000    0.000 {built-in method marshal.loads}
       25    0.000    0.000    0.000    0.000 enum.py:696(__call__)
       26    0.000    0.000    0.000    0.000 literal.py:70(plain)
       13    0.000    0.000    0.000    0.000 nodes.py:521(as_const)
      176    0.000    0.000    0.000    0.000 {built-in method builtins.ord}
      129    0.000    0.000    0.000    0.000 _parser.py:112(__init__)
       22    0.000    0.000    0.000    0.000 primary.py:417(template_types)
       26    0.000    0.000    0.000    0.000 __init__.py:269(findall)
       37    0.000    0.000    0.000    0.000 __init__.py:999(__init__)
       25    0.000    0.000    0.000    0.000 statement_compound.py:358(comment)
       37    0.000    0.000    0.007    0.000 environment.py:698(_compile)
       25    0.000    0.000    0.000    0.000 idtracking.py:112(declare_parameter)
       37    0.000    0.000    0.000    0.000 compiler.py:255(__init__)
       24    0.000    0.000    0.000    0.000 for_dict_items.j2:4(root)
       40    0.000    0.000    0.000    0.000 compiler.py:384(temporary_identifier)
       18    0.000    0.000    0.000    0.000 _compiler.py:214(_compile_charset)
       88    0.000    0.000    0.000    0.000 _parser.py:82(groups)
       77    0.000    0.000    0.000    0.000 {built-in method posix.fspath}
       53    0.000    0.000    0.000    0.000 primary.py:569(scope_part)
       20    0.000    0.000    0.000    0.000 typing.py:1156(__setattr__)
       23    0.000    0.000    0.000    0.000 py2cpp.py:344(on_comment)
      136    0.000    0.000    0.000    0.000 {built-in method builtins.hash}
       68    0.000    0.000    0.000    0.000 {method 'add' of 'set' objects}
       40    0.000    0.000    0.000    0.000 list_type.j2:4(root)
      127    0.000    0.000    0.000    0.000 symbol.py:732(via)
        2    0.000    0.000    0.000    0.000 typing.py:1017(_generic_class_getitem)
       25    0.000    0.000    0.000    0.000 statement_compound.py:353(return_type)
       33    0.000    0.000    0.000    0.000 _parser.py:171(__setitem__)
        2    0.000    0.000    0.000    0.000 compiler.py:1030(visit_Include)
      113    0.000    0.000    0.000    0.000 environment.py:938(join_path)
        1    0.000    0.000    0.004    0.004 py2cpp.py:260(on_class)
        4    0.000    0.000    0.000    0.000 statement_compound.py:444(binded_this)
       13    0.000    0.000    0.001    0.000 symbol.py:649(clone)
       11    0.000    0.000    0.000    0.000 py2cpp.py:483(on_custom_type)
       12    0.000    0.000    0.003    0.000 py2cpp.py:727(on_dict)
       26    0.000    0.000    0.000    0.000 comment.py:169(parse_note)
       45    0.000    0.000    0.000    0.000 cvars.py:137(is_raw_raw)
       78    0.000    0.000    0.000    0.000 symbol.py:812(context)
       10    0.000    0.000    0.001    0.000 py2cpp.py:474(on_list_type)
       27    0.000    0.000    0.000    0.000 _parser.py:97(closegroup)
        4    0.000    0.000    0.003    0.001 py2cpp.py:287(on_enum)
       10    0.000    0.000    0.003    0.000 symbol.py:711(clone)
        3    0.000    0.000    0.000    0.000 typing.py:1210(__init__)
       10    0.000    0.000    0.000    0.000 func_call_to_cvar.j2:4(root)
       26    0.000    0.000    0.000    0.000 <string>:1(<lambda>)
       23    0.000    0.000    0.000    0.000 statement_simple.py:123(text)
       17    0.000    0.000    0.000    0.000 {built-in method _sre.compile}
       28    0.000    0.000    0.000    0.000 literal.py:133(literal_identifier)
       38    0.000    0.000    0.000    0.000 {method 'find' of 'bytearray' objects}
       17    0.000    0.000    0.000    0.000 _parser.py:230(__init__)
       64    0.000    0.000    0.000    0.000 compiler.py:605(choose_async)
       37    0.000    0.000    0.000    0.000 <frozen posixpath>:41(_get_sep)
       26    0.000    0.000    0.000    0.000 _compiler.py:396(_simple)
      118    0.000    0.000    0.000    0.000 filters.py:1737(transfunc)
       22    0.000    0.000    0.000    0.000 idtracking.py:291(visit_For)
        3    0.000    0.000    0.000    0.000 _compiler.py:384(_mk_bitmap)
        1    0.000    0.000    0.000    0.000 statement_compound.py:580(collect)
       28    0.000    0.000    0.000    0.000 anno_assign.j2:4(root)
        1    0.000    0.000    0.000    0.000 {method 'disable' of '_lsprof.Profiler' objects}
      118    0.000    0.000    0.000    0.000 filters.py:1535(<lambda>)
       26    0.000    0.000    0.000    0.000 comment.py:180(parse_examples)
       19    0.000    0.000    0.000    0.000 symbols.py:747(on_float)
       37    0.000    0.000    0.000    0.000 {built-in method _stat.S_ISREG}
        4    0.000    0.000    0.002    0.001 py2cpp.py:254(on_closure)
        2    0.000    0.000    0.000    0.000 parser.py:341(parse_include)
        4    0.000    0.000    0.003    0.001 py2cpp.py:347(on_import)
       12    0.000    0.000    0.000    0.000 block.j2:4(root)
       16    0.000    0.000    0.000    0.000 py2cpp.py:709(on_string)
        1    0.000    0.000    0.000    0.000 __init__.py:71(search_function)
        3    0.000    0.000    0.002    0.001 py2cpp.py:164(proc_for_dict_items)
       30    0.000    0.000    0.000    0.000 dict_type.j2:4(root)
       10    0.000    0.000    0.001    0.000 lexer.py:481(c)
        1    0.000    0.000    0.000    0.000 <frozen importlib._bootstrap_external>:1077(get_code)
        8    0.000    0.000    0.000    0.000 statement_simple.py:134(import_symbols)
       30    0.000    0.000    0.001    0.000 primary.py:183(class_types)
        1    0.000    0.000    0.000    0.000 <frozen importlib._bootstrap_external>:1605(find_spec)
       18    0.000    0.000    0.000    0.000 statement_compound.py:496(block)
        4    0.000    0.000    0.000    0.000 _parser.py:273(getuntil)
       20    0.000    0.000    0.000    0.000 statement_simple.py:84(return_value)
       34    0.000    0.000    0.000    0.000 _compiler.py:568(isstring)
       28    0.000    0.000    0.000    0.000 literal.py:45(literal_identifier)
       26    0.000    0.000    0.000    0.000 comment.py:146(parse_raises)
        1    0.000    0.000    0.000    0.000 enum.py:1369(_missing_)
       13    0.000    0.000    0.000    0.000 statement_compound.py:490(statements)
       11    0.000    0.000    0.000    0.000 runtime.py:554(__next__)
       23    0.000    0.000    0.000    0.000 nodes.py:550(can_assign)
       10    0.000    0.000    0.000    0.000 enum.py:1499(__or__)
        1    0.000    0.000    0.000    0.000 <frozen importlib._bootstrap>:1234(_find_spec)
       16    0.000    0.000    0.000    0.000 import.j2:4(root)
       69    0.000    0.000    0.000    0.000 idtracking.py:235(__init__)
        9    0.000    0.000    0.000    0.000 compiler.py:1743(visit_Slice)
        1    0.000    0.000    0.000    0.000 {built-in method _io.open_code}
       10    0.000    0.000    0.000    0.000 compiler.py:389(buffer)
        1    0.000    0.000    0.000    0.000 __init__.py:43(normalize_encoding)
       46    0.000    0.000    0.000    0.000 _compiler.py:31(_combine_flags)
        1    0.000    0.000    0.000    0.000 for_range.j2:1(<module>)
        1    0.000    0.000    0.000    0.000 <frozen importlib._bootstrap>:1343(_find_and_load)
       13    0.000    0.000    0.000    0.000 symbol.py:621(__init__)
       18    0.000    0.000    0.000    0.000 tenary_operator.j2:4(root)
       17    0.000    0.000    0.000    0.000 _parser.py:954(fix_flags)
        1    0.000    0.000    0.000    0.000 parser.py:744(parse_list)
        8    0.000    0.000    0.000    0.000 symbols.py:589(<lambda>)
       21    0.000    0.000    0.000    0.000 py2cpp.py:360(on_decl_class_param)
        4    0.000    0.000    0.000    0.000 compiler.py:60(visitor)
        1    0.000    0.000    0.000    0.000 <frozen importlib._bootstrap>:1298(_find_and_load_unlocked)
       15    0.000    0.000    0.000    0.000 symbol.py:678(role)
       20    0.000    0.000    0.000    0.000 typing.py:1104(_is_dunder)
       50    0.000    0.000    0.000    0.000 parser.py:870(ensure)
       23    0.000    0.000    0.000    0.000 statement_compound.py:66(condition)
        1    0.000    0.000    0.000    0.000 render.py:26(flush)
       33    0.000    0.000    0.000    0.000 nodes.py:888(const)
        1    0.000    0.000    0.000    0.000 <frozen importlib._bootstrap>:304(acquire)
        1    0.000    0.000    0.000    0.000 filters.py:1320(sync_do_list)
        8    0.000    0.000    0.000    0.000 finder.py:24(by_object)
       10    0.000    0.000    0.000    0.000 symbol.py:481(clone)
       48    0.000    0.000    0.000    0.000 compiler.py:497(<genexpr>)
       53    0.000    0.000    0.000    0.000 nodes.py:720(<genexpr>)
    21/12    0.000    0.000    0.000    0.000 <frozen abc>:121(__subclasscheck__)
        1    0.000    0.000    0.000    0.000 compiler.py:1558(visit_Assign)
        1    0.000    0.000    0.011    0.011 py2cpp.py:186(on_list_comp)
        5    0.000    0.000    0.001    0.000 py2cpp.py:477(on_dict_type)
       19    0.000    0.000    0.000    0.000 compiler.py:1170(<genexpr>)
       24    0.000    0.000    0.000    0.000 symbol.py:705(role)
        6    0.000    0.000    0.000    0.000 func_call_len.j2:4(root)
        2    0.000    0.000    0.000    0.000 <frozen importlib._bootstrap_external>:497(cache_from_source)
        1    0.000    0.000    0.001    0.001 py2cpp.py:463(on_relay_of_type)
       10    0.000    0.000    0.000    0.000 statement_compound.py:300(_inherit_generic_types)
       37    0.000    0.000    0.000    0.000 compiler.py:939(<genexpr>)
        6    0.000    0.000    0.000    0.000 <frozen importlib._bootstrap_external>:126(_path_join)
        1    0.000    0.000    0.000    0.000 primary.py:601(binded_this)
        1    0.000    0.000    0.000    0.000 parser.py:223(parse_set)
       37    0.000    0.000    0.000    0.000 optimizer.py:27(__init__)
        6    0.000    0.000    0.000    0.000 py2cpp.py:635(on_not_compare)
        1    0.000    0.000    3.814    3.814 transpile.py:77(run)
        4    0.000    0.000    0.000    0.000 relay_of_type.j2:4(root)
       35    0.000    0.000    0.000    0.000 symbols.py:618(on_factor)
        1    0.000    0.000    0.000    0.000 typing.py:1501(__getitem_inner__)
       27    0.000    0.000    0.000    0.000 compiler.py:771(parameter_is_undeclared)
       12    0.000    0.000    0.000    0.000 compiler.py:422(start_write)
        3    0.000    0.000    0.000    0.000 runtime.py:401(__init__)
        1    0.000    0.000    0.000    0.000 <frozen importlib._bootstrap>:426(_get_module_lock)
       38    0.000    0.000    0.000    0.000 _compiler.py:426(_get_iscased)
        2    0.000    0.000    0.000    0.000 compiler.py:713(dump_local_context)
       10    0.000    0.000    0.000    0.000 idtracking.py:300(visit_FilterBlock)
        1    0.000    0.000    0.002    0.002 py2cpp.py:174(on_comp_for)
        8    0.000    0.000    0.000    0.000 symbols.py:83(get_object)
        1    0.000    0.000    0.000    0.000 compiler.py:781(pop_assign_tracking)
        3    0.000    0.000    0.000    0.000 typing.py:1117(__init__)
        4    0.000    0.000    0.001    0.000 py2cpp.py:323(on_anno_assign)
       17    0.000    0.000    0.000    0.000 _parser.py:76(__init__)
        1    0.000    0.000    0.000    0.000 unicode_escape.py:1(<module>)
       13    0.000    0.000    0.000    0.000 list_comp.j2:4(root)
        1    0.000    0.000    0.000    0.000 <frozen importlib._bootstrap>:733(_init_module_attrs)
        1    0.000    0.000    0.000    0.000 <frozen importlib._bootstrap_external>:1503(_get_spec)
        1    0.000    0.000    0.000    0.000 class.j2:1(<module>)
       10    0.000    0.000    0.000    0.000 primary.py:340(primary_type)
        3    0.000    0.000    0.001    0.000 py2cpp.py:704(on_tenary_operator)
        1    0.000    0.000    0.000    0.000 {built-in method builtins.__import__}
       11    0.000    0.000    0.000    0.000 symbol.py:637(role)
        3    0.000    0.000    0.000    0.000 compiler.py:84(visitor)
        1    0.000    0.000    0.000    0.000 <frozen importlib._bootstrap_external>:1004(exec_module)
        1    0.000    0.000    0.000    0.000 statement_compound.py:508(constructor_exists)
        1    0.000    0.000    0.000    0.000 lexer.py:211(compile_rules)
        1    0.000    0.000    0.000    0.000 <frozen importlib._bootstrap>:905(_load_unlocked)
        1    0.000    0.000    0.000    0.000 <frozen importlib._bootstrap>:806(module_from_spec)
        1    0.000    0.000    0.000    0.000 list_type.j2:1(<module>)
       10    0.000    0.000    0.000    0.000 expression.py:7(expression)
        2    0.000    0.000    0.000    0.000 lexer.py:352(look)
        1    0.000    0.000    0.000    0.000 <frozen importlib._bootstrap_external>:1600(_get_spec)
        4    0.000    0.000    0.000    0.000 statement_simple.py:42(receiver)
       10    0.000    0.000    0.001    0.000 __init__.py:286(compile)
        1    0.000    0.000    0.000    0.000 unicode_escape.py:37(getregentry)
        1    0.000    0.000    0.000    0.000 indexer.j2:1(<module>)
        1    0.000    0.000    0.000    0.000 <frozen importlib._bootstrap_external>:817(spec_from_file_location)
        8    0.000    0.000    0.000    0.000 binary_operator_fill_list.j2:4(root)
        5    0.000    0.000    0.007    0.001 symbols.py:630(on_comparison)
        5    0.000    0.000    0.000    0.000 comp_for.j2:4(root)
        3    0.000    0.000    0.000    0.000 _parser.py:448(_uniq)
        5    0.000    0.000    0.000    0.000 statement_compound.py:484(comment)
        1    0.000    0.000    0.000    0.000 <frozen importlib._bootstrap_external>:1198(get_data)
        1    0.000    0.000    0.000    0.000 binary_operator_fill_list.j2:1(<module>)
        1    0.000    0.000    0.000    0.000 func_call_print.j2:1(<module>)
        1    0.000    0.000    0.001    0.001 py2cpp.py:690(proc_binary_operator_fill_list)
        1    0.000    0.000    0.000    0.000 decorator.j2:1(<module>)
        3    0.000    0.000    0.000    0.000 enum.py:1349(_iter_member_by_value_)
        1    0.000    0.000    0.000    0.000 comp_for.j2:1(<module>)
        1    0.000    0.000    0.000    0.000 dict.j2:1(<module>)
       11    0.000    0.000    0.000    0.000 py2cpp.py:372(on_import_name)
        1    0.000    0.000    0.000    0.000 return.j2:1(<module>)
       31    0.000    0.000    0.000    0.000 node.py:95(domain_name)
        1    0.000    0.000    0.000    0.000 import.j2:1(<module>)
        1    0.000    0.000    0.000    0.000 for_dict_items.j2:1(<module>)
        1    0.000    0.000    0.000    0.000 binary_operator.j2:1(<module>)
        7    0.000    0.000    0.000    0.000 __init__.py:304(escape)
        1    0.000    0.000    0.000    0.000 class_method.j2:1(<module>)
        2    0.000    0.000    0.000    0.000 lexer.py:348(push)
        1    0.000    0.000    0.000    0.000 list_comp.j2:1(<module>)
        1    0.000    0.000    0.000    0.000 <frozen importlib._bootstrap>:416(__enter__)
        1    0.000    0.000    0.000    0.000 <frozen importlib._bootstrap>:124(setdefault)
        2    0.000    0.000    0.000    0.000 compiler.py:434(simple_write)
        1    0.000    0.000    0.000    0.000 typing.py:169(_type_check)
       10    0.000    0.000    0.000    0.000 primary.py:352(value_type)
        2    0.000    0.000    0.000    0.000 func_call_directive.j2:4(root)
        1    0.000    0.000    0.000    0.000 func_call_len.j2:1(<module>)
        1    0.000    0.000    0.000    0.000 tenary_operator.j2:1(<module>)
        1    0.000    0.000    0.000    0.000 for.j2:1(<module>)
        1    0.000    0.000    0.000    0.000 type_py2cpp.j2:1(<module>)
        2    0.000    0.000    0.000    0.000 _compiler.py:405(_generate_overlap_table)
        1    0.000    0.000    0.000    0.000 list.j2:1(<module>)
        4    0.000    0.000    0.000    0.000 nodes.py:994(as_const)
        1    0.000    0.000    0.000    0.000 func_call.j2:1(<module>)
        8    0.000    0.000    0.000    0.000 compiler.py:1366(_default_finalize)
        1    0.000    0.000    0.000    0.000 <frozen importlib._bootstrap_external>:626(_get_cached)
        3    0.000    0.000    0.000    0.000 typing.py:256(_collect_parameters)
        1    0.000    0.000    0.000    0.000 doc_string.j2:1(<module>)
        7    0.000    0.000    0.000    0.000 {method 'translate' of 'str' objects}
        1    0.000    0.000    0.000    0.000 enum.j2:1(<module>)
        1    0.000    0.000    0.000    0.000 func_call_directive.j2:1(<module>)
        1    0.000    0.000    0.000    0.000 block.j2:1(<module>)
        4    0.000    0.000    0.000    0.000 statement_simple.py:47(var_type)
        1    0.000    0.000    0.000    0.000 if.j2:1(<module>)
        1    0.000    0.000    0.000    0.000 unary_operator.j2:1(<module>)
        1    0.000    0.000    0.000    0.000 anno_assign.j2:1(<module>)
        1    0.000    0.000    0.000    0.000 typing.py:1483(copy_with)
        1    0.000    0.000    0.000    0.000 <frozen importlib._bootstrap_external>:766(_compile_bytecode)
        1    0.000    0.000    0.000    0.000 closure.j2:1(<module>)
        3    0.000    0.000    0.000    0.000 enum.py:114(_iter_bits_lsb)
        1    0.000    0.000    0.000    0.000 parameter.j2:1(<module>)
        1    0.000    0.000    0.000    0.000 func_call_to_cvar.j2:1(<module>)
        1    0.000    0.000    0.000    0.000 relay_of_type.j2:1(<module>)
        1    0.000    0.000    0.000    0.000 var_of_type.j2:1(<module>)
        1    0.000    0.000    0.000    0.000 relay.j2:1(<module>)
        3    0.000    0.000    0.000    0.000 enum.py:1359(_iter_member_by_def_)
        4    0.000    0.000    0.000    0.000 typing.py:1031(<genexpr>)
        4    0.000    0.000    0.000    0.000 statement_simple.py:130(import_path)
        2    0.000    0.000    0.000    0.000 primary.py:314(receiver)
        3    0.000    0.000    0.000    0.000 <frozen importlib._bootstrap_external>:84(_unpack_uint32)
        1    0.000    0.000    0.000    0.000 func_call_cast_bin_to_bin.j2:1(<module>)
        1    0.000    0.000    0.000    0.000 <frozen importlib._bootstrap>:372(release)
        1    0.000    0.000    0.000    0.000 move_assign.j2:1(<module>)
        3    0.000    0.000    0.000    0.000 primary.py:533(symbols)
        1    0.000    0.000    0.000    0.000 dict_type.j2:1(<module>)
        1    0.000    0.000    0.000    0.000 idtracking.py:94(store)
        1    0.000    0.000    0.000    0.000 statement_compound.py:297(_decl_vars_with)
        4    0.000    0.000    0.000    0.000 _parser.py:303(checkgroupname)
       16    0.000    0.000    0.000    0.000 symbols.py:431(<lambda>)
        1    0.000    0.000    0.000    0.000 <frozen importlib._bootstrap>:162(__enter__)
        5    0.000    0.000    0.000    0.000 primary.py:366(key_type)
        3    0.000    0.000    0.000    0.000 primary.py:544(iterates)
        2    0.000    0.000    0.000    0.000 primary.py:584(fors)
        2    0.000    0.000    0.000    0.000 <frozen importlib._bootstrap_external>:132(_path_split)
        1    0.000    0.000    0.000    0.000 nodes.py:648(as_const)
        2    0.000    0.000    0.000    0.000 lexer.py:459(__new__)
        4    0.000    0.000    0.000    0.000 primary.py:539(for_in)
        1    0.000    0.000    0.000    0.000 <frozen codecs>:94(__new__)
        4    0.000    0.000    0.000    0.000 statement_simple.py:52(value)
        2    0.000    0.000    0.000    0.000 parser.py:329(parse_import_context)
        6    0.000    0.000    0.000    0.000 operator.py:80(primary)
        1    0.000    0.000    0.000    0.000 <frozen importlib._bootstrap_external>:681(_classify_pyc)
        3    0.000    0.000    0.001    0.000 symbols.py:728(on_tenary_operator)
        1    0.000    0.000    0.000    0.000 <frozen importlib._bootstrap>:232(__init__)
        6    0.000    0.000    0.000    0.000 operator.py:85(condition)
        5    0.000    0.000    0.000    0.000 primary.py:377(primary_type)
       19    0.000    0.000    0.000    0.000 py2cpp.py:142(on_for_in)
        1    0.000    0.000    0.000    0.000 <frozen importlib._bootstrap_external>:1532(find_spec)
        1    0.000    0.000    0.000    0.000 lexer.py:360(skip)
        1    0.000    0.000    0.000    0.000 {built-in method builtins.all}
       10    0.000    0.000    0.000    0.000 symbol.py:417(__init__)
        8    0.000    0.000    0.000    0.000 {built-in method _operator.neg}
       12    0.000    0.000    0.000    0.000 compiler.py:429(end_write)
       14    0.000    0.000    0.000    0.000 {method 'isalnum' of 'str' objects}
        5    0.000    0.000    0.000    0.000 typing.py:160(_type_convert)
        1    0.000    0.000    0.000    0.000 <frozen importlib._bootstrap_external>:714(_validate_timestamp_pyc)
        6    0.000    0.000    0.000    0.000 operator.py:90(secondary)
        2    0.000    0.000    0.000    0.000 <frozen importlib._bootstrap>:480(_call_with_frames_removed)
        1    0.000    0.000    0.000    0.000 render.py:18(put)
        4    0.000    0.000    0.000    0.000 <frozen importlib._bootstrap_external>:134(<genexpr>)
        5    0.000    0.000    0.000    0.000 primary.py:371(value_type)
        2    0.000    0.000    0.000    0.000 idtracking.py:147(dump_stores)
        1    0.000    0.000    0.008    0.008 py2cpp.py:641(on_and_compare)
        3    0.000    0.000    0.000    0.000 runtime.py:423(_to_iterator)
        2    0.000    0.000    0.000    0.000 primary.py:579(projection)
        4    0.000    0.000    0.000    0.000 compiler.py:134(<genexpr>)
        3    0.000    0.000    0.000    0.000 {built-in method fromkeys}
        1    0.000    0.000    0.000    0.000 statement_compound.py:525(class_vars)
        1    0.000    0.000    0.000    0.000 <frozen importlib._bootstrap>:420(__exit__)
        1    0.000    0.000    0.000    0.000 <frozen importlib._bootstrap>:82(remove)
        3    0.000    0.000    0.000    0.000 <frozen importlib._bootstrap_external>:140(_path_stat)
       10    0.000    0.000    0.000    0.000 py2cpp.py:341(on_continue)
       13    0.000    0.000    0.000    0.000 {method 'isascii' of 'str' objects}
       13    0.000    0.000    0.000    0.000 symbol.py:643(via)
        2    0.000    0.000    0.000    0.000 <frozen importlib._bootstrap>:632(cached)
        2    0.000    0.000    0.000    0.000 general.py:30(statements)
        8    0.000    0.000    0.000    0.000 typing.py:1214(<genexpr>)
        3    0.000    0.000    0.000    0.000 {method 'translate' of 'bytearray' objects}
       10    0.000    0.000    0.000    0.000 enum.py:1247(value)
        1    0.000    0.000    0.001    0.001 py2cpp.py:128(on_entrypoint)
        1    0.000    0.000    0.000    0.000 <frozen importlib._bootstrap_external>:658(_check_name_wrapper)
        1    0.000    0.000    0.000    0.000 <frozen importlib._bootstrap>:74(__new__)
        7    0.000    0.000    0.000    0.000 <frozen importlib._bootstrap>:491(_verbose_message)
        5    0.000    0.000    0.000    0.000 {built-in method _imp.acquire_lock}
        1    0.000    0.000    0.000    0.000 primary.py:319(prop)
        4    0.000    0.000    0.000    0.000 py2cpp.py:735(on_group)
        1    0.000    0.000    0.000    0.000 unicode_escape.py:13(Codec)
        1    0.000    0.000    0.000    0.000 <frozen importlib._bootstrap>:173(__exit__)
        1    0.000    0.000    0.000    0.000 primary.py:590(condition)
        1    0.000    0.000    0.000    0.000 {built-in method _imp.is_builtin}
        1    0.000    0.000    0.000    0.000 compiler.py:777(push_assign_tracking)
        1    0.000    0.000    0.000    0.000 <frozen importlib._bootstrap_external>:159(_path_isfile)
        6    0.000    0.000    0.000    0.000 symbols.py:782(on_group)
        2    0.000    0.000    0.000    0.000 {method '__contains__' of 'frozenset' objects}
        3    0.000    0.000    0.000    0.000 typing.py:1510(<genexpr>)
        1    0.000    0.000    0.000    0.000 <frozen importlib._bootstrap>:79(__init__)
        1    0.000    0.000    0.000    0.000 {built-in method _imp.find_frozen}
        1    0.000    0.000    0.000    0.000 idtracking.py:286(visit_Assign)
        1    0.000    0.000    0.000    0.000 <frozen importlib._bootstrap>:445(cb)
        1    0.000    0.000    0.000    0.000 <frozen importlib._bootstrap>:1122(find_spec)
        1    0.000    0.000    0.000    0.000 <frozen importlib._bootstrap>:48(_new_module)
        1    0.000    0.000    0.000    0.000 statement_compound.py:529(this_vars)
        8    0.000    0.000    0.000    0.000 statement_compound.py:233(declare)
        3    0.000    0.000    0.000    0.000 {built-in method from_bytes}
        2    0.000    0.000    0.000    0.000 lexer.py:257(__init__)
        1    0.000    0.000    0.000    0.000 <frozen importlib._bootstrap>:976(find_spec)
        3    0.000    0.000    0.000    0.000 <frozen importlib._bootstrap>:1220(__exit__)
        3    0.000    0.000    0.000    0.000 <frozen importlib._bootstrap>:1216(__enter__)
        6    0.000    0.000    0.000    0.000 py2cpp.py:509(on_null_type)
        2    0.000    0.000    0.000    0.000 typing.py:289(_check_generic)
        1    0.000    0.000    0.000    0.000 <frozen importlib._bootstrap_external>:1217(path_stats)
        5    0.000    0.000    0.000    0.000 {built-in method _imp.release_lock}
        6    0.000    0.000    0.000    0.000 primary.py:439(domain_name)
        1    0.000    0.000    0.000    0.000 <frozen importlib._bootstrap_external>:1481(_path_importer_cache)
        2    0.000    0.000    0.000    0.000 {method 'rfind' of 'str' objects}
        1    0.000    0.000    0.000    0.000 <frozen importlib._bootstrap_external>:185(_path_abspath)
        1    0.000    0.000    0.000    0.000 <frozen importlib._bootstrap_external>:150(_path_is_mode_type)
        1    0.000    0.000    0.000    0.000 primary.py:563(fullyname)
        2    0.000    0.000    0.000    0.000 {method '__exit__' of '_thread.RLock' objects}
        1    0.000    0.000    0.000    0.000 literal.py:81(literal_identifier)
        2    0.000    0.000    0.000    0.000 compiler.py:714(<genexpr>)
        1    0.000    0.000    0.000    0.000 general.py:15(fullyname)
        1    0.000    0.000    0.000    0.000 unicode_escape.py:20(IncrementalEncoder)
        1    0.000    0.000    0.000    0.000 <frozen importlib._bootstrap>:599(__init__)
        2    0.000    0.000    0.000    0.000 {built-in method _thread.get_ident}
        1    0.000    0.000    0.000    0.000 unicode_escape.py:31(StreamReader)
        1    0.000    0.000    0.000    0.000 <frozen importlib._bootstrap_external>:180(_path_isabs)
        1    0.000    0.000    0.000    0.000 {method 'setdefault' of 'dict' objects}
        1    0.000    0.000    0.000    0.000 unicode_escape.py:24(IncrementalDecoder)
        1    0.000    0.000    0.000    0.000 {built-in method _thread.allocate_lock}
        3    0.000    0.000    0.000    0.000 runtime.py:551(__iter__)
        1    0.000    0.000    0.000    0.000 {built-in method _weakref._remove_dead_weakref}
        1    0.000    0.000    0.000    0.000 {method 'remove' of 'list' objects}
        1    0.000    0.000    0.000    0.000 <frozen importlib._bootstrap_external>:71(_relax_case)
        1    0.000    0.000    0.000    0.000 {built-in method _imp._fix_co_filename}
        2    0.000    0.000    0.000    0.000 enum.py:1366(<lambda>)
        1    0.000    0.000    0.000    0.000 <frozen importlib._bootstrap_external>:1168(__init__)
        1    0.000    0.000    0.000    0.000 <frozen importlib._bootstrap>:412(__init__)
        1    0.000    0.000    0.000    0.000 py2cpp.py:338(on_break)
        1    0.000    0.000    0.000    0.000 unicode_escape.py:28(StreamWriter)
        1    0.000    0.000    0.000    0.000 <frozen importlib._bootstrap>:158(__init__)
        1    0.000    0.000    0.000    0.000 <frozen importlib._bootstrap_external>:1001(create_module)
        1    0.000    0.000    0.000    0.000 <frozen importlib._bootstrap_external>:1193(get_filename)
        1    0.000    0.000    0.000    0.000 <frozen importlib._bootstrap>:653(has_location)
        1    0.000    0.000    0.000    0.000 py2cpp.py:715(on_truthy)


