         11830273 function calls (11535543 primitive calls) in 2.844 seconds

   Ordered by: cumulative time

   ncalls  tottime  percall  cumtime  percall filename:lineno(function)
        1    0.000    0.000    2.845    2.845 transpile.py:273(exec)
        1    0.000    0.000    2.844    2.844 py2cpp.py:93(transpile)
  66814/1    0.016    0.000    2.844    2.844 error.py:38(wrapper)
   1152/1    0.001    0.000    2.844    2.844 procedure.py:63(exec)
   1152/1    0.003    0.000    2.844    2.844 procedure.py:81(__exec_impl)
11263/4778    0.007    0.000    1.685    0.000 procedure.py:117(__process)
11263/4778    0.007    0.000    1.647    0.000 procedure.py:127(__action)
11263/4778    0.026    0.000    1.631    0.000 procedure.py:186(__run_action)
11263/4778    0.008    0.000    1.564    0.000 procedure.py:201(__emit_proxy)
11263/4778    0.011    0.000    1.560    0.000 eventemitter.py:80(emit)
130450/79770    0.014    0.000    1.284    0.000 {built-in method builtins.getattr}
11263/1152    0.003    0.000    1.252    0.001 node.py:208(procedural)
     1152    0.003    0.000    1.252    0.001 node.py:239(__procedural_ast)
11263/1152    0.011    0.000    1.232    0.001 node.py:222(__procedural_flow)
38396/38076    0.020    0.000    1.230    0.000 node.py:362(_children)
     5522    0.005    0.000    1.211    0.000 node.py:269(__prop_expand)
     5522    0.003    0.000    1.202    0.000 node.py:284(__prop_of_nodes)
221983/213353    0.029    0.000    1.186    0.000 memo.py:24(wrapper)
38396/38076    0.048    0.000    1.185    0.000 query.py:140(children)
2704/2572    0.002    0.000    1.150    0.000 reflections.py:121(type_of)
2813/2509    0.009    0.000    1.116    0.000 query.py:152(factory)
1151/1088    0.000    0.000    0.934    0.001 reflections.py:261(__resolve_procedural)
1151/1088    0.000    0.000    0.933    0.001 reflections.py:299(resolve)
    90497    0.038    0.000    0.750    0.000 __init__.py:329(_compile)
     2823    0.001    0.000    0.715    0.000 __init__.py:286(compile)
     2830    0.006    0.000    0.690    0.000 _compiler.py:738(compile)
      127    0.000    0.000    0.648    0.005 py2cpp.py:372(on_move_assign)
      127    0.000    0.000    0.648    0.005 py2cpp.py:378(proc_move_assign_single)
10411/9802    0.038    0.000    0.591    0.000 di.py:144(invoke)
6158/6052    0.002    0.000    0.562    0.000 reflections.py:204(resolve)
6327/6052    0.004    0.000    0.560    0.000 reflections.py:222(__resolve_raw)
6492/6387    0.018    0.000    0.553    0.000 finder.py:99(find_by_symbolic)
11980/11897    0.005    0.000    0.547    0.000 node.py:314(_at)
     2830    0.004    0.000    0.483    0.000 _parser.py:970(parse)
2866/2830    0.005    0.000    0.475    0.000 _parser.py:451(_parse_sub)
46927/46101    0.017    0.000    0.470    0.000 query.py:32(__resolve)
2901/2831    0.174    0.000    0.469    0.000 _parser.py:511(_parse)
    28291    0.011    0.000    0.459    0.000 statement_compound.py:197(domain_name)
46927/46101    0.017    0.000    0.435    0.000 resolver.py:35(resolve)
34042/26055    0.003    0.000    0.418    0.000 proxy.py:30(__new_raw_proxy)
57341/21806    0.039    0.000    0.417    0.000 node.py:122(scope)
3182/2822    0.001    0.000    0.367    0.000 proxy.py:99(decl)
     1789    0.001    0.000    0.363    0.000 reflections.py:149(__from_reference)
    15314    0.010    0.000    0.359    0.000 node.py:106(fullyname)
12580/6982    0.006    0.000    0.342    0.000 implements.py:338(attrs)
     7017    0.008    0.000    0.335    0.000 implements.py:365(_shared_origin)
     4869    0.004    0.000    0.327    0.000 primary.py:196(receiver)
    21831    0.013    0.000    0.324    0.000 statement_compound.py:445(symbol)
    14034    0.004    0.000    0.319    0.000 implements.py:261(org_fullyname)
      128    0.000    0.000    0.310    0.002 resolve_unknown.py:73(<lambda>)
      128    0.000    0.000    0.308    0.002 resolve_unknown.py:49(resolver)
      591    0.002    0.000    0.290    0.000 py2cpp.py:447(on_relay)
     1452    0.001    0.000    0.288    0.000 primary.py:19(label)
6109/5262    0.002    0.000    0.259    0.000 proxy.py:111(attrs)
   128404    0.048    0.000    0.236    0.000 node.py:158(parent)
3137/1067    0.004    0.000    0.232    0.000 sequence.py:34(expand)
    26763    0.011    0.000    0.222    0.000 statement_compound.py:254(actual_symbol)
      821    0.001    0.000    0.207    0.000 py2cpp.py:508(on_var)
     2830    0.003    0.000    0.197    0.000 _compiler.py:571(_code)
      930    0.001    0.000    0.195    0.000 template.py:188(unpack_templates)
      665    0.001    0.000    0.180    0.000 template.py:140(returns)
   128404    0.088    0.000    0.177    0.000 query.py:68(parent)
      309    0.001    0.000    0.172    0.001 py2cpp.py:584(on_func_call)
    26816    0.014    0.000    0.162    0.000 statement_compound.py:278(_dig_embedder)
      454    0.002    0.000    0.160    0.000 reflections.py:502(on_func_call)
    54538    0.018    0.000    0.155    0.000 node.py:153(tokens)
     1235    0.003    0.000    0.146    0.000 reflections.py:426(on_relay)
       92    0.000    0.000    0.140    0.002 reflections.py:595(each_binary_operator)
164189/163960    0.015    0.000    0.140    0.000 {built-in method builtins.hasattr}
       97    0.001    0.000    0.139    0.001 reflections.py:609(proc_binary_operator)
    54538    0.025    0.000    0.131    0.000 node.py:396(_values)
      309    0.001    0.000    0.129    0.000 py2cpp.py:641(analyze_func_call_spec)
    38889    0.022    0.000    0.123    0.000 string.py:15(snakelize)
    86405    0.032    0.000    0.121    0.000 __init__.py:182(sub)
     1035    0.000    0.000    0.118    0.000 reflections.py:460(on_var)
     1641    0.001    0.000    0.115    0.000 primary.py:434(arguments)
     1664    0.002    0.000    0.115    0.000 render.py:40(render)
    11263    0.012    0.000    0.114    0.000 procedure.py:218(__make_event)
    16785    0.024    0.000    0.111    0.000 node.py:163(prop_keys)
    32567    0.009    0.000    0.109    0.000 node.py:96(classification)
      264    0.000    0.000    0.108    0.000 primary.py:446(match_feature)
    54538    0.049    0.000    0.101    0.000 query.py:206(values)
     2830    0.009    0.000    0.099    0.000 _compiler.py:509(_compile_info)
    38203    0.014    0.000    0.099    0.000 node.py:302(_by)
5750/2830    0.055    0.000    0.094    0.000 _compiler.py:37(_compile)
      109    0.000    0.000    0.094    0.001 py2cpp.py:740(proc_binary_operator)
   219431    0.064    0.000    0.093    0.000 dsn.py:28(join)
     6322    0.011    0.000    0.092    0.000 node.py:477(dirty_proxify)
     1828    0.001    0.000    0.089    0.000 reflections.py:94(type_of_property)
       86    0.000    0.000    0.088    0.001 symbol_extends.py:75(<lambda>)
    27074    0.010    0.000    0.087    0.000 statement_compound.py:225(decorators)
       86    0.000    0.000    0.086    0.001 symbol_extends.py:87(extends_for_function)
   405256    0.053    0.000    0.086    0.000 _parser.py:260(get)
  1670785    0.085    0.000    0.085    0.000 {method 'append' of 'list' objects}
     6492    0.014    0.000    0.081    0.000 finder.py:173(__make_scopes)
   112055    0.033    0.000    0.076    0.000 path.py:57(joined)
     1803    0.001    0.000    0.076    0.000 environment.py:975(get_template)
     1803    0.002    0.000    0.074    0.000 environment.py:950(_load_template)
   396787    0.047    0.000    0.074    0.000 _parser.py:175(append)
    21894    0.008    0.000    0.073    0.000 statement_compound.py:453(decorators)
  418/377    0.000    0.000    0.070    0.000 naming.py:167(__make_impl)
   877012    0.066    0.000    0.070    0.000 {built-in method builtins.isinstance}
     4932    0.003    0.000    0.068    0.000 statement_compound.py:297(symbol)
       35    0.000    0.000    0.067    0.002 reflections.py:592(on_term)
      231    0.000    0.000    0.066    0.000 py2cpp.py:104(to_accessible_name)
      603    0.000    0.000    0.065    0.000 operator.py:28(elements)
    41379    0.013    0.000    0.065    0.000 query.py:54(by)
       39    0.000    0.000    0.064    0.002 loaders.py:107(load)
   417009    0.043    0.000    0.064    0.000 _parser.py:167(__getitem__)
    20507    0.015    0.000    0.063    0.000 di.py:342(resolve)
       39    0.000    0.000    0.063    0.002 environment.py:728(compile)
      231    0.000    0.000    0.062    0.000 naming.py:155(accessible_name)
     1040    0.001    0.000    0.062    0.000 naming.py:30(domain_name)
    16291    0.005    0.000    0.061    0.000 proxy.py:93(types)
       52    0.000    0.000    0.060    0.001 reflections.py:589(on_sum)
330313/329771    0.043    0.000    0.060    0.000 {method 'join' of 'str' objects}
    31323    0.019    0.000    0.059    0.000 embed.py:197(dig_for_method)
      530    0.000    0.000    0.058    0.000 reflections.py:454(on_class_ref)
       69    0.000    0.000    0.057    0.001 py2cpp.py:734(on_sum)
   111115    0.035    0.000    0.057    0.000 dsn.py:16(elements)
4800/3410    0.001    0.000    0.056    0.000 implements.py:314(org_fullyname)
    86698    0.056    0.000    0.056    0.000 {method 'sub' of 're.Pattern' objects}
      220    0.000    0.000    0.054    0.000 literal.py:115(values)
     6327    0.050    0.000    0.052    0.000 {built-in method builtins.__build_class__}
    51425    0.014    0.000    0.048    0.000 di.py:304(__symbolize)
    16556    0.010    0.000    0.048    0.000 path.py:169(shift)
      118    0.000    0.000    0.046    0.000 implements.py:199(__eq__)
      236    0.000    0.000    0.046    0.000 implements.py:218(__repr__)
    33995    0.012    0.000    0.046    0.000 node.py:292(_exists)
      115    0.000    0.000    0.045    0.000 proxy.py:202(__eq__)
     1664    0.002    0.000    0.044    0.000 environment.py:1269(render)
    51569    0.029    0.000    0.044    0.000 _parser.py:371(_escape)
       99    0.000    0.000    0.044    0.000 template.py:119(parameter)
    11263    0.006    0.000    0.044    0.000 procedure.py:167(__exit)
      696    0.002    0.000    0.044    0.000 template.py:303(build)
      312    0.000    0.000    0.043    0.000 primary.py:234(receiver)
    30918    0.009    0.000    0.043    0.000 di.py:283(can_resolve)
    48326    0.017    0.000    0.043    0.000 dsn.py:4(elem_counts)
      213    0.000    0.000    0.042    0.000 primary.py:239(key)
      424    0.000    0.000    0.042    0.000 reflections.py:481(on_var_of_type)
2838/2828    0.024    0.000    0.041    0.000 _compiler.py:434(_get_literal_prefix)
      137    0.000    0.000    0.040    0.000 template.py:200(unpack_symbols)
    11263    0.006    0.000    0.040    0.000 procedure.py:145(__enter)
    65266    0.022    0.000    0.039    0.000 node.py:414(as_a)
     8621    0.004    0.000    0.039    0.000 path.py:103(parent_tag)
      144    0.000    0.000    0.039    0.000 literal.py:97(first)
    27180    0.018    0.000    0.039    0.000 dsn.py:40(left)
31108/30575    0.011    0.000    0.038    0.000 finder.py:109(is_local_var_in_class_scope)
     3025    0.005    0.000    0.037    0.000 query.py:80(factory)
      497    0.000    0.000    0.037    0.000 statement_simple.py:11(receivers)
      493    0.000    0.000    0.036    0.000 statement_simple.py:22(receivers)
      617    0.000    0.000    0.036    0.000 py2cpp.py:134(to_domain_name_by_class)
18188/6004    0.018    0.000    0.036    0.000 cache.py:53(group_by)
      179    0.000    0.000    0.035    0.000 statement_compound.py:24(statements)
     2116    0.005    0.000    0.035    0.000 primary.py:634(is_decl_local_var)
   411043    0.033    0.000    0.033    0.000 _parser.py:239(__next)
    31323    0.019    0.000    0.033    0.000 embed.py:108(get_from_method)
    35359    0.008    0.000    0.033    0.000 path.py:47(elements)
      111    0.000    0.000    0.032    0.000 statement_compound.py:319(return_type)
     9083    0.003    0.000    0.030    0.000 element.py:52(path)
      959    0.001    0.000    0.030    0.000 primary.py:84(match_feature)
      959    0.003    0.000    0.029    0.000 primary.py:550(is_decl_class_var)
       39    0.000    0.000    0.029    0.001 environment.py:677(_generate)
       39    0.000    0.000    0.028    0.001 compiler.py:101(generate)
  4453/39    0.002    0.000    0.028    0.001 visitor.py:35(visit)
       39    0.001    0.000    0.028    0.001 compiler.py:826(visit_Template)
      418    0.000    0.000    0.028    0.000 naming.py:66(make_manualy)
     1461    0.002    0.000    0.028    0.000 node.py:501(dirty_child)
5775/2858    0.025    0.000    0.027    0.000 _parser.py:177(getwidth)
       39    0.000    0.000    0.027    0.001 environment.py:613(_parse)
     1114    0.002    0.000    0.027    0.000 primary.py:572(is_decl_this_var)
     1559    0.001    0.000    0.026    0.000 primary.py:115(match_feature)
       21    0.000    0.000    0.026    0.001 py2cpp.py:269(on_class_method)
      557    0.001    0.000    0.026    0.000 primary.py:185(match_feature)
    92439    0.016    0.000    0.026    0.000 di.py:106(_acceptable_symbol)
      102    0.000    0.000    0.025    0.000 py2cpp.py:541(on_var_of_type)
    14956    0.006    0.000    0.025    0.000 path.py:76(last)
     2835    0.003    0.000    0.025    0.000 query.py:216(factory)
   221983    0.025    0.000    0.025    0.000 memo.py:69(get)
   221983    0.025    0.000    0.025    0.000 memo.py:11(__call__)
306436/300667    0.024    0.000    0.025    0.000 {built-in method builtins.len}
      968    0.000    0.000    0.025    0.000 py2cpp.py:144(force_unpack_nullable)
    16785    0.018    0.000    0.025    0.000 node.py:195(__embed_classes)
       39    0.000    0.000    0.024    0.001 parser.py:1028(parse)
      272    0.000    0.000    0.024    0.000 naming.py:54(accessible_name)
     5180    0.002    0.000    0.024    0.000 statement_compound.py:305(decorators)
    66430    0.014    0.000    0.024    0.000 cache.py:38(by)
   107687    0.015    0.000    0.024    0.000 node.py:404(is_a)
     1803    0.001    0.000    0.024    0.000 environment.py:1375(new_context)
     4908    0.003    0.000    0.023    0.000 element.py:57(arguments)
      353    0.000    0.000    0.023    0.000 reflections.py:108(type_of_constructor)
     1803    0.008    0.000    0.023    0.000 runtime.py:91(new_context)
   116973    0.023    0.000    0.023    0.000 {method 'split' of 'str' objects}
      591    0.001    0.000    0.022    0.000 py2cpp.py:467(analyze_relay_access_spec)
    10411    0.008    0.000    0.022    0.000 di.py:178(__to_annotated)
   221983    0.022    0.000    0.022    0.000 memo.py:23(decorator)
    16707    0.008    0.000    0.022    0.000 path.py:10(join)
   134/39    0.001    0.000    0.022    0.001 parser.py:979(subparse)
   396704    0.021    0.000    0.021    0.000 {built-in method builtins.ord}
  173/167    0.000    0.000    0.021    0.000 reflections.py:237(__resolve_raw_recursive)
      557    0.000    0.000    0.020    0.000 primary.py:91(match_feature)
       65    0.000    0.000    0.020    0.000 element.py:28(default_value)
      146    0.000    0.000    0.020    0.000 py2cpp.py:498(on_class_ref)
    51426    0.013    0.000    0.019    0.000 module.py:54(fullyname)
       21    0.000    0.000    0.019    0.001 py2cpp.py:163(unpack_function_template_types)
    41014    0.008    0.000    0.018    0.000 di.py:133(__find_symbol)
     6313    0.002    0.000    0.018    0.000 primary.py:28(value)
     2812    0.018    0.000    0.018    0.000 _compiler.py:405(_generate_overlap_table)
   216577    0.018    0.000    0.018    0.000 node.py:86(full_path)
     1235    0.000    0.000    0.018    0.000 reflections.py:311(force_unpack_nullable)
     2955    0.002    0.000    0.018    0.000 reflections.py:43(is_a)
       18    0.000    0.000    0.017    0.001 py2cpp.py:737(on_term)
       21    0.000    0.000    0.017    0.001 template.py:159(templates)
       68    0.000    0.000    0.017    0.000 operator.py:16(operator)
    20507    0.003    0.000    0.017    0.000 di.py:19(can_resolve)
       58    0.000    0.000    0.017    0.000 symbol_extends.py:85(<lambda>)
   118630    0.016    0.000    0.016    0.000 cache.py:18(exists)
    10640    0.004    0.000    0.016    0.000 finder.py:122(__find_raw)
      227    0.000    0.000    0.016    0.000 literal.py:29(match_feature)
      236    0.000    0.000    0.016    0.000 terminal.py:8(match_terminal)
    74/54    0.000    0.000    0.016    0.000 parser.py:165(parse_statement)
       58    0.000    0.000    0.016    0.000 symbol_extends.py:134(extends_for_var)
      494    0.000    0.000    0.015    0.000 node.py:388(_under_expand)
      494    0.001    0.000    0.015    0.000 query.py:161(expand)
     2813    0.001    0.000    0.015    0.000 path.py:52(escaped_origin)
   136611    0.015    0.000    0.015    0.000 {method 'get' of 'dict' objects}
9803/7636    0.002    0.000    0.015    0.000 {built-in method builtins.next}
     5769    0.003    0.000    0.014    0.000 path.py:146(de_identify)
      356    0.001    0.000    0.014    0.000 query.py:173(factory)
    20507    0.005    0.000    0.014    0.000 di.py:83(resolve)
    11229    0.007    0.000    0.014    0.000 finder.py:158(__each_find_raw)
     3221    0.001    0.000    0.014    0.000 primary.py:201(prop)
     1152    0.001    0.000    0.013    0.000 node.py:251(__ast_order)
    20507    0.004    0.000    0.013    0.000 di.py:32(__inner_binded)
       16    0.000    0.000    0.013    0.001 reflections.py:342(on_for_in)
       93    0.000    0.000    0.013    0.000 statement_compound.py:242(_org_statements)
      124    0.000    0.000    0.013    0.000 primary.py:466(iterates)
        5    0.000    0.000    0.013    0.003 reflections.py:574(on_comparison)
     1836    0.000    0.000    0.013    0.000 lexer.py:378(__next__)
     4297    0.001    0.000    0.013    0.000 primary.py:208(domain_name)
       30    0.000    0.000    0.013    0.000 statement_compound.py:229(comment)
       21    0.000    0.000    0.012    0.001 py2cpp.py:719(on_comparison)
     1394    0.005    0.000    0.012    0.000 {built-in method builtins.sorted}
       46    0.000    0.000    0.012    0.000 statement_compound.py:61(statements)
    39/36    0.000    0.000    0.012    0.000 parser.py:253(parse_if)
    10096    0.006    0.000    0.012    0.000 typing.py:1487(__getitem__)
     1833    0.002    0.000    0.012    0.000 lexer.py:613(wrap)
    10411    0.008    0.000    0.011    0.000 di.py:193(__pluck_annotations)
     4861    0.001    0.000    0.011    0.000 literal.py:58(plain)
   134/39    0.000    0.000    0.011    0.000 compiler.py:442(blockvisit)
       25    0.000    0.000    0.011    0.000 statement_compound.py:324(comment)
      165    0.000    0.000    0.011    0.000 finder.py:82(by_symbolic)
       36    0.000    0.000    0.011    0.000 statement_compound.py:129(statements)
    95/77    0.000    0.000    0.011    0.000 parser.py:194(parse_statements)
    17879    0.009    0.000    0.011    0.000 node.py:30(__init__)
    33995    0.006    0.000    0.011    0.000 query.py:43(exists)
     5975    0.006    0.000    0.011    0.000 node.py:429(one_of)
      108    0.000    0.000    0.011    0.000 py2cpp.py:770(proc_binary_operator_expression)
    13899    0.005    0.000    0.011    0.000 nodes.py:167(iter_child_nodes)
  264/263    0.000    0.000    0.010    0.000 parser.py:678(parse_tuple)
       36    0.000    0.000    0.010    0.000 primary.py:393(or_types)
       23    0.000    0.000    0.010    0.000 statement_compound.py:56(condition)
  349/255    0.000    0.000    0.010    0.000 parser.py:513(parse_expression)
  349/255    0.000    0.000    0.010    0.000 parser.py:537(parse_or)
      146    0.000    0.000    0.010    0.000 py2cpp.py:120(to_domain_name)
     4729    0.001    0.000    0.009    0.000 reflections.py:81(type_of_standard)
    46927    0.009    0.000    0.009    0.000 entry.py:26(name)
  351/256    0.000    0.000    0.009    0.000 parser.py:546(parse_and)
38648/24085    0.008    0.000    0.009    0.000 implements.py:320(types)
      600    0.000    0.000    0.009    0.000 primary.py:128(match_feature)
  358/260    0.000    0.000    0.009    0.000 parser.py:555(parse_not)
     4262    0.001    0.000    0.009    0.000 path.py:94(last_tag)
     2747    0.005    0.000    0.009    0.000 lexer.py:667(tokeniter)
      600    0.001    0.000    0.009    0.000 primary.py:587(is_param_class)
        1    0.000    0.000    0.009    0.009 py2cpp.py:251(on_list_comp)
  355/260    0.000    0.000    0.009    0.000 parser.py:561(parse_compare)
      864    0.000    0.000    0.009    0.000 move_assign.j2:4(root)
    88726    0.009    0.000    0.009    0.000 {method 'items' of 'dict' objects}
      136    0.000    0.000    0.009    0.000 statement_compound.py:311(parameters)
       26    0.000    0.000    0.009    0.000 primary.py:314(match_feature)
23148/21652    0.008    0.000    0.009    0.000 node.py:492(__getattribute__)
      146    0.000    0.000    0.009    0.000 naming.py:131(domain_name)
      254    0.000    0.000    0.008    0.000 statement_simple.py:28(value)
     4729    0.002    0.000    0.008    0.000 finder.py:59(by_standard)
      262    0.000    0.000    0.008    0.000 statement_simple.py:15(_elements)
        1    0.000    0.000    0.008    0.008 py2cpp.py:716(on_and_compare)
  376/281    0.000    0.000    0.008    0.000 parser.py:584(parse_math1)
       25    0.000    0.000    0.008    0.000 proxy.py:213(__repr__)
  376/281    0.000    0.000    0.008    0.000 parser.py:595(parse_concat)
     1513    0.001    0.000    0.008    0.000 primary.py:670(in_decl_alt_class_type)
  376/281    0.000    0.000    0.008    0.000 parser.py:605(parse_math2)
  376/281    0.000    0.000    0.008    0.000 parser.py:616(parse_pow)
  384/281    0.000    0.000    0.007    0.000 parser.py:626(parse_unary)
 2468/418    0.001    0.000    0.007    0.000 visitor.py:44(generic_visit)
       39    0.000    0.000    0.007    0.000 environment.py:698(_compile)
       39    0.007    0.000    0.007    0.000 {built-in method builtins.compile}
    38907    0.004    0.000    0.007    0.000 node.py:259(order)
  276/199    0.000    0.000    0.007    0.000 parser.py:522(parse_condexpr)
   119859    0.007    0.000    0.007    0.000 typing.py:2090(cast)
 3517/210    0.002    0.000    0.007    0.000 nodes.py:193(find_all)
      696    0.004    0.000    0.007    0.000 template.py:47(__init__)
       18    0.000    0.000    0.007    0.000 py2cpp.py:210(on_for)
       20    0.000    0.000    0.007    0.000 statement_simple.py:84(return_value)
    14956    0.004    0.000    0.006    0.000 path.py:112(__break_tag)
    86982    0.006    0.000    0.006    0.000 {built-in method builtins.issubclass}
    10111    0.004    0.000    0.006    0.000 procedure.py:254(__stack_pop)
     1750    0.001    0.000    0.006    0.000 statement_compound.py:562(symbol)
     1873    0.000    0.000    0.006    0.000 primary.py:429(calls)
       26    0.000    0.000    0.006    0.000 py2cpp.py:787(on_doc_string)
      548    0.001    0.000    0.006    0.000 py2cpp.py:477(is_class_access)
       46    0.000    0.000    0.006    0.000 statement_compound.py:67(else_ifs)
     8560    0.004    0.000    0.006    0.000 procedure.py:242(__is_prop_list_by)
      136    0.000    0.000    0.006    0.000 primary.py:303(template_types)
       95    0.000    0.000    0.006    0.000 py2cpp.py:515(on_indexer)
     1803    0.003    0.000    0.006    0.000 runtime.py:163(__init__)
    21806    0.004    0.000    0.006    0.000 general.py:21(scope)
    39/36    0.000    0.000    0.006    0.000 compiler.py:1296(visit_If)
    31323    0.006    0.000    0.006    0.000 embed.py:25(class_path)
     2826    0.003    0.000    0.006    0.000 enum.py:1509(__and__)
     1151    0.001    0.000    0.006    0.000 primary.py:658(in_decl_class_type)
  142/105    0.000    0.000    0.006    0.000 compiler.py:44(new_func)
      600    0.000    0.000    0.005    0.000 primary.py:138(match_feature)
      956    0.000    0.000    0.005    0.000 primary.py:163(match_feature)
     3752    0.001    0.000    0.005    0.000 path.py:42(valid)
     1149    0.001    0.000    0.005    0.000 primary.py:689(in_decl_import)
       51    0.000    0.000    0.005    0.000 statement_compound.py:118(symbols)
      134    0.001    0.000    0.005    0.000 compiler.py:1479(visit_Output)
      600    0.001    0.000    0.005    0.000 primary.py:603(is_param_this)
     1807    0.001    0.000    0.005    0.000 implements.py:674(relay)
      591    0.000    0.000    0.005    0.000 py2cpp.py:471(is_on_cvar_relay)
    67578    0.005    0.000    0.005    0.000 procedure.py:99(__stack)
       56    0.000    0.000    0.005    0.000 literal.py:128(items)
    34962    0.005    0.000    0.005    0.000 eventemitter.py:70(observed)
      609    0.000    0.000    0.005    0.000 lexer.py:401(expect)
    14/13    0.000    0.000    0.005    0.000 primary.py:353(match_feature)
       43    0.000    0.000    0.005    0.000 symbol_extends.py:65(<lambda>)
    38889    0.005    0.000    0.005    0.000 {method 'lower' of 'str' objects}
     3251    0.002    0.000    0.005    0.000 node.py:62(__eq__)
     8134    0.002    0.000    0.005    0.000 query.py:155(<lambda>)
     3467    0.004    0.000    0.005    0.000 __init__.py:1023(__iter__)
     1764    0.001    0.000    0.005    0.000 environment.py:1489(is_up_to_date)
        8    0.000    0.000    0.005    0.001 primary.py:360(parameters)
        8    0.000    0.000    0.005    0.001 primary.py:370(template_types)
        8    0.000    0.000    0.005    0.001 primary.py:415(type_params)
      600    0.000    0.000    0.005    0.000 primary.py:122(match_feature)
  160/137    0.000    0.000    0.005    0.000 implements.py:123(_clone)
      600    0.000    0.000    0.004    0.000 primary.py:619(is_param)
        1    0.000    0.000    0.004    0.004 py2cpp.py:325(on_class)
       23    0.000    0.000    0.004    0.000 py2cpp.py:201(on_if)
    14976    0.001    0.000    0.004    0.000 <frozen _collections_abc>:868(__iter__)
    56836    0.004    0.000    0.004    0.000 path.py:34(__init__)
       18    0.000    0.000    0.004    0.000 parser.py:234(parse_for)
     1764    0.001    0.000    0.004    0.000 loaders.py:210(uptodate)
       43    0.000    0.000    0.004    0.000 symbol_extends.py:121(extends_for_class)
    11568    0.004    0.000    0.004    0.000 typing.py:372(inner)
    23888    0.003    0.000    0.004    0.000 nodes.py:145(iter_fields)
      146    0.000    0.000    0.004    0.000 primary.py:220(class_symbol)
     1842    0.001    0.000    0.004    0.000 utils.py:463(get)
  396/385    0.000    0.000    0.004    0.000 parser.py:644(parse_primary)
    30918    0.004    0.000    0.004    0.000 di.py:294(__can_resolve)
      584    0.000    0.000    0.004    0.000 primary.py:266(domain_name)
      591    0.000    0.000    0.004    0.000 py2cpp.py:468(is_this_access)
     1041    0.000    0.000    0.004    0.000 py2cpp.py:820(on_fallback)
      128    0.000    0.000    0.004    0.000 implements.py:382(clone)
    41562    0.004    0.000    0.004    0.000 {method 'startswith' of 'str' objects}
       66    0.000    0.000    0.004    0.000 idtracking.py:46(analyze_node)
      548    0.000    0.000    0.004    0.000 py2cpp.py:474(is_on_cvar_exchanger)
     1803    0.001    0.000    0.003    0.000 <frozen genericpath>:65(getmtime)
    29319    0.003    0.000    0.003    0.000 {method 'values' of 'dict' objects}
       18    0.000    0.000    0.003    0.000 compiler.py:1157(visit_For)
  513/142    0.001    0.000    0.003    0.000 optimizer.py:30(generic_visit)
       12    0.000    0.000    0.003    0.000 py2cpp.py:802(on_dict)
     1842    0.002    0.000    0.003    0.000 utils.py:497(__getitem__)
        4    0.000    0.000    0.003    0.001 py2cpp.py:352(on_enum)
     6142    0.002    0.000    0.003    0.000 proxy.py:67(_actual_addr)
     2840    0.001    0.000    0.003    0.000 _compiler.py:396(_simple)
      583    0.001    0.000    0.003    0.000 query.py:176(tester)
     2168    0.001    0.000    0.003    0.000 proxy.py:179(to)
     9351    0.003    0.000    0.003    0.000 {method 'fullmatch' of 're.Pattern' objects}
       73    0.000    0.000    0.003    0.000 parser.py:710(parse)
    13312    0.003    0.000    0.003    0.000 __init__.py:1009(__getitem__)
       38    0.000    0.000    0.003    0.000 py2cpp.py:799(on_list)
      600    0.000    0.000    0.003    0.000 primary.py:45(match_feature)
       39    0.000    0.000    0.003    0.000 compiler.py:538(pull_dependencies)
  513/142    0.001    0.000    0.003    0.000 visitor.py:61(generic_visit)
       57    0.000    0.000    0.003    0.000 compiler.py:142(find_undeclared)
      589    0.001    0.000    0.003    0.000 finder.py:137(__find_raw_for_type)
       48    0.000    0.000    0.003    0.000 idtracking.py:178(_simple_visit)
     2816    0.002    0.000    0.003    0.000 _parser.py:448(_uniq)
      594    0.000    0.000    0.003    0.000 primary.py:152(match_feature)
       21    0.000    0.000    0.003    0.000 primary.py:319(value_type)
       21    0.000    0.000    0.003    0.000 primary.py:307(primary_type)
      592    0.000    0.000    0.003    0.000 primary.py:170(match_feature)
       30    0.000    0.000    0.003    0.000 py2cpp.py:441(on_types_name)
      448    0.000    0.000    0.003    0.000 reflections.py:657(on_integer)
      183    0.000    0.000    0.003    0.000 statement_compound.py:459(inherits)
    10986    0.002    0.000    0.003    0.000 node.py:138(can_expand)
       95    0.000    0.000    0.003    0.000 py2cpp.py:523(analyze_indexer_spec)
     2830    0.003    0.000    0.003    0.000 {built-in method _sre.compile}
     1848    0.003    0.000    0.003    0.000 {built-in method posix.stat}
     8558    0.002    0.000    0.003    0.000 _parser.py:292(tell)
    11510    0.002    0.000    0.003    0.000 _parser.py:163(__len__)
      247    0.000    0.000    0.003    0.000 primary.py:65(declare)
      952    0.000    0.000    0.003    0.000 primary.py:216(match_feature)
        5    0.000    0.000    0.003    0.001 py2cpp.py:412(on_import)
    39628    0.003    0.000    0.003    0.000 implements.py:267(types)
     6502    0.002    0.000    0.003    0.000 node.py:52(__repr__)
      151    0.000    0.000    0.003    0.000 node.py:376(_ancestor)
       10    0.000    0.000    0.003    0.000 primary.py:333(key_type)
        9    0.000    0.000    0.003    0.000 parser.py:433(parse_filter_block)
  384/319    0.000    0.000    0.003    0.000 parser.py:771(parse_postfix)
       63    0.000    0.000    0.003    0.000 parser.py:862(parse_call_args)
       65    0.000    0.000    0.003    0.000 py2cpp.py:364(on_parameter)
    17108    0.003    0.000    0.003    0.000 {method 'endswith' of 'str' objects}
      128    0.000    0.000    0.003    0.000 resolve_unknown.py:75(unpack_value)
      151    0.000    0.000    0.002    0.000 query.py:93(ancestor)
     1178    0.002    0.000    0.002    0.000 nodes.py:127(__init__)
       45    0.000    0.000    0.002    0.000 cvars.py:132(key_from)
    12987    0.002    0.000    0.002    0.000 entry.py:55(value)
       39    0.000    0.000    0.002    0.000 nodes.py:229(set_environment)
     2905    0.002    0.000    0.002    0.000 implements.py:298(__init__)
     1807    0.001    0.000    0.002    0.000 implements.py:559(__init__)
       39    0.000    0.000    0.002    0.000 parser.py:51(__init__)
    21807    0.002    0.000    0.002    0.000 node.py:81(module_path)
       39    0.000    0.000    0.002    0.000 environment.py:656(_tokenize)
      263    0.000    0.000    0.002    0.000 type_py2cpp.j2:4(root)
     2836    0.001    0.000    0.002    0.000 enum.py:696(__call__)
     2830    0.001    0.000    0.002    0.000 _parser.py:230(__init__)
      315    0.000    0.000    0.002    0.000 class_method.j2:4(root)
       39    0.000    0.000    0.002    0.000 nodes.py:184(find)
      826    0.000    0.000    0.002    0.000 reflections.py:700(on_empty)
     6322    0.002    0.000    0.002    0.000 node.py:491(Proxy)
       31    0.000    0.000    0.002    0.000 parser.py:918(parse_filter)
     1217    0.001    0.000    0.002    0.000 __init__.py:168(fullmatch)
     5074    0.001    0.000    0.002    0.000 <frozen abc>:117(__instancecheck__)
     7446    0.002    0.000    0.002    0.000 {method 'extend' of 'list' objects}
     5048    0.001    0.000    0.002    0.000 resolver.py:96(resolve)
     1346    0.000    0.000    0.002    0.000 compiler.py:467(writeline)
      931    0.001    0.000    0.002    0.000 runtime.py:260(call)
    55/37    0.000    0.000    0.002    0.000 idtracking.py:252(visit_If)
      118    0.000    0.000    0.002    0.000 reflections.py:463(on_indexer)
     2745    0.000    0.000    0.002    0.000 implements.py:183(one_of)
     1050    0.000    0.000    0.002    0.000 {method 'extend' of 'collections.deque' objects}
      151    0.000    0.000    0.002    0.000 query.py:106(factory)
      236    0.000    0.000    0.002    0.000 statement_compound.py:492(__org_inherits)
    11543    0.002    0.000    0.002    0.000 {built-in method builtins.min}
        9    0.000    0.000    0.002    0.000 compiler.py:1335(visit_FilterBlock)
       53    0.000    0.000    0.002    0.000 statement_compound.py:465(template_types)
    14285    0.002    0.000    0.002    0.000 _parser.py:255(match)
     7892    0.001    0.000    0.002    0.000 implements.py:40(_actual_addr)
      806    0.000    0.000    0.002    0.000 primary.py:227(match_feature)
     7884    0.002    0.000    0.002    0.000 {method 'match' of 're.Pattern' objects}
        8    0.000    0.000    0.002    0.000 template.py:84(returns)
        3    0.000    0.000    0.002    0.001 reflections.py:641(on_tenary_operator)
       21    0.000    0.000    0.002    0.000 py2cpp.py:367(on_decorator)
  376/349    0.000    0.000    0.002    0.000 parser.py:784(parse_filter_expr)
        1    0.000    0.000    0.002    0.002 py2cpp.py:192(on_entrypoint)
        9    0.000    0.000    0.002    0.000 py2cpp.py:220(proc_for_range)
       16    0.000    0.000    0.002    0.000 reflections.py:360(resolve_method)
      463    0.000    0.000    0.002    0.000 path.py:154(relativefy)
      417    0.000    0.000    0.002    0.000 primary.py:297(type_name)
        3    0.000    0.000    0.002    0.001 py2cpp.py:229(proc_for_dict_items)
       26    0.000    0.000    0.002    0.000 literal.py:75(data)
     4453    0.001    0.000    0.002    0.000 visitor.py:28(get_visitor)
     4206    0.001    0.000    0.002    0.000 resolver.py:25(can_resolve)
        1    0.000    0.000    0.002    0.002 py2cpp.py:239(on_comp_for)
    16939    0.002    0.000    0.002    0.000 implements.py:22(_db)
        4    0.000    0.000    0.002    0.000 py2cpp.py:319(on_closure)
  165/111    0.000    0.000    0.002    0.000 idtracking.py:256(inner_visit)
      177    0.000    0.000    0.002    0.000 statement_compound.py:414(is_property)
     2577    0.001    0.000    0.002    0.000 compiler.py:453(write)
     5660    0.001    0.000    0.001    0.000 _compiler.py:568(isstring)
        6    0.000    0.000    0.001    0.000 operator.py:80(primary)
       26    0.000    0.000    0.001    0.000 comment.py:48(parse)
    13109    0.001    0.000    0.001    0.000 {method 'pop' of 'list' objects}
       53    0.000    0.000    0.001    0.000 statement_compound.py:262(_inherit_template_types)
      244    0.000    0.000    0.001    0.000 element.py:23(var_type)
      647    0.000    0.000    0.001    0.000 implements.py:652(literal)
        5    0.000    0.000    0.001    0.000 statement_compound.py:474(comment)
       46    0.000    0.000    0.001    0.000 parser.py:799(parse_subscript)
     2745    0.001    0.000    0.001    0.000 implements.py:173(to)
      319    0.000    0.000    0.001    0.000 element.py:17(symbol)
     9254    0.001    0.000    0.001    0.000 resolver.py:57(can_resolve)
       39    0.000    0.000    0.001    0.000 environment.py:452(lexer)
       39    0.000    0.000    0.001    0.000 lexer.py:426(get_lexer)
      975    0.001    0.000    0.001    0.000 sequence.py:22(last_index_of)
    14034    0.001    0.000    0.001    0.000 {built-in method builtins.id}
      272    0.000    0.000    0.001    0.000 naming.py:84(__namespace)
       23    0.000    0.000    0.001    0.000 implements.py:488(clone)
     2364    0.001    0.000    0.001    0.000 relay.j2:4(root)
    11263    0.001    0.000    0.001    0.000 procedure.py:267(__put_log_action)
     5716    0.001    0.000    0.001    0.000 _parser.py:82(groups)
       10    0.000    0.000    0.001    0.000 expression.py:7(expression)
     5074    0.001    0.000    0.001    0.000 {built-in method _abc._abc_instancecheck}
        1    0.000    0.000    0.001    0.001 lexer.py:477(__init__)
       30    0.000    0.000    0.001    0.000 parser.py:911(parse_call)
     1472    0.000    0.000    0.001    0.000 lexer.py:374(skip_if)
       10    0.000    0.000    0.001    0.000 lexer.py:481(c)
      368    0.000    0.000    0.001    0.000 async_utils.py:34(wrapper)
      463    0.001    0.000    0.001    0.000 dsn.py:111(relativefy)
     3138    0.001    0.000    0.001    0.000 lexer.py:275(test)
     2830    0.001    0.000    0.001    0.000 _parser.py:954(fix_flags)
     1152    0.001    0.000    0.001    0.000 procedure.py:104(__result)
      145    0.000    0.000    0.001    0.000 py2cpp.py:815(on_terminal)
       92    0.000    0.000    0.001    0.000 reflections.py:675(on_pair)
    36/31    0.000    0.000    0.001    0.000 compiler.py:1795(visit_Filter)
        1    0.000    0.000    0.001    0.001 py2cpp.py:765(proc_binary_operator_fill_list)
     7103    0.001    0.000    0.001    0.000 {method 'pop' of 'dict' objects}
       27    0.000    0.000    0.001    0.000 py2cpp.py:707(on_factor)
       39    0.000    0.000    0.001    0.000 loaders.py:192(get_source)
      336    0.000    0.000    0.001    0.000 primary.py:55(domain_name)
       18    0.000    0.000    0.001    0.000 entrypoint.j2:4(root)
       46    0.000    0.000    0.001    0.000 statement_compound.py:72(else_statements)
     1903    0.000    0.000    0.001    0.000 {built-in method builtins.any}
       10    0.000    0.000    0.001    0.000 py2cpp.py:546(on_list_type)
      696    0.001    0.000    0.001    0.000 template.py:326(__resolve_injector)
     9381    0.001    0.000    0.001    0.000 {built-in method builtins.iter}
      943    0.000    0.000    0.001    0.000 func_call.j2:4(root)
       33    0.000    0.000    0.001    0.000 reflections.py:493(on_custom_type)
      739    0.000    0.000    0.001    0.000 implements.py:530(__init__)
     2836    0.001    0.000    0.001    0.000 enum.py:1099(__new__)
       20    0.000    0.000    0.001    0.000 py2cpp.py:394(on_return)
        4    0.000    0.000    0.001    0.000 statement_simple.py:42(receiver)
     5219    0.001    0.000    0.001    0.000 runtime.py:227(resolve_or_missing)
     1071    0.000    0.000    0.001    0.000 translation.py:4(alias_dsn)
      818    0.000    0.000    0.001    0.000 template.py:292(schema)
        4    0.000    0.000    0.001    0.000 py2cpp.py:388(on_anno_assign)
     1472    0.000    0.000    0.001    0.000 lexer.py:365(next_if)
1394/1393    0.001    0.000    0.001    0.000 typing.py:1123(__call__)
     5757    0.001    0.000    0.001    0.000 _parser.py:112(__init__)
     1664    0.001    0.000    0.001    0.000 <frozen _collections_abc>:819(keys)
        5    0.000    0.000    0.001    0.000 py2cpp.py:549(on_dict_type)
      236    0.000    0.000    0.001    0.000 path.py:136(consists_of_only)
      277    0.000    0.000    0.001    0.000 terminal.py:17(can_expand)
      201    0.000    0.000    0.001    0.000 primary.py:37(class_type)
       43    0.000    0.000    0.001    0.000 literal.py:65(match_feature)
     2816    0.001    0.000    0.001    0.000 {built-in method fromkeys}
       63    0.000    0.000    0.001    0.000 statement_compound.py:237(statements)
    10624    0.001    0.000    0.001    0.000 implements.py:84(attrs)
      272    0.000    0.000    0.001    0.000 naming.py:99(__ancestor_classes)
      159    0.000    0.000    0.001    0.000 nodes.py:588(from_untrusted)
     1842    0.001    0.000    0.001    0.000 nodes.py:74(__init__)
     1378    0.001    0.000    0.001    0.000 {method 'remove' of 'collections.deque' objects}
       39    0.000    0.000    0.001    0.000 lexer.py:602(tokenize)
        1    0.000    0.000    0.001    0.001 py2cpp.py:535(on_relay_of_type)
     9365    0.001    0.000    0.001    0.000 implements.py:359(origin)
        2    0.000    0.000    0.001    0.000 primary.py:504(projection)
     5522    0.001    0.000    0.001    0.000 {built-in method from_iterable}
       30    0.000    0.000    0.001    0.000 primary.py:156(class_types)
      112    0.000    0.000    0.001    0.000 statement_simple.py:34(symbols)
      277    0.000    0.000    0.001    0.000 node.py:91(tag)
      323    0.000    0.000    0.001    0.000 filters.py:538(sync_do_join)
     1664    0.000    0.000    0.001    0.000 __init__.py:1032(__bool__)
      9/5    0.000    0.000    0.001    0.000 implements.py:517(clone)
       39    0.000    0.000    0.001    0.000 lexer.py:323(__init__)
      137    0.000    0.000    0.001    0.000 template.py:211(make_updates)
1769/1525    0.000    0.000    0.001    0.000 implements.py:326(decl)
       10    0.000    0.000    0.001    0.000 statement_simple.py:134(symbols)
       95    0.000    0.000    0.001    0.000 py2cpp.py:524(is_on_cvar_relay)
        3    0.000    0.000    0.001    0.000 py2cpp.py:779(on_tenary_operator)
       50    0.000    0.000    0.001    0.000 statement_compound.py:330(statements)
       19    0.000    0.000    0.001    0.000 parser.py:830(parse_subscribed)
      818    0.001    0.000    0.001    0.000 template.py:267(__current_key)
       73    0.000    0.000    0.001    0.000 filters.py:784(do_indent)
       86    0.000    0.000    0.001    0.000 statement_compound.py:135(iterates)
       25    0.000    0.000    0.001    0.000 statement_compound.py:217(access)
      104    0.000    0.000    0.001    0.000 statement_compound.py:124(for_in)
     1076    0.000    0.000    0.001    0.000 i18n.py:35(t)
     5252    0.001    0.000    0.001    0.000 {method 'write' of '_io.StringIO' objects}
       26    0.000    0.000    0.001    0.000 comment.py:90(split_block)
      141    0.000    0.000    0.001    0.000 py2cpp.py:438(on_decl_local_var)
     2830    0.001    0.000    0.001    0.000 _parser.py:76(__init__)
       72    0.000    0.000    0.001    0.000 reflections.py:678(on_list)
      353    0.000    0.000    0.001    0.000 reflections.py:522(<lambda>)
       95    0.000    0.000    0.001    0.000 primary.py:384(template_types)
        2    0.000    0.000    0.000    0.000 general.py:31(statements)
     2045    0.000    0.000    0.000    0.000 utils.py:81(from_obj)
      144    0.000    0.000    0.000    0.000 literal.py:102(second)
     4726    0.000    0.000    0.000    0.000 {method 'group' of 're.Match' objects}
      142    0.000    0.000    0.000    0.000 nodes.py:238(__eq__)
     2367    0.000    0.000    0.000    0.000 {built-in method builtins.max}
     1357    0.000    0.000    0.000    0.000 compiler.py:474(newline)
       30    0.000    0.000    0.000    0.000 compiler.py:1840(visit_Call)
     4533    0.000    0.000    0.000    0.000 {built-in method builtins.setattr}
      257    0.000    0.000    0.000    0.000 compiler.py:1590(visit_Name)
       52    0.000    0.000    0.000    0.000 comment.py:107(parse_attributes)
      208    0.000    0.000    0.000    0.000 parser.py:989(flush_data)
        3    0.000    0.000    0.000    0.000 primary.py:281(receiver)
       21    0.000    0.000    0.000    0.000 compiler.py:1698(visit_Compare)
       39    0.000    0.000    0.000    0.000 utils.py:155(open_if_exists)
      686    0.000    0.000    0.000    0.000 binary_operator.j2:4(root)
       20    0.000    0.000    0.000    0.000 parser.py:471(parse_assign_target)
      360    0.000    0.000    0.000    0.000 compiler.py:1431(_output_child_to_const)
       72    0.000    0.000    0.000    0.000 compiler.py:1753(_filter_test_common)
      137    0.000    0.000    0.000    0.000 template.py:233(apply)
      204    0.000    0.000    0.000    0.000 idtracking.py:86(copy)
        2    0.000    0.000    0.000    0.000 parser.py:223(parse_set)
     2987    0.000    0.000    0.000    0.000 {method 'count' of 'str' objects}
      138    0.000    0.000    0.000    0.000 {method 'decode' of 'bytes' objects}
       18    0.000    0.000    0.000    0.000 idtracking.py:202(visit_For)
     2847    0.000    0.000    0.000    0.000 _parser.py:171(__setitem__)
      128    0.000    0.000    0.000    0.000 implements.py:630(var)
       36    0.000    0.000    0.000    0.000 statement_compound.py:139(block)
     2854    0.000    0.000    0.000    0.000 _compiler.py:426(_get_iscased)
      132    0.000    0.000    0.000    0.000 reflections.py:331(on_fallback)
       16    0.000    0.000    0.000    0.000 compiler.py:1170(<genexpr>)
       84    0.000    0.000    0.000    0.000 filters.py:1753(select_or_reject)
       66    0.000    0.000    0.000    0.000 compiler.py:481(signature)
       75    0.000    0.000    0.000    0.000 statement_compound.py:337(block)
       10    0.000    0.000    0.000    0.000 proxy.py:141(clone)
     1213    0.000    0.000    0.000    0.000 environment.py:480(getattr)
    36/31    0.000    0.000    0.000    0.000 compiler.py:259(visit_Filter)
       41    0.000    0.000    0.000    0.000 {built-in method _io.open}
     1509    0.000    0.000    0.000    0.000 implements.py:273(decl)
       46    0.000    0.000    0.000    0.000 statement_compound.py:82(else_block)
      100    0.000    0.000    0.000    0.000 function_block.j2:4(root)
       66    0.000    0.000    0.000    0.000 compiler.py:581(enter_frame)
        2    0.000    0.000    0.000    0.000 compiler.py:1558(visit_Assign)
     2306    0.000    0.000    0.000    0.000 {built-in method __new__ of type object at 0x9e9620}
      188    0.000    0.000    0.000    0.000 dict.j2:4(root)
     1782    0.000    0.000    0.000    0.000 template.py:28(__getattr__)
       68    0.000    0.000    0.000    0.000 operator.py:21(value)
       11    0.000    0.000    0.000    0.000 py2cpp.py:555(on_custom_type)
     1842    0.000    0.000    0.000    0.000 {method '__exit__' of '_thread.lock' objects}
      702    0.000    0.000    0.000    0.000 func_call_cast_bin_to_bin.j2:4(root)
       93    0.000    0.000    0.000    0.000 reflections.py:534(<lambda>)
      157    0.000    0.000    0.000    0.000 lexer.py:290(test_any)
       22    0.000    0.000    0.000    0.000 py2cpp.py:409(on_comment)
     4050    0.000    0.000    0.000    0.000 node.py:455(match_feature)
      375    0.000    0.000    0.000    0.000 doc_string.j2:4(root)
       39    0.000    0.000    0.000    0.000 compiler.py:720(write_commons)
       22    0.000    0.000    0.000    0.000 statement_simple.py:123(text)
      257    0.000    0.000    0.000    0.000 idtracking.py:238(visit_Name)
     2905    0.000    0.000    0.000    0.000 implements.py:14(__init__)
     1124    0.000    0.000    0.000    0.000 {method 'index' of 'list' objects}
        3    0.000    0.000    0.000    0.000 primary.py:474(symbols)
        6    0.000    0.000    0.000    0.000 parser.py:341(parse_include)
      601    0.000    0.000    0.000    0.000 enum.py:193(__get__)
    74/66    0.000    0.000    0.000    0.000 nodes.py:795(as_const)
       21    0.000    0.000    0.000    0.000 statement_compound.py:364(is_abstract)
       36    0.000    0.000    0.000    0.000 contextlib.py:145(__exit__)
       40    0.000    0.000    0.000    0.000 enum.j2:4(root)
       82    0.000    0.000    0.000    0.000 filters.py:1750(<lambda>)
        1    0.000    0.000    0.000    0.000 __init__.py:71(search_function)
        2    0.000    0.000    0.000    0.000 primary.py:509(fors)
     2745    0.000    0.000    0.000    0.000 implements.py:602(__init__)
     1970    0.000    0.000    0.000    0.000 {method 'keys' of 'dict' objects}
       39    0.000    0.000    0.000    0.000 environment.py:1210(from_code)
       71    0.000    0.000    0.000    0.000 implements.py:641(generic)
       21    0.000    0.000    0.000    0.000 statement_compound.py:350(_is_abstract)
       92    0.000    0.000    0.000    0.000 implements.py:663(result)
    19/18    0.000    0.000    0.000    0.000 compiler.py:1722(visit_Getitem)
       46    0.000    0.000    0.000    0.000 statement_compound.py:78(block)
        1    0.000    0.000    0.000    0.000 {built-in method builtins.__import__}
     2530    0.000    0.000    0.000    0.000 {method 'end' of 're.Match' objects}
    65/57    0.000    0.000    0.000    0.000 nodes.py:748(as_const)
       26    0.000    0.000    0.000    0.000 __init__.py:240(split)
        1    0.000    0.000    0.000    0.000 <frozen importlib._bootstrap>:1343(_find_and_load)
       36    0.000    0.000    0.000    0.000 contextlib.py:136(__enter__)
      142    0.000    0.000    0.000    0.000 if.j2:4(root)
     1664    0.000    0.000    0.000    0.000 render.py:53(__indentation)
      106    0.000    0.000    0.000    0.000 reflections.py:448(<lambda>)
       26    0.000    0.000    0.000    0.000 __init__.py:269(findall)
     1151    0.000    0.000    0.000    0.000 reflections.py:32(__procedural_resolver)
        2    0.000    0.000    0.000    0.000 parser.py:744(parse_list)
        7    0.000    0.000    0.000    0.000 class.j2:4(root)
       40    0.000    0.000    0.000    0.000 {built-in method builtins.exec}
       82    0.000    0.000    0.000    0.000 filters.py:1744(func)
       26    0.000    0.000    0.000    0.000 comment.py:130(parse_returns)
       99    0.000    0.000    0.000    0.000 reflections.py:628(<lambda>)
      668    0.000    0.000    0.000    0.000 {method 'groupdict' of 're.Match' objects}
        6    0.000    0.000    0.000    0.000 compiler.py:60(visitor)
     1842    0.000    0.000    0.000    0.000 {built-in method builtins.callable}
      368    0.000    0.000    0.000    0.000 async_utils.py:24(is_async)
        5    0.000    0.000    0.000    0.000 statement_compound.py:272(make_type_dummy)
       13    0.000    0.000    0.000    0.000 statement_compound.py:480(statements)
        1    0.000    0.000    0.000    0.000 <frozen importlib._bootstrap>:1298(_find_and_load_unlocked)
      293    0.000    0.000    0.000    0.000 lexer.py:596(_normalize_newlines)
      128    0.000    0.000    0.000    0.000 implements.py:413(__init__)
     2222    0.000    0.000    0.000    0.000 implements.py:441(decl)
       55    0.000    0.000    0.000    0.000 idtracking.py:120(branch_update)
      237    0.000    0.000    0.000    0.000 idtracking.py:116(load)
      696    0.000    0.000    0.000    0.000 template.py:258(__init__)
       82    0.000    0.000    0.000    0.000 environment.py:568(call_test)
      567    0.000    0.000    0.000    0.000 statement_compound.py:221(operations)
      128    0.000    0.000    0.000    0.000 implements.py:431(__init__)
     1664    0.000    0.000    0.000    0.000 <frozen _collections_abc>:845(__init__)
     1152    0.000    0.000    0.000    0.000 {built-in method _functools.cmp_to_key}
      304    0.000    0.000    0.000    0.000 lexer.py:292(<genexpr>)
      457    0.000    0.000    0.000    0.000 implements.py:391(extends)
       18    0.000    0.000    0.000    0.000 reflections.py:496(on_union_type)
      120    0.000    0.000    0.000    0.000 compiler.py:1629(visit_Const)
       39    0.000    0.000    0.000    0.000 compiler.py:232(soft)
      475    0.000    0.000    0.000    0.000 indexer.j2:4(root)
      137    0.000    0.000    0.000    0.000 comment.py:68(__trim_description)
     1421    0.000    0.000    0.000    0.000 {method 'append' of 'collections.deque' objects}
       48    0.000    0.000    0.000    0.000 closure.j2:4(root)
        6    0.000    0.000    0.000    0.000 py2cpp.py:710(on_not_compare)
    27/24    0.000    0.000    0.000    0.000 compiler.py:1710(visit_Getattr)
     1477    0.000    0.000    0.000    0.000 filters.py:822(<genexpr>)
      117    0.000    0.000    0.000    0.000 environment.py:457(iter_extensions)
      206    0.000    0.000    0.000    0.000 var_of_type.j2:4(root)
       82    0.000    0.000    0.000    0.000 environment.py:493(_filter_test_common)
        1    0.000    0.000    0.000    0.000 <frozen importlib._bootstrap>:905(_load_unlocked)
       39    0.000    0.000    0.000    0.000 compiler.py:219(copy)
       25    0.000    0.000    0.000    0.000 accessible.py:5(to_access)
       16    0.000    0.000    0.000    0.000 reflections.py:682(on_dict)
      226    0.000    0.000    0.000    0.000 parameter.j2:4(root)
      573    0.000    0.000    0.000    0.000 {method 'update' of 'dict' objects}
      568    0.000    0.000    0.000    0.000 lexer.py:340(__bool__)
       41    0.000    0.000    0.000    0.000 <frozen genericpath>:27(isfile)
     1392    0.000    0.000    0.000    0.000 template.py:20(__init__)
        1    0.000    0.000    0.000    0.000 writer.py:24(flush)
       39    0.000    0.000    0.000    0.000 environment.py:640(preprocess)
       80    0.000    0.000    0.000    0.000 implements.py:501(__init__)
     1636    0.000    0.000    0.000    0.000 node.py:101(domain_name)
       65    0.000    0.000    0.000    0.000 {method 'split' of 're.Pattern' objects}
       26    0.000    0.000    0.000    0.000 literal.py:70(plain)
       42    0.000    0.000    0.000    0.000 <frozen posixpath>:71(join)
      202    0.000    0.000    0.000    0.000 compiler.py:1424(_output_const_repr)
      163    0.000    0.000    0.000    0.000 cvars.py:123(keys)
      278    0.000    0.000    0.000    0.000 compiler.py:281(visit_Name)
      264    0.000    0.000    0.000    0.000 parser.py:148(is_tuple_end)
       19    0.000    0.000    0.000    0.000 reflections.py:660(on_float)
      102    0.000    0.000    0.000    0.000 compiler.py:168(__init__)
        1    0.000    0.000    0.000    0.000 <frozen importlib._bootstrap_external>:1004(exec_module)
       73    0.000    0.000    0.000    0.000 {method 'splitlines' of 'str' objects}
       41    0.000    0.000    0.000    0.000 {method 'read' of '_io.BufferedReader' objects}
        4    0.000    0.000    0.000    0.000 statement_compound.py:434(binded_this)
      199    0.000    0.000    0.000    0.000 <frozen importlib._bootstrap>:645(parent)
       16    0.000    0.000    0.000    0.000 primary.py:328(match_feature)
       17    0.000    0.000    0.000    0.000 primary.py:499(domain_name)
       34    0.000    0.000    0.000    0.000 reflections.py:499(on_null_type)
      465    0.000    0.000    0.000    0.000 nodes.py:470(as_const)
       90    0.000    0.000    0.000    0.000 for_range.j2:4(root)
       21    0.000    0.000    0.000    0.000 statement_compound.py:368(class_types)
  165/159    0.000    0.000    0.000    0.000 compiler.py:125(has_safe_repr)
       28    0.000    0.000    0.000    0.000 _parser.py:97(closegroup)
      456    0.000    0.000    0.000    0.000 list.j2:4(root)
       20    0.000    0.000    0.000    0.000 nodes.py:204(set_ctx)
        6    0.000    0.000    0.000    0.000 compiler.py:1030(visit_Include)
        1    0.000    0.000    0.000    0.000 module.py:74(handler)
       50    0.000    0.000    0.000    0.000 list_type.j2:4(root)
      156    0.000    0.000    0.000    0.000 compiler.py:1452(_output_child_pre)
     1053    0.000    0.000    0.000    0.000 {method 'popleft' of 'collections.deque' objects}
        1    0.000    0.000    0.000    0.000 io.py:71(hash)
      259    0.000    0.000    0.000    0.000 idtracking.py:77(ref)
        9    0.000    0.000    0.000    0.000 literal.py:41(match_feature)
       21    0.000    0.000    0.000    0.000 py2cpp.py:432(on_decl_class_param)
       48    0.000    0.000    0.000    0.000 for.j2:4(root)
       40    0.000    0.000    0.000    0.000 utils.py:519(__setitem__)
      134    0.000    0.000    0.000    0.000 compiler.py:1376(_make_finalize)
       85    0.000    0.000    0.000    0.000 comment.py:79(__each_trim)
      156    0.000    0.000    0.000    0.000 compiler.py:1468(_output_child_post)
       39    0.000    0.000    0.000    0.000 {method 'close' of '_io.BufferedReader' objects}
       63    0.000    0.000    0.000    0.000 compiler.py:226(inner)
       18    0.000    0.000    0.000    0.000 statement_compound.py:487(block)
        1    0.000    0.000    0.000    0.000 reflections.py:277(__init__)
  511/498    0.000    0.000    0.000    0.000 idtracking.py:68(find_ref)
        1    0.000    0.000    0.000    0.000 reflections.py:286(__make_procedure)
       22    0.000    0.000    0.000    0.000 _compiler.py:241(_optimize_charset)
       39    0.000    0.000    0.000    0.000 compiler.py:301(__init__)
       18    0.000    0.000    0.000    0.000 idtracking.py:291(visit_For)
       26    0.000    0.000    0.000    0.000 render.py:37(<lambda>)
      334    0.000    0.000    0.000    0.000 {method 'groups' of 're.Match' objects}
        1    0.000    0.000    0.000    0.000 io.py:34(load)
      523    0.000    0.000    0.000    0.000 {method 'isidentifier' of 'str' objects}
       16    0.000    0.000    0.000    0.000 py2cpp.py:784(on_string)
      195    0.000    0.000    0.000    0.000 nodes.py:612(as_const)
       66    0.000    0.000    0.000    0.000 compiler.py:597(leave_frame)
      143    0.000    0.000    0.000    0.000 idtracking.py:50(_define_ref)
       54    0.000    0.000    0.000    0.000 nodes.py:716(args_as_const)
        9    0.000    0.000    0.000    0.000 idtracking.py:300(visit_FilterBlock)
       21    0.000    0.000    0.000    0.000 compiler.py:1706(visit_Operand)
       36    0.000    0.000    0.000    0.000 contextlib.py:303(helper)
      826    0.000    0.000    0.000    0.000 reflections.py:545(on_argument)
      591    0.000    0.000    0.000    0.000 enum.py:1242(name)
      227    0.000    0.000    0.000    0.000 entry.py:37(has_child)
       93    0.000    0.000    0.000    0.000 filters.py:175(do_replace)
    62/57    0.000    0.000    0.000    0.000 nodes.py:863(as_const)
       11    0.000    0.000    0.000    0.000 reflections.py:484(on_list_type)
       39    0.000    0.000    0.000    0.000 environment.py:1241(_from_namespace)
       39    0.000    0.000    0.000    0.000 loaders.py:25(split_template_path)
      334    0.000    0.000    0.000    0.000 lexer.py:732(<genexpr>)
       15    0.000    0.000    0.000    0.000 py2cpp.py:444(on_import_name)
      408    0.000    0.000    0.000    0.000 {method 'copy' of 'dict' objects}
      322    0.000    0.000    0.000    0.000 {built-in method builtins.repr}
       10    0.000    0.000    0.000    0.000 primary.py:338(value_type)
        2    0.000    0.000    0.000    0.000 <frozen importlib._bootstrap>:480(_call_with_frames_removed)
      626    0.000    0.000    0.000    0.000 py2cpp.py:699(on_argument)
      565    0.000    0.000    0.000    0.000 proxy.py:38(org_raw)
        1    0.000    0.000    0.000    0.000 <frozen importlib._bootstrap_external>:1077(get_code)
        3    0.000    0.000    0.000    0.000 compiler.py:84(visitor)
       42    0.000    0.000    0.000    0.000 <frozen posixpath>:408(normpath)
       10    0.000    0.000    0.000    0.000 primary.py:344(primary_type)
        1    0.000    0.000    0.000    0.000 unicode_escape.py:1(<module>)
       43    0.000    0.000    0.000    0.000 cvars.py:151(to_accessor)
    45/43    0.000    0.000    0.000    0.000 nodes.py:839(as_const)
      370    0.000    0.000    0.000    0.000 {method 'strip' of 'str' objects}
       39    0.000    0.000    0.000    0.000 environment.py:1107(make_globals)
       39    0.000    0.000    0.000    0.000 lexer.py:395(close)
       99    0.000    0.000    0.000    0.000 unary_operator.j2:4(root)
    27/19    0.000    0.000    0.000    0.000 sequence.py:66(update)
        2    0.000    0.000    0.000    0.000 typing.py:1017(_generic_class_getitem)
        1    0.000    0.000    0.000    0.000 <frozen importlib._bootstrap>:1234(_find_spec)
        2    0.000    0.000    0.000    0.000 idtracking.py:286(visit_Assign)
        4    0.000    0.000    0.000    0.000 reflections.py:490(on_callable_type)
      204    0.000    0.000    0.000    0.000 {method 'rpartition' of 'str' objects}
       29    0.000    0.000    0.000    0.000 nodes.py:918(as_const)
       68    0.000    0.000    0.000    0.000 compiler.py:495(<genexpr>)
       21    0.000    0.000    0.000    0.000 py2cpp.py:173(<lambda>)
      189    0.000    0.000    0.000    0.000 compiler.py:941(<genexpr>)
        9    0.000    0.000    0.000    0.000 compiler.py:1743(visit_Slice)
       26    0.000    0.000    0.000    0.000 translation.py:32(to_classes_alias)
       35    0.000    0.000    0.000    0.000 dict_type.j2:4(root)
      447    0.000    0.000    0.000    0.000 primary.py:271(type_name)
       19    0.000    0.000    0.000    0.000 dsn.py:66(shift)
       39    0.000    0.000    0.000    0.000 compiler.py:608(func)
      129    0.000    0.000    0.000    0.000 enum.py:1222(__hash__)
       24    0.000    0.000    0.000    0.000 for_dict_items.j2:4(root)
        1    0.000    0.000    0.000    0.000 reflections.py:477(on_relay_of_type)
      139    0.000    0.000    0.000    0.000 runtime.py:249(get_all)
       26    0.000    0.000    0.000    0.000 comment.py:169(parse_note)
      102    0.000    0.000    0.000    0.000 idtracking.py:31(__init__)
        1    0.000    0.000    0.000    0.000 statement_compound.py:516(class_vars)
       36    0.000    0.000    0.000    0.000 contextlib.py:108(__init__)
       42    0.000    0.000    0.000    0.000 filters.py:1719(prepare_select_or_reject)
       11    0.000    0.000    0.000    0.000 nodes.py:885(as_const)
      147    0.000    0.000    0.000    0.000 {method 'replace' of 'str' objects}
        1    0.000    0.000    0.000    0.000 statement_compound.py:259(_decl_vars_with)
       10    0.000    0.000    0.000    0.000 enum.py:1499(__or__)
       99    0.000    0.000    0.000    0.000 {method 'encode' of 'str' objects}
      122    0.000    0.000    0.000    0.000 template.py:272(case)
        1    0.000    0.000    0.000    0.000 <frozen importlib._bootstrap_external>:1532(find_spec)
       66    0.000    0.000    0.000    0.000 idtracking.py:175(__init__)
      276    0.000    0.000    0.000    0.000 {method 'discard' of 'set' objects}
       28    0.000    0.000    0.000    0.000 _parser.py:85(opengroup)
        1    0.000    0.000    0.000    0.000 <frozen importlib._bootstrap_external>:1503(_get_spec)
      430    0.000    0.000    0.000    0.000 nodes.py:92(get_eval_context)
        1    0.000    0.000    0.000    0.000 statement_compound.py:576(collect)
       16    0.000    0.000    0.000    0.000 _compiler.py:465(_get_charset_prefix)
       23    0.000    0.000    0.000    0.000 implements.py:466(__init__)
        1    0.000    0.000    0.000    0.000 {built-in method _hashlib.openssl_md5}
        5    0.000    0.000    0.000    0.000 statement_simple.py:130(import_path)
      101    0.000    0.000    0.000    0.000 template.py:58(is_a)
        3    0.000    0.000    0.000    0.000 lexer.py:352(look)
        2    0.000    0.000    0.000    0.000 typing.py:1210(__init__)
      204    0.000    0.000    0.000    0.000 {method 'copy' of 'set' objects}
       26    0.000    0.000    0.000    0.000 comment.py:180(parse_examples)
       21    0.000    0.000    0.000    0.000 decorator.j2:4(root)
      341    0.000    0.000    0.000    0.000 nodes.py:585(as_const)
      194    0.000    0.000    0.000    0.000 accessible.py:30(operation_by)
       15    0.000    0.000    0.000    0.000 compiler.py:422(start_write)
      228    0.000    0.000    0.000    0.000 compiler.py:414(indent)
        1    0.000    0.000    0.000    0.000 <frozen importlib._bootstrap_external>:1605(find_spec)
  240/237    0.000    0.000    0.000    0.000 idtracking.py:59(find_load)
        1    0.000    0.000    0.000    0.000 primary.py:526(binded_this)
       26    0.000    0.000    0.000    0.000 {method 'findall' of 're.Pattern' objects}
        3    0.000    0.000    0.000    0.000 {method '__exit__' of '_io._IOBase' objects}
       59    0.000    0.000    0.000    0.000 procedure.py:35(on)
       57    0.000    0.000    0.000    0.000 compiler.py:277(__init__)
        4    0.000    0.000    0.000    0.000 statement_simple.py:47(var_type)
       10    0.000    0.000    0.000    0.000 func_call_len.j2:4(root)
        1    0.000    0.000    0.000    0.000 <frozen importlib._bootstrap>:416(__enter__)
        5    0.000    0.000    0.000    0.000 reflections.py:487(on_dict_type)
    24/14    0.000    0.000    0.000    0.000 <frozen abc>:121(__subclasscheck__)
      138    0.000    0.000    0.000    0.000 {method 'rstrip' of 'str' objects}
       20    0.000    0.000    0.000    0.000 idtracking.py:112(declare_parameter)
       80    0.000    0.000    0.000    0.000 return.j2:4(root)
      228    0.000    0.000    0.000    0.000 compiler.py:418(outdent)
        6    0.000    0.000    0.000    0.000 operator.py:85(condition)
        3    0.000    0.000    0.000    0.000 primary.py:485(iterates)
        2    0.000    0.000    0.000    0.000 io.py:92(__resolve_filepath)
       19    0.000    0.000    0.000    0.000 list_comp.j2:4(root)
        1    0.000    0.000    0.000    0.000 statement_compound.py:520(this_vars)
       39    0.000    0.000    0.000    0.000 {method 'getvalue' of '_io.StringIO' objects}
        6    0.000    0.000    0.000    0.000 compiler.py:713(dump_local_context)
      122    0.000    0.000    0.000    0.000 template.py:283(other_case)
    24/14    0.000    0.000    0.000    0.000 {built-in method _abc._abc_subclasscheck}
        4    0.000    0.000    0.000    0.000 primary.py:365(return_type)
        1    0.000    0.000    0.000    0.000 statement_compound.py:499(constructor_exists)
       22    0.000    0.000    0.000    0.000 _compiler.py:214(_compile_charset)
        1    0.000    0.000    0.000    0.000 <frozen importlib._bootstrap>:806(module_from_spec)
       17    0.000    0.000    0.000    0.000 node.py:143(id)
        9    0.000    0.000    0.000    0.000 compiler.py:389(buffer)
      165    0.000    0.000    0.000    0.000 {method 'update' of 'set' objects}
        6    0.000    0.000    0.000    0.000 operator.py:90(secondary)
       42    0.000    0.000    0.000    0.000 {built-in method posix._path_normpath}
        1    0.000    0.000    0.000    0.000 header.py:84(to_header_str)
       13    0.000    0.000    0.000    0.000 nodes.py:521(as_const)
        4    0.000    0.000    0.000    0.000 _parser.py:273(getuntil)
        1    0.000    0.000    0.000    0.000 <frozen importlib._bootstrap_external>:766(_compile_bytecode)
        6    0.000    0.000    0.000    0.000 parser.py:329(parse_import_context)
       48    0.000    0.000    0.000    0.000 <frozen posixpath>:41(_get_sep)
       44    0.000    0.000    0.000    0.000 filters.py:1507(sync_do_select)
        1    0.000    0.000    0.000    0.000 header.py:76(to_json)
        1    0.000    0.000    0.000    0.000 transpile.py:236(output_filepath)
        1    0.000    0.000    0.000    0.000 {method 'write' of '_io.BufferedWriter' objects}
       59    0.000    0.000    0.000    0.000 eventemitter.py:39(on)
        8    0.000    0.000    0.000    0.000 reflections.py:57(get_object)
        6    0.000    0.000    0.000    0.000 compiler.py:434(simple_write)
        4    0.000    0.000    0.000    0.000 statement_simple.py:52(value)
       39    0.000    0.000    0.000    0.000 {built-in method _functools.reduce}
       45    0.000    0.000    0.000    0.000 cvars.py:79(is_raw_raw)
        4    0.000    0.000    0.000    0.000 relay_of_type.j2:4(root)
        4    0.000    0.000    0.000    0.000 primary.py:480(for_in)
        1    0.000    0.000    0.000    0.000 <frozen importlib._bootstrap>:733(_init_module_attrs)
       14    0.000    0.000    0.000    0.000 block.j2:4(root)
        1    0.000    0.000    0.000    0.000 <frozen importlib._bootstrap>:304(acquire)
       20    0.000    0.000    0.000    0.000 import.j2:4(root)
        1    0.000    0.000    0.000    0.000 {built-in method marshal.loads}
      108    0.000    0.000    0.000    0.000 compiler.py:762(get_resolve_func)
        3    0.000    0.000    0.000    0.000 <frozen posixpath>:416(abspath)
        1    0.000    0.000    0.000    0.000 enum.py:1369(_missing_)
       14    0.000    0.000    0.000    0.000 typing.py:1156(__setattr__)
        1    0.000    0.000    0.000    0.000 __init__.py:183(dumps)
       52    0.000    0.000    0.000    0.000 py2cpp.py:796(on_pair)
        6    0.000    0.000    0.000    0.000 func_call_print.j2:4(root)
        1    0.000    0.000    0.000    0.000 <frozen importlib._bootstrap_external>:1198(get_data)
      133    0.000    0.000    0.000    0.000 environment.py:461(getitem)
       39    0.000    0.000    0.000    0.000 __init__.py:999(__init__)
        8    0.000    0.000    0.000    0.000 finder.py:25(get_object)
       26    0.000    0.000    0.000    0.000 <string>:1(<lambda>)
        5    0.000    0.000    0.000    0.000 render.py:38(<lambda>)
       39    0.000    0.000    0.000    0.000 compiler.py:255(__init__)
       10    0.000    0.000    0.000    0.000 func_call_to_cvar.j2:4(root)
       96    0.000    0.000    0.000    0.000 {built-in method posix.fspath}
        2    0.000    0.000    0.000    0.000 compiler.py:781(pop_assign_tracking)
       38    0.000    0.000    0.000    0.000 compiler.py:384(temporary_identifier)
        2    0.000    0.000    0.000    0.000 <frozen importlib._bootstrap_external>:497(cache_from_source)
      138    0.000    0.000    0.000    0.000 implements.py:577(context)
       82    0.000    0.000    0.000    0.000 {built-in method _operator.ne}
       17    0.000    0.000    0.000    0.000 query.py:222(id)
        2    0.000    0.000    0.000    0.000 typing.py:1117(__init__)
      129    0.000    0.000    0.000    0.000 {built-in method builtins.hash}
       46    0.000    0.000    0.000    0.000 {method 'find' of 'bytearray' objects}
        2    0.000    0.000    0.000    0.000 <frozen importlib._bootstrap>:632(cached)
        8    0.000    0.000    0.000    0.000 reflections.py:535(<lambda>)
        9    0.000    0.000    0.000    0.000 binary_operator_fill_list.j2:4(root)
      126    0.000    0.000    0.000    0.000 entry.py:74(empty_name)
      139    0.000    0.000    0.000    0.000 environment.py:938(join_path)
        1    0.000    0.000    0.000    0.000 {method 'disable' of '_lsprof.Profiler' objects}
        1    0.000    0.000    0.000    0.000 <frozen importlib._bootstrap_external>:626(_get_cached)
        1    0.000    0.000    0.000    0.000 encoder.py:183(encode)
       62    0.000    0.000    0.000    0.000 {method 'add' of 'set' objects}
        1    0.000    0.000    0.000    0.000 __init__.py:43(normalize_encoding)
        1    0.000    0.000    0.000    0.000 lexer.py:360(skip)
        3    0.000    0.000    0.000    0.000 _compiler.py:384(_mk_bitmap)
        2    0.000    0.000    0.000    0.000 primary.py:286(prop)
       65    0.000    0.000    0.000    0.000 compiler.py:605(choose_async)
        1    0.000    0.000    0.000    0.000 lexer.py:211(compile_rules)
       28    0.000    0.000    0.000    0.000 anno_assign.j2:4(root)
       12    0.000    0.000    0.000    0.000 runtime.py:554(__next__)
        1    0.000    0.000    0.000    0.000 <frozen importlib._bootstrap_external>:1600(_get_spec)
       26    0.000    0.000    0.000    0.000 comment.py:146(parse_raises)
        3    0.000    0.000    0.000    0.000 enum.py:1359(_iter_member_by_def_)
       66    0.000    0.000    0.000    0.000 parser.py:870(ensure)
       18    0.000    0.000    0.000    0.000 tenary_operator.j2:4(root)
       17    0.000    0.000    0.000    0.000 cache.py:28(index_of)
        1    0.000    0.000    0.000    0.000 <frozen importlib._bootstrap>:426(_get_module_lock)
       41    0.000    0.000    0.000    0.000 {built-in method _stat.S_ISREG}
        5    0.000    0.000    0.000    0.000 translation.py:43(to_cpp_alias)
       14    0.000    0.000    0.000    0.000 typing.py:1104(_is_dunder)
        1    0.000    0.000    0.000    0.000 encoder.py:205(iterencode)
        1    0.000    0.000    0.000    0.000 {built-in method _io.open_code}
       66    0.000    0.000    0.000    0.000 idtracking.py:235(__init__)
       33    0.000    0.000    0.000    0.000 nodes.py:888(const)
        6    0.000    0.000    0.000    0.000 <frozen importlib._bootstrap_external>:126(_path_join)
        3    0.000    0.000    0.000    0.000 <frozen importlib._bootstrap_external>:140(_path_stat)
        1    0.000    0.000    0.000    0.000 <frozen importlib._bootstrap>:162(__enter__)
        5    0.000    0.000    0.000    0.000 translation.py:18(import_dsn)
       66    0.000    0.000    0.000    0.000 compiler.py:497(<genexpr>)
       48    0.000    0.000    0.000    0.000 _compiler.py:31(_combine_flags)
       82    0.000    0.000    0.000    0.000 filters.py:1737(transfunc)
        7    0.000    0.000    0.000    0.000 __init__.py:304(escape)
        5    0.000    0.000    0.000    0.000 <frozen posixpath>:60(isabs)
       82    0.000    0.000    0.000    0.000 filters.py:1535(<lambda>)
        1    0.000    0.000    0.000    0.000 primary.py:251(match_feature)
        2    0.000    0.000    0.000    0.000 {built-in method builtins.all}
       20    0.000    0.000    0.000    0.000 nodes.py:550(can_assign)
       39    0.000    0.000    0.000    0.000 compiler.py:939(<genexpr>)
       17    0.000    0.000    0.000    0.000 dsn.py:126(identify)
        6    0.000    0.000    0.000    0.000 idtracking.py:147(dump_stores)
        1    0.000    0.000    0.000    0.000 primary.py:515(condition)
       54    0.000    0.000    0.000    0.000 nodes.py:720(<genexpr>)
        1    0.000    0.000    0.000    0.000 <frozen importlib._bootstrap>:124(setdefault)
        2    0.000    0.000    0.000    0.000 <frozen importlib._bootstrap_external>:132(_path_split)
        4    0.000    0.000    0.000    0.000 nodes.py:994(as_const)
        1    0.000    0.000    0.000    0.000 unicode_escape.py:37(getregentry)
       39    0.000    0.000    0.000    0.000 optimizer.py:27(__init__)
        3    0.000    0.000    0.000    0.000 runtime.py:401(__init__)
        1    0.000    0.000    0.000    0.000 procedure.py:25(__init__)
        1    0.000    0.000    0.000    0.000 primary.py:258(match_feature)
        1    0.000    0.000    0.000    0.000 <frozen importlib._bootstrap_external>:817(spec_from_file_location)
        2    0.000    0.000    0.000    0.000 idtracking.py:94(store)
        3    0.000    0.000    0.000    0.000 enum.py:1349(_iter_member_by_value_)
        2    0.000    0.000    0.000    0.000 typing.py:256(_collect_parameters)
        8    0.000    0.000    0.000    0.000 compiler.py:134(<genexpr>)
        1    0.000    0.000    0.000    0.000 class.j2:1(<module>)
        1    0.000    0.000    0.000    0.000 <frozen importlib._bootstrap>:420(__exit__)
        5    0.000    0.000    0.000    0.000 comp_for.j2:4(root)
        1    0.000    0.000    0.000    0.000 <frozen importlib._bootstrap_external>:681(_classify_pyc)
        1    0.000    0.000    0.000    0.000 binary_operator.j2:1(<module>)
        4    0.000    0.000    0.000    0.000 nodes.py:1004(as_const)
        1    0.000    0.000    0.000    0.000 transpile.py:263(by_entrypoint)
        1    0.000    0.000    0.000    0.000 <frozen genericpath>:16(exists)
        2    0.000    0.000    0.000    0.000 nodes.py:648(as_const)
        1    0.000    0.000    0.000    0.000 <frozen posixpath>:179(dirname)
        1    0.000    0.000    0.000    0.000 <frozen importlib._bootstrap_external>:159(_path_isfile)
        1    0.000    0.000    0.000    0.000 import.j2:1(<module>)
        3    0.000    0.000    0.000    0.000 <frozen importlib._bootstrap_external>:84(_unpack_uint32)
        4    0.000    0.000    0.000    0.000 _parser.py:303(checkgroupname)
        1    0.000    0.000    0.000    0.000 func_call_print.j2:1(<module>)
        1    0.000    0.000    0.000    0.000 doc_string.j2:1(<module>)
        1    0.000    0.000    0.000    0.000 dict.j2:1(<module>)
       35    0.000    0.000    0.000    0.000 reflections.py:562(on_factor)
        2    0.000    0.000    0.000    0.000 func_call_directive.j2:4(root)
        4    0.000    0.000    0.000    0.000 typing.py:1031(<genexpr>)
        1    0.000    0.000    0.000    0.000 indexer.j2:1(<module>)
        1    0.000    0.000    0.000    0.000 if.j2:1(<module>)
        1    0.000    0.000    0.000    0.000 for_dict_items.j2:1(<module>)
        1    0.000    0.000    0.000    0.000 comp_for.j2:1(<module>)
       23    0.000    0.000    0.000    0.000 compiler.py:771(parameter_is_undeclared)
        1    0.000    0.000    0.000    0.000 func_call_len.j2:1(<module>)
        9    0.000    0.000    0.000    0.000 compiler.py:1366(_default_finalize)
        1    0.000    0.000    0.000    0.000 <frozen importlib._bootstrap>:372(release)
        1    0.000    0.000    0.000    0.000 list_type.j2:1(<module>)
        1    0.000    0.000    0.000    0.000 {built-in method posix.getcwd}
        1    0.000    0.000    0.000    0.000 func_call.j2:1(<module>)
        1    0.000    0.000    0.000    0.000 type_py2cpp.j2:1(<module>)
        1    0.000    0.000    0.000    0.000 enum.j2:1(<module>)
        7    0.000    0.000    0.000    0.000 {method 'translate' of 'str' objects}
        1    0.000    0.000    0.000    0.000 binary_operator_fill_list.j2:1(<module>)
        1    0.000    0.000    0.000    0.000 <frozen importlib._bootstrap_external>:150(_path_is_mode_type)
        1    0.000    0.000    0.000    0.000 py2cpp.py:87(meta)
        3    0.000    0.000    0.000    0.000 lexer.py:348(push)
        1    0.000    0.000    0.000    0.000 decorator.j2:1(<module>)
        1    0.000    0.000    0.000    0.000 func_call_cast_bin_to_bin.j2:1(<module>)
        1    0.000    0.000    0.000    0.000 list.j2:1(<module>)
        1    0.000    0.000    0.000    0.000 func_call_to_cvar.j2:1(<module>)
        1    0.000    0.000    0.000    0.000 parameter.j2:1(<module>)
        1    0.000    0.000    0.000    0.000 <frozen importlib._bootstrap>:1122(find_spec)
       23    0.000    0.000    0.000    0.000 implements.py:482(via)
        1    0.000    0.000    0.000    0.000 <frozen importlib._bootstrap_external>:714(_validate_timestamp_pyc)
        1    0.000    0.000    0.000    0.000 move_assign.j2:1(<module>)
        1    0.000    0.000    0.000    0.000 list_comp.j2:1(<module>)
        1    0.000    0.000    0.000    0.000 func_call_directive.j2:1(<module>)
        1    0.000    0.000    0.000    0.000 return.j2:1(<module>)
        1    0.000    0.000    0.000    0.000 tenary_operator.j2:1(<module>)
        1    0.000    0.000    0.000    0.000 dict_type.j2:1(<module>)
        1    0.000    0.000    0.000    0.000 var_of_type.j2:1(<module>)
        2    0.000    0.000    0.000    0.000 lexer.py:459(__new__)
        1    0.000    0.000    0.000    0.000 entrypoint.j2:1(<module>)
        1    0.000    0.000    0.000    0.000 function_block.j2:1(<module>)
        1    0.000    0.000    0.000    0.000 anno_assign.j2:1(<module>)
        1    0.000    0.000    0.000    0.000 {method 'hexdigest' of '_hashlib.HASH' objects}
        1    0.000    0.000    0.000    0.000 class_method.j2:1(<module>)
        1    0.000    0.000    0.000    0.000 unary_operator.j2:1(<module>)
        1    0.000    0.000    0.000    0.000 relay.j2:1(<module>)
        1    0.000    0.000    0.000    0.000 <frozen codecs>:94(__new__)
        1    0.000    0.000    0.000    0.000 relay_of_type.j2:1(<module>)
        1    0.000    0.000    0.000    0.000 for_range.j2:1(<module>)
        1    0.000    0.000    0.000    0.000 closure.j2:1(<module>)
        1    0.000    0.000    0.000    0.000 for.j2:1(<module>)
        1    0.000    0.000    0.000    0.000 <frozen importlib._bootstrap>:232(__init__)
       15    0.000    0.000    0.000    0.000 compiler.py:429(end_write)
        1    0.000    0.000    0.000    0.000 <frozen importlib._bootstrap_external>:1217(path_stats)
        1    0.000    0.000    0.000    0.000 block.j2:1(<module>)
        4    0.000    0.000    0.000    0.000 <frozen importlib._bootstrap_external>:134(<genexpr>)
        8    0.000    0.000    0.000    0.000 compiler.py:714(<genexpr>)
       19    0.000    0.000    0.000    0.000 py2cpp.py:207(on_for_in)
        1    0.000    0.000    0.000    0.000 <frozen importlib._bootstrap>:173(__exit__)
       16    0.000    0.000    0.000    0.000 reflections.py:377(<lambda>)
        2    0.000    0.000    0.000    0.000 compiler.py:777(push_assign_tracking)
        1    0.000    0.000    0.000    0.000 <frozen importlib._bootstrap>:74(__new__)
        1    0.000    0.000    0.000    0.000 <frozen importlib._bootstrap>:82(remove)
        3    0.000    0.000    0.000    0.000 enum.py:114(_iter_bits_lsb)
        8    0.000    0.000    0.000    0.000 {built-in method _operator.neg}
        1    0.000    0.000    0.000    0.000 <frozen importlib._bootstrap>:976(find_spec)
       14    0.000    0.000    0.000    0.000 {method 'isalnum' of 'str' objects}
        3    0.000    0.000    0.000    0.000 {method 'rfind' of 'str' objects}
        3    0.000    0.000    0.000    0.000 runtime.py:423(_to_iterator)
        1    0.000    0.000    0.000    0.000 header.py:44(__init__)
       13    0.000    0.000    0.000    0.000 {method 'isascii' of 'str' objects}
        1    0.000    0.000    0.000    0.000 <frozen importlib._bootstrap>:445(cb)
        1    0.000    0.000    0.000    0.000 env.py:37(paths)
       10    0.000    0.000    0.000    0.000 py2cpp.py:406(on_continue)
        3    0.000    0.000    0.000    0.000 <frozen importlib._bootstrap>:1216(__enter__)
        4    0.000    0.000    0.000    0.000 py2cpp.py:810(on_group)
        1    0.000    0.000    0.000    0.000 filters.py:1320(sync_do_list)
       10    0.000    0.000    0.000    0.000 primary.py:378(match_feature)
        9    0.000    0.000    0.000    0.000 implements.py:511(via)
       10    0.000    0.000    0.000    0.000 enum.py:1247(value)
        3    0.000    0.000    0.000    0.000 <frozen importlib._bootstrap>:1220(__exit__)
        1    0.000    0.000    0.000    0.000 <frozen importlib._bootstrap_external>:658(_check_name_wrapper)
        5    0.000    0.000    0.000    0.000 {built-in method _imp.acquire_lock}
        7    0.000    0.000    0.000    0.000 <frozen importlib._bootstrap>:491(_verbose_message)
        1    0.000    0.000    0.000    0.000 <frozen importlib._bootstrap_external>:185(_path_abspath)
        3    0.000    0.000    0.000    0.000 {built-in method from_bytes}
        1    0.000    0.000    0.000    0.000 <frozen importlib._bootstrap>:79(__init__)
        2    0.000    0.000    0.000    0.000 lexer.py:257(__init__)
        3    0.000    0.000    0.000    0.000 {method 'translate' of 'bytearray' objects}
        2    0.000    0.000    0.000    0.000 typing.py:160(_type_convert)
        1    0.000    0.000    0.000    0.000 encoder.py:105(__init__)
        1    0.000    0.000    0.000    0.000 unicode_escape.py:13(Codec)
        1    0.000    0.000    0.000    0.000 {built-in method _imp.is_builtin}
        2    0.000    0.000    0.000    0.000 {method '__contains__' of 'frozenset' objects}
        8    0.000    0.000    0.000    0.000 statement_compound.py:212(declare)
        2    0.000    0.000    0.000    0.000 typing.py:289(_check_generic)
        1    0.000    0.000    0.000    0.000 {built-in method _imp.find_frozen}
        1    0.000    0.000    0.000    0.000 <frozen importlib._bootstrap>:48(_new_module)
        4    0.000    0.000    0.000    0.000 typing.py:1214(<genexpr>)
        6    0.000    0.000    0.000    0.000 py2cpp.py:581(on_null_type)
        1    0.000    0.000    0.000    0.000 writer.py:7(__init__)
        5    0.000    0.000    0.000    0.000 {built-in method _imp.release_lock}
        1    0.000    0.000    0.000    0.000 <frozen importlib._bootstrap_external>:180(_path_isabs)
        6    0.000    0.000    0.000    0.000 reflections.py:695(on_group)
        1    0.000    0.000    0.000    0.000 <frozen importlib._bootstrap_external>:1481(_path_importer_cache)
        2    0.000    0.000    0.000    0.000 {method '__exit__' of '_thread.RLock' objects}
        1    0.000    0.000    0.000    0.000 writer.py:16(put)
        1    0.000    0.000    0.000    0.000 modules.py:39(load)
        1    0.000    0.000    0.000    0.000 unicode_escape.py:24(IncrementalDecoder)
        1    0.000    0.000    0.000    0.000 {built-in method _thread.allocate_lock}
        1    0.000    0.000    0.000    0.000 {method 'setdefault' of 'dict' objects}
        2    0.000    0.000    0.000    0.000 {built-in method _thread.get_ident}
        1    0.000    0.000    0.000    0.000 unicode_escape.py:20(IncrementalEncoder)
        1    0.000    0.000    0.000    0.000 {method 'keys' of 'mappingproxy' objects}
        1    0.000    0.000    0.000    0.000 unicode_escape.py:31(StreamReader)
        1    0.000    0.000    0.000    0.000 {method 'remove' of 'list' objects}
        1    0.000    0.000    0.000    0.000 eventemitter.py:35(__init__)
        1    0.000    0.000    0.000    0.000 unicode_escape.py:28(StreamWriter)
        1    0.000    0.000    0.000    0.000 {built-in method _weakref._remove_dead_weakref}
        1    0.000    0.000    0.000    0.000 semantics.py:16(<lambda>)
        1    0.000    0.000    0.000    0.000 <frozen importlib._bootstrap>:599(__init__)
        3    0.000    0.000    0.000    0.000 runtime.py:551(__iter__)
        1    0.000    0.000    0.000    0.000 {built-in method _imp._fix_co_filename}
        2    0.000    0.000    0.000    0.000 enum.py:1366(<lambda>)
        1    0.000    0.000    0.000    0.000 module.py:30(entrypoint)
        1    0.000    0.000    0.000    0.000 <frozen importlib._bootstrap>:412(__init__)
        1    0.000    0.000    0.000    0.000 <frozen importlib._bootstrap_external>:71(_relax_case)
        1    0.000    0.000    0.000    0.000 py2cpp.py:403(on_break)
        1    0.000    0.000    0.000    0.000 py2cpp.py:790(on_truthy)
        1    0.000    0.000    0.000    0.000 <frozen importlib._bootstrap_external>:1001(create_module)
        1    0.000    0.000    0.000    0.000 <frozen importlib._bootstrap_external>:1168(__init__)
        1    0.000    0.000    0.000    0.000 <frozen importlib._bootstrap>:158(__init__)
        1    0.000    0.000    0.000    0.000 <frozen importlib._bootstrap_external>:1193(get_filename)
        1    0.000    0.000    0.000    0.000 <frozen importlib._bootstrap>:653(has_location)


