         10424319 function calls (10146666 primitive calls) in 3.240 seconds

   Ordered by: internal time

   ncalls  tottime  percall  cumtime  percall filename:lineno(function)
2950/2870    0.224    0.000    0.618    0.000 _parser.py:512(_parse)
  1715655    0.115    0.000    0.115    0.000 {method 'append' of 'list' objects}
     2470    0.104    0.000    0.104    0.000 {built-in method nt.stat}
    82077    0.086    0.000    0.086    0.000 {method 'sub' of 're.Pattern' objects}
5839/2869    0.074    0.000    0.130    0.000 _compiler.py:37(_compile)
   803254    0.071    0.000    0.075    0.000 {built-in method builtins.isinstance}
   415266    0.068    0.000    0.115    0.000 _parser.py:261(get)
   160581    0.066    0.000    0.091    0.000 dsn.py:28(join)
   406674    0.060    0.000    0.094    0.000 _parser.py:176(append)
11716/11150    0.053    0.000    0.593    0.000 di.py:144(invoke)
   427202    0.051    0.000    0.078    0.000 _parser.py:168(__getitem__)
   421141    0.048    0.000    0.048    0.000 _parser.py:240(__next)
    85873    0.045    0.000    0.988    0.000 __init__.py:280(_compile)
249121/248425    0.039    0.000    0.075    0.000 {method 'join' of 'str' objects}
    52567    0.038    0.000    0.059    0.000 _parser.py:372(_escape)
2879/2867    0.033    0.000    0.056    0.000 _compiler.py:436(_get_literal_prefix)
    81686    0.032    0.000    0.157    0.000 __init__.py:179(sub)
    17837    0.032    0.000    0.145    0.000 node.py:179(prop_keys)
11966/4844    0.032    0.000    1.628    0.000 procedure.py:186(__run_action)
5868/2901    0.032    0.000    0.034    0.000 _parser.py:178(getwidth)
25093/24776    0.031    0.000    1.532    0.000 query.py:140(children)
    24224    0.031    0.000    0.082    0.000 query.py:206(values)
327140/321282    0.031    0.000    0.032    0.000 {built-in method builtins.len}
    42560    0.030    0.000    0.085    0.000 module.py:29(full_joined)
   127440    0.029    0.000    0.029    0.000 {method 'split' of 'str' objects}
   406589    0.028    0.000    0.028    0.000 {built-in method builtins.ord}
    54534    0.027    0.000    0.044    0.000 dsn.py:16(elements)
    40653    0.026    0.000    0.143    0.000 module.py:141(join)
    33313    0.026    0.000    0.045    0.000 embed.py:108(get_from_method)
     2301    0.026    0.000    0.027    0.000 {built-in method builtins.__build_class__}
    33313    0.025    0.000    0.078    0.000 embed.py:197(dig_for_method)
     2848    0.024    0.000    0.025    0.000 _compiler.py:407(_generate_overlap_table)
19109/6097    0.024    0.000    0.047    0.000 cache.py:53(group_by)
    66088    0.023    0.000    0.039    0.000 module.py:84(parsed)
    17837    0.022    0.000    0.030    0.000 node.py:211(__embed_classes)
    35969    0.022    0.000    0.154    0.000 string.py:16(snakelize)
7110/6987    0.021    0.000    0.388    0.000 finder.py:99(find_by_symbolic)
   104196    0.021    0.000    0.034    0.000 di.py:106(_acceptable_symbol)
79789/64498    0.021    0.000    1.576    0.000 memo.py:24(wrapper)
    57956    0.020    0.000    0.065    0.000 di.py:304(__symbolize)
    23120    0.020    0.000    0.084    0.000 di.py:342(resolve)
   140858    0.020    0.000    0.020    0.000 {method 'get' of 'dict' objects}
    58978    0.019    0.000    0.053    0.000 module.py:120(__init__)
139454/84734    0.019    0.000    1.583    0.000 {built-in method builtins.getattr}
173320/173157    0.018    0.000    0.038    0.000 {built-in method builtins.hasattr}
     7110    0.018    0.000    0.109    0.000 finder.py:120(__make_scopes)
25093/24776    0.017    0.000    1.571    0.000 node.py:378(_children)
    57957    0.017    0.000    0.025    0.000 module.py:54(fullyname)
15954/15135    0.017    0.000    0.586    0.000 resolver.py:35(resolve)
    42097    0.017    0.000    0.039    0.000 path.py:57(joined)
34744/34708    0.016    0.000    0.101    0.000 finder.py:169(__each_find_raw)
  46465/1    0.016    0.000    3.240    3.240 error.py:38(wrapper)
    11966    0.016    0.000    0.151    0.000 procedure.py:224(__make_event)
    24224    0.016    0.000    0.101    0.000 node.py:412(_values)
     2467    0.015    0.000    0.043    0.000 runtime.py:91(new_context)
     2855    0.015    0.000    0.016    0.000 _parser.py:449(_uniq)
11966/4844    0.014    0.000    1.538    0.000 eventemitter.py:80(emit)
11966/1286    0.014    0.000    1.629    0.001 node.py:238(__procedural_flow)
    79789    0.014    0.000    0.014    0.000 memo.py:11(__call__)
    15193    0.013    0.000    0.017    0.000 node.py:31(__init__)
    42311    0.013    0.000    0.034    0.000 module.py:48(local_joined)
    17929    0.013    0.000    0.065    0.000 path.py:169(shift)
    34836    0.013    0.000    0.058    0.000 di.py:283(can_resolve)
55676/34017    0.013    0.000    0.015    0.000 implements.py:327(types)
    79789    0.013    0.000    0.013    0.000 memo.py:23(decorator)
    96044    0.012    0.000    0.012    0.000 {method 'items' of 'dict' objects}
    16829    0.012    0.000    0.106    0.000 finder.py:133(__find_raw)
    64075    0.012    0.000    0.012    0.000 cache.py:18(exists)
       59    0.012    0.000    0.012    0.000 {built-in method builtins.compile}
2852/2549    0.012    0.000    1.482    0.001 query.py:152(factory)
    11716    0.012    0.000    0.016    0.000 di.py:193(__pluck_annotations)
    15295    0.011    0.000    0.021    0.000 node.py:108(fullyname)
    18080    0.011    0.000    0.030    0.000 path.py:10(join)
    24224    0.011    0.000    0.115    0.000 node.py:169(tokens)
     2869    0.011    0.000    0.130    0.000 _compiler.py:511(_compile_info)
19141/18818    0.011    0.000    0.037    0.000 finder.py:109(is_local_var_in_class_scope)
    33673    0.011    0.000    0.153    0.000 node.py:98(classification)
    37135    0.010    0.000    0.043    0.000 path.py:47(elements)
    11716    0.010    0.000    0.030    0.000 di.py:178(__to_annotated)
11966/4844    0.010    0.000    1.649    0.000 procedure.py:127(__action)
11966/4844    0.010    0.000    1.702    0.000 procedure.py:117(__process)
    35869    0.010    0.000    0.017    0.000 cache.py:38(by)
    11404    0.010    0.000    0.017    0.000 typing.py:1500(__getitem__)
    10358    0.010    0.000    0.074    0.000 finder.py:59(by_standard)
11966/4844    0.010    0.000    1.542    0.000 procedure.py:201(__emit_proxy)
10248/7198    0.009    0.000    0.080    0.000 node.py:128(scope)
    46240    0.009    0.000    0.024    0.000 di.py:133(__find_symbol)
    54246    0.009    0.000    0.009    0.000 memo.py:69(get)
    49738    0.009    0.000    0.014    0.000 node.py:420(is_a)
     3585    0.008    0.000    0.016    0.000 lexer.py:667(tokeniter)
19354/17861    0.008    0.000    0.009    0.000 node.py:504(__getattribute__)
15954/15135    0.008    0.000    0.605    0.000 query.py:32(__resolve)
    44188    0.008    0.000    0.008    0.000 {method 'find' of 'str' objects}
     6978    0.008    0.000    0.039    0.000 implements.py:372(_shared_origin)
    92661    0.008    0.000    0.008    0.000 {built-in method builtins.issubclass}
    33313    0.008    0.000    0.008    0.000 embed.py:25(class_path)
16992/9638    0.008    0.000    0.049    0.000 implements.py:345(attrs)
    22375    0.008    0.000    0.067    0.000 proxy.py:93(types)
    17781    0.008    0.000    0.016    0.000 nodes.py:167(iter_child_nodes)
    15314    0.008    0.000    0.032    0.000 path.py:76(last)
    68991    0.008    0.000    0.008    0.000 node.py:88(full_path)
    15518    0.008    0.000    0.011    0.000 node.py:54(__repr__)
    11966    0.007    0.000    0.063    0.000 procedure.py:167(__exit)
    25630    0.007    0.000    0.007    0.000 __init__.py:1008(__getitem__)
    11966    0.007    0.000    0.056    0.000 procedure.py:145(__enter)
     2869    0.007    0.000    0.914    0.000 _compiler.py:740(compile)
    14865    0.007    0.000    0.012    0.000 node.py:430(as_a)
     4797    0.007    0.000    0.007    0.000 __init__.py:1022(__iter__)
     5871    0.007    0.000    1.602    0.000 node.py:285(__prop_expand)
13504/13421    0.007    0.000    0.738    0.000 node.py:330(_at)
    39867    0.006    0.000    0.011    0.000 node.py:275(order)
    37099    0.006    0.000    0.006    0.000 eventemitter.py:70(observed)
    71796    0.006    0.000    0.006    0.000 procedure.py:99(__stack)
     6517    0.006    0.000    0.009    0.000 node.py:445(one_of)
     5738    0.006    0.000    0.012    0.000 enum.py:1541(__and__)
     7040    0.006    0.000    0.089    0.000 reflections.py:43(is_a)
     1657    0.006    0.000    0.017    0.000 {built-in method builtins.sorted}
    23120    0.006    0.000    0.018    0.000 di.py:83(resolve)
3902/1295    0.006    0.000    0.045    0.000 sequence.py:34(expand)
     3088    0.006    0.000    0.049    0.000 query.py:80(factory)
     2159    0.006    0.000    0.043    0.000 primary.py:693(is_decl_local_var)
    15954    0.006    0.000    0.006    0.000 entry.py:26(name)
     2296    0.006    0.000    0.048    0.000 node.py:489(dirty_proxify)
    13956    0.006    0.000    0.023    0.000 implements.py:268(org_fullyname)
    57893    0.005    0.000    0.005    0.000 path.py:34(__init__)
    35969    0.005    0.000    0.005    0.000 {method 'lower' of 'str' objects}
2909/2869    0.005    0.000    0.626    0.000 _parser.py:452(_parse_sub)
6868/6483    0.005    0.000    0.400    0.000 reflections.py:224(__resolve_raw)
    23120    0.005    0.000    0.018    0.000 di.py:32(__inner_binded)
     9104    0.005    0.000    0.008    0.000 procedure.py:248(__is_prop_list_by)
     2467    0.005    0.000    0.010    0.000 runtime.py:163(__init__)
    10680    0.005    0.000    0.008    0.000 procedure.py:260(__stack_pop)
    69284    0.005    0.000    0.005    0.000 typing.py:2132(cast)
    15314    0.005    0.000    0.008    0.000 path.py:112(__break_tag)
    42962    0.005    0.000    0.005    0.000 {method 'startswith' of 'str' objects}
    13094    0.005    0.000    0.005    0.000 typing.py:378(inner)
    34836    0.005    0.000    0.005    0.000 di.py:294(__can_resolve)
    23120    0.005    0.000    0.023    0.000 di.py:19(can_resolve)
     2869    0.005    0.000    0.005    0.000 {built-in method _sre.compile}
     7749    0.005    0.000    0.016    0.000 node.py:64(__eq__)
      791    0.005    0.000    0.009    0.000 template.py:47(__init__)
     4283    0.005    0.000    0.058    0.000 query.py:68(parent)
     2869    0.005    0.000    0.635    0.000 _parser.py:969(parse)
     9011    0.005    0.000    0.018    0.000 node.py:308(_exists)
     7110    0.005    0.000    0.014    0.000 module.py:96(expanded)
     8863    0.005    0.000    0.050    0.000 path.py:103(parent_tag)
46082/36275    0.005    0.000    0.350    0.000 proxy.py:30(__new_raw_proxy)
     9739    0.004    0.000    0.028    0.000 query.py:54(by)
11966/1286    0.004    0.000    1.655    0.001 node.py:224(procedural)
     5871    0.004    0.000    1.590    0.000 node.py:300(__prop_of_nodes)
     2892    0.004    0.000    0.033    0.000 query.py:216(factory)
    10383    0.004    0.000    0.004    0.000 {method 'match' of 're.Pattern' objects}
     1286    0.004    0.000    1.655    0.001 node.py:255(__procedural_ast)
    54127    0.004    0.000    0.004    0.000 implements.py:274(types)
   1286/1    0.004    0.000    3.240    3.240 procedure.py:81(__exec_impl)
    30088    0.004    0.000    0.006    0.000 nodes.py:145(iter_fields)
      613    0.004    0.000    0.303    0.000 py2cpp.py:579(on_relay)
    32427    0.004    0.000    0.004    0.000 {method 'values' of 'dict' objects}
     2330    0.004    0.000    0.296    0.000 render.py:46(render)
     8389    0.004    0.000    0.010    0.000 dsn.py:4(elem_counts)
    10104    0.004    0.000    0.004    0.000 {method 'fullmatch' of 're.Pattern' objects}
     6823    0.004    0.000    0.018    0.000 path.py:146(de_identify)
     2525    0.004    0.000    0.006    0.000 utils.py:497(__getitem__)
     2330    0.004    0.000    0.086    0.000 environment.py:1269(render)
     4090    0.004    0.000    0.083    0.000 statement_compound.py:518(symbol)
    18554    0.004    0.000    0.004    0.000 {method 'endswith' of 'str' objects}
     6500    0.003    0.000    0.029    0.000 node.py:318(_by)
     4674    0.003    0.000    0.005    0.000 implements.py:305(__init__)
    10358    0.003    0.000    0.077    0.000 reflections.py:81(type_of_standard)
  5709/58    0.003    0.000    0.043    0.001 visitor.py:35(visit)
     2869    0.003    0.000    0.264    0.000 _compiler.py:573(_code)
      962    0.003    0.000    0.033    0.000 primary.py:609(is_decl_this_var_forward)
8651/7837    0.003    0.000    0.300    0.000 proxy.py:99(decl)
     4466    0.003    0.000    0.030    0.000 statement_compound.py:340(_dig_embedder)
11098/8268    0.003    0.000    0.025    0.000 {built-in method builtins.next}
     5082    0.003    0.000    0.427    0.000 primary.py:230(receiver)
     1338    0.003    0.000    0.171    0.000 reflections.py:467(on_relay)
    27960    0.003    0.000    0.008    0.000 <frozen _collections_abc>:868(__iter__)
     4283    0.003    0.000    0.062    0.000 node.py:174(parent)
       60    0.003    0.000    0.003    0.000 {built-in method nt._path_isfile}
     4466    0.003    0.000    0.044    0.000 statement_compound.py:332(actual_symbol)
     5748    0.003    0.000    0.005    0.000 enum.py:713(__call__)
     7898    0.003    0.000    0.003    0.000 {method 'extend' of 'list' objects}
       60    0.003    0.000    0.003    0.000 {built-in method _io.open}
    13275    0.003    0.000    0.003    0.000 entry.py:55(value)
     1529    0.003    0.000    0.004    0.000 nodes.py:127(__init__)
3059/1171    0.003    0.000    0.069    0.000 node.py:131(factory)
     2395    0.003    0.000    0.021    0.000 lexer.py:613(wrap)
     2467    0.003    0.000    0.228    0.000 environment.py:950(_load_template)
     1158    0.003    0.000    0.034    0.000 primary.py:631(is_decl_this_var)
     4248    0.003    0.000    0.101    0.000 statement_compound.py:274(domain_name)
 4488/287    0.003    0.000    0.010    0.000 nodes.py:193(find_all)
      484    0.002    0.000    0.081    0.000 reflections.py:581(on_func_call)
6606/6483    0.002    0.000    0.402    0.000 reflections.py:206(resolve)
    14500    0.002    0.000    0.003    0.000 _parser.py:256(match)
    11730    0.002    0.000    0.002    0.000 {built-in method builtins.min}
    11684    0.002    0.000    0.004    0.000 node.py:154(can_expand)
     8843    0.002    0.000    0.006    0.000 query.py:155(<lambda>)
     8681    0.002    0.000    0.003    0.000 _parser.py:293(tell)
    11683    0.002    0.000    0.003    0.000 _parser.py:164(__len__)
9171/6194    0.002    0.000    0.004    0.000 implements.py:333(decl)
     4100    0.002    0.000    0.016    0.000 statement_compound.py:526(decorators)
     4900    0.002    0.000    0.017    0.000 statement_compound.py:302(decorators)
     9011    0.002    0.000    0.004    0.000 query.py:43(exists)
     4576    0.002    0.000    0.004    0.000 default.j2:4(root)
2860/2729    0.002    0.000    0.964    0.000 reflections.py:121(type_of)
    14152    0.002    0.000    0.002    0.000 {method 'pop' of 'list' objects}
      791    0.002    0.000    0.047    0.000 template.py:325(build)
     1493    0.002    0.000    0.034    0.000 node.py:513(dirty_child)
      894    0.002    0.000    0.049    0.000 reflections.py:489(proc_relay_class)
     1718    0.002    0.000    0.175    0.000 primary.py:472(arguments)
 3172/546    0.002    0.000    0.011    0.000 visitor.py:44(generic_visit)
5714/5712    0.002    0.000    0.026    0.000 proxy.py:111(attrs)
     4015    0.002    0.000    0.022    0.000 primary.py:235(prop)
      613    0.002    0.000    0.033    0.000 py2cpp.py:608(analyze_relay_spec)
     1286    0.002    0.000    0.019    0.000 node.py:267(__ast_order)
    18630    0.002    0.000    0.002    0.000 implements.py:23(_db)
     5707    0.002    0.000    0.002    0.000 {built-in method _abc._abc_instancecheck}
      759    0.002    0.000    0.046    0.000 template.py:159(returns)
     2467    0.002    0.000    0.106    0.000 <frozen genericpath>:65(getmtime)
     4444    0.002    0.000    0.002    0.000 implements.py:180(to)
    15529    0.002    0.000    0.002    0.000 node.py:83(module_path)
     5748    0.002    0.000    0.002    0.000 enum.py:1116(__new__)
     5673    0.002    0.000    0.003    0.000 proxy.py:67(_actual_addr)
    15193    0.002    0.000    0.002    0.000 memo.py:7(__init__)
     9975    0.002    0.000    0.002    0.000 resolver.py:57(can_resolve)
     5702    0.002    0.000    0.003    0.000 resolver.py:96(resolve)
     1094    0.002    0.000    0.036    0.000 template.py:210(unpack_templates)
     1975    0.002    0.000    0.002    0.000 {method 'remove' of 'collections.deque' objects}
     1489    0.002    0.000    0.371    0.000 primary.py:22(label)
     1267    0.002    0.000    0.069    0.000 reflections.py:524(on_var)
     2061    0.002    0.000    0.007    0.000 implements.py:728(relay)
     5709    0.002    0.000    0.003    0.000 visitor.py:28(get_visitor)
       60    0.002    0.000    0.002    0.000 {method 'read' of '_io.BufferedReader' objects}
     3340    0.002    0.000    0.003    0.000 compiler.py:453(write)
      554    0.002    0.000    0.009    0.000 py2cpp.py:618(is_class_relay)
   1286/1    0.002    0.000    3.240    3.240 procedure.py:63(exec)
     2871    0.002    0.000    0.003    0.000 _parser.py:231(__init__)
     2467    0.002    0.000    0.230    0.000 environment.py:975(get_template)
     1097    0.001    0.000    0.043    0.000 naming.py:30(domain_name)
    11966    0.001    0.000    0.001    0.000 procedure.py:273(__put_log_action)
     8283    0.001    0.000    0.002    0.000 implements.py:41(_actual_addr)
     6353    0.001    0.000    0.001    0.000 runtime.py:227(resolve_or_missing)
    10886    0.001    0.000    0.001    0.000 {built-in method builtins.iter}
      962    0.001    0.000    0.010    0.000 primary.py:596(is_decl_class_var)
      314    0.001    0.000    0.126    0.000 py2cpp.py:852(analyze_func_call_spec)
     2409    0.001    0.000    0.105    0.000 loaders.py:210(uptodate)
    13956    0.001    0.000    0.001    0.000 {built-in method builtins.id}
   189/58    0.001    0.000    0.037    0.001 parser.py:979(subparse)
     5707    0.001    0.000    0.003    0.000 <frozen abc>:117(__instancecheck__)
     5738    0.001    0.000    0.002    0.000 _compiler.py:570(isstring)
     3825    0.001    0.000    0.007    0.000 path.py:42(valid)
     2877    0.001    0.000    0.004    0.000 _compiler.py:398(_simple)
     6371    0.001    0.000    0.001    0.000 {method 'pop' of 'dict' objects}
     4278    0.001    0.000    0.002    0.000 lexer.py:275(test)
     2296    0.001    0.000    0.001    0.000 node.py:503(Proxy)
     4701    0.001    0.000    0.017    0.000 primary.py:242(domain_name)
     1378    0.001    0.000    0.017    0.000 reflections.py:341(unpack_type_proxy)
     2292    0.001    0.000    0.010    0.000 primary.py:31(value)
      679    0.001    0.000    0.011    0.000 finder.py:148(__find_raw_for_type)
     2330    0.001    0.000    0.002    0.000 <frozen _collections_abc>:819(keys)
3259/3258    0.001    0.000    0.005    0.000 proxy.py:179(to)
     2061    0.001    0.000    0.003    0.000 implements.py:595(__init__)
     6154    0.001    0.000    0.002    0.000 implements.py:280(decl)
     2869    0.001    0.000    0.001    0.000 _parser.py:953(fix_flags)
     2467    0.001    0.000    0.044    0.000 environment.py:1375(new_context)
      579    0.001    0.000    0.033    0.000 primary.py:219(match_feature)
      978    0.001    0.000    0.002    0.000 sequence.py:22(last_index_of)
      314    0.001    0.000    0.179    0.001 py2cpp.py:761(on_func_call)
     1775    0.001    0.000    0.056    0.000 py2cpp.py:172(unpack_type_proxy)
      829    0.001    0.000    0.166    0.000 py2cpp.py:655(on_var)
     4273    0.001    0.000    0.002    0.000 resolver.py:25(can_resolve)
     2855    0.001    0.000    0.001    0.000 {built-in method fromkeys}
     4331    0.001    0.000    0.011    0.000 path.py:94(last_tag)
     2852    0.001    0.000    0.017    0.000 path.py:52(escaped_origin)
     5846    0.001    0.000    0.001    0.000 _parser.py:113(__init__)
     1386    0.001    0.000    0.004    0.000 implements.py:681(proxy)
      807    0.001    0.000    0.006    0.000 finder.py:214(__find_library_raw)
     2409    0.001    0.000    0.107    0.000 environment.py:1489(is_up_to_date)
     1541    0.001    0.000    0.010    0.000 primary.py:729(in_decl_alt_class_type)
      444    0.001    0.000    0.064    0.000 reflections.py:505(proc_relay_object)
     2525    0.001    0.000    0.001    0.000 nodes.py:74(__init__)
  639/167    0.001    0.000    0.004    0.000 visitor.py:61(generic_visit)
     5802    0.001    0.000    0.001    0.000 _parser.py:83(groups)
    11606    0.001    0.000    0.001    0.000 implements.py:366(origin)
    11000    0.001    0.000    0.001    0.000 implements.py:85(attrs)
     2090    0.001    0.000    0.003    0.000 reflections.py:331(unpack_alt_class)
      177    0.001    0.000    0.007    0.000 compiler.py:1479(visit_Output)
     1953    0.001    0.000    0.099    0.000 reflections.py:94(type_of_property)
     6882    0.001    0.000    0.001    0.000 {method 'write' of '_io.StringIO' objects}
     4444    0.001    0.000    0.003    0.000 implements.py:190(one_of)
     2874    0.001    0.000    0.950    0.000 __init__.py:226(compile)
     1920    0.001    0.000    0.320    0.000 reflections.py:149(__from_reference)
     5871    0.001    0.000    0.001    0.000 {built-in method from_iterable}
      253    0.001    0.000    0.031    0.000 py2cpp.py:108(to_accessible_name)
     1580    0.001    0.000    0.032    0.000 primary.py:127(match_feature)
       58    0.001    0.000    0.043    0.001 compiler.py:826(visit_Template)
  639/167    0.001    0.000    0.005    0.000 optimizer.py:30(generic_visit)
     2662    0.001    0.000    0.002    0.000 {built-in method builtins.any}
      102    0.001    0.000    0.051    0.001 reflections.py:684(proc_binary_operator)
      845    0.001    0.000    0.006    0.000 element.py:57(arguments)
     1624    0.001    0.000    0.002    0.000 module.py:61(expand_elements)
     1286    0.001    0.000    0.001    0.000 procedure.py:104(__result)
      542    0.001    0.000    0.029    0.000 reflections.py:517(on_class_ref)
      791    0.001    0.000    0.001    0.000 template.py:349(__resolve_injector)
     1386    0.001    0.000    0.002    0.000 implements.py:537(__init__)
     2525    0.001    0.000    0.007    0.000 utils.py:463(get)
1584/1583    0.001    0.000    0.001    0.000 typing.py:1136(__call__)
     1197    0.001    0.000    0.007    0.000 primary.py:717(in_decl_class_type)
      353    0.001    0.000    0.017    0.000 query.py:173(factory)
     6162    0.001    0.000    0.001    0.000 {method 'group' of 're.Match' objects}
      807    0.001    0.000    0.006    0.000 finder.py:192(__find_imported_raw)
      618    0.001    0.000    0.011    0.000 primary.py:646(is_param_class)
      577    0.001    0.000    0.004    0.000 query.py:176(tester)
     1193    0.001    0.000    0.007    0.000 primary.py:748(in_decl_import)
      495    0.001    0.000    0.018    0.000 query.py:161(expand)
     1789    0.001    0.000    0.003    0.000 compiler.py:467(writeline)
3800/2956    0.001    0.000    0.005    0.000 implements.py:321(org_fullyname)
     2397    0.001    0.000    0.023    0.000 lexer.py:378(__next__)
     3903    0.001    0.000    0.001    0.000 {method 'count' of 'str' objects}
      618    0.001    0.000    0.007    0.000 primary.py:662(is_param_this)
     1262    0.001    0.000    0.001    0.000 argument.j2:4(root)
1285/1223    0.001    0.000    0.820    0.001 reflections.py:263(__resolve_procedural)
      962    0.001    0.000    0.034    0.000 primary.py:96(match_feature)
      928    0.001    0.000    0.001    0.000 template.py:289(__current_key)
     2330    0.001    0.000    0.001    0.000 __init__.py:1031(__bool__)
     1338    0.001    0.000    0.019    0.000 reflections.py:313(force_unpack_nullable)
     1841    0.001    0.000    0.001    0.000 implements.py:398(extends)
  524/500    0.001    0.000    0.007    0.000 parser.py:644(parse_primary)
  448/399    0.001    0.000    0.028    0.000 naming.py:167(__make_impl)
     1306    0.001    0.000    0.006    0.000 element.py:52(path)
     1261    0.001    0.000    0.002    0.000 __init__.py:169(fullmatch)
      456    0.001    0.000    0.001    0.000 dsn.py:111(relativefy)
      127    0.001    0.000    0.510    0.004 py2cpp.py:467(proc_move_assign_single)
     5750    0.001    0.000    0.001    0.000 {built-in method builtins.setattr}
     2869    0.001    0.000    0.001    0.000 _parser.py:77(__init__)
     2822    0.001    0.000    0.001    0.000 {built-in method builtins.max}
     4674    0.001    0.000    0.001    0.000 implements.py:15(__init__)
     1918    0.001    0.000    0.008    0.000 primary.py:467(calls)
       58    0.001    0.000    0.004    0.000 nodes.py:229(set_environment)
      631    0.001    0.000    0.046    0.000 py2cpp.py:540(on_argument)
     3048    0.001    0.000    0.001    0.000 {built-in method __new__ of type object at 0x00007FF9CB8498B0}
      239    0.001    0.000    0.010    0.000 reflections.py:531(on_indexer)
      618    0.001    0.000    0.006    0.000 primary.py:678(is_param)
     2525    0.001    0.000    0.001    0.000 {method '__exit__' of '_thread.lock' objects}
     5957    0.001    0.000    0.001    0.000 implements.py:448(decl)
       82    0.001    0.000    0.082    0.001 symbol_extends.py:87(extends_for_function)
      817    0.001    0.000    0.003    0.000 module.py:15(full_join)
       72    0.001    0.000    0.004    0.000 reflections.py:757(on_list)
  511/356    0.001    0.000    0.013    0.000 parser.py:626(parse_unary)
      635    0.001    0.000    0.046    0.000 statement_simple.py:11(receivers)
      456    0.001    0.000    0.002    0.000 path.py:154(relativefy)
      151    0.001    0.000    0.002    0.000 query.py:106(factory)
     1012    0.001    0.000    0.014    0.000 py2cpp.py:153(unpack_nullable)
     1218    0.000    0.000    0.001    0.000 i18n.py:35(t)
      686    0.000    0.000    0.002    0.000 implements.py:703(literal)
  474/330    0.000    0.000    0.015    0.000 parser.py:561(parse_compare)
     1155    0.000    0.000    0.001    0.000 translation.py:4(alias_dsn)
     2884    0.000    0.000    0.000    0.000 _parser.py:172(__setitem__)
1285/1223    0.000    0.000    0.819    0.001 reflections.py:301(resolve)
     4444    0.000    0.000    0.000    0.000 implements.py:638(__init__)
      800    0.000    0.000    0.005    0.000 statement_compound.py:367(decorators)
     1961    0.000    0.000    0.001    0.000 lexer.py:365(next_if)
      962    0.000    0.000    0.007    0.000 primary.py:175(match_feature)
      545    0.000    0.000    0.000    0.000 cvars.py:135(keys)
      807    0.000    0.000    0.001    0.000 finder.py:231(__find_raw_recursive)
      783    0.000    0.000    0.001    0.000 implements.py:566(__init__)
     4694    0.000    0.000    0.000    0.000 node.py:467(match_feature)
      201    0.000    0.000    0.001    0.000 template.py:233(make_updates)
     1961    0.000    0.000    0.002    0.000 lexer.py:374(skip_if)
      962    0.000    0.000    0.010    0.000 primary.py:87(match_feature)
      336    0.000    0.000    0.017    0.000 parser.py:678(parse_tuple)
      644    0.000    0.000    0.024    0.000 py2cpp.py:143(to_domain_name_by_class)
     1800    0.000    0.000    0.001    0.000 compiler.py:474(newline)
      631    0.000    0.000    0.045    0.000 statement_simple.py:22(receivers)
      490    0.000    0.000    0.006    0.000 reflections.py:736(on_integer)
     1356    0.000    0.000    0.003    0.000 {method 'extend' of 'collections.deque' objects}
      109    0.000    0.000    0.080    0.001 py2cpp.py:965(proc_binary_operator)
      495    0.000    0.000    0.019    0.000 node.py:404(_under_expand)
     2898    0.000    0.000    0.000    0.000 _compiler.py:428(_get_iscased)
      414    0.000    0.000    0.004    0.000 statement_compound.py:578(__org_inherits)
      232    0.000    0.000    0.004    0.000 implements.py:225(__repr__)
      306    0.000    0.000    0.001    0.000 idtracking.py:86(copy)
  272/239    0.000    0.000    0.025    0.000 reflections.py:239(__resolve_raw_recursive)
      613    0.000    0.000    0.006    0.000 py2cpp.py:612(is_on_cvar_relay)
      316    0.000    0.000    0.001    0.000 compiler.py:1590(visit_Name)
      668    0.000    0.000    0.058    0.000 primary.py:273(keys)
      374    0.000    0.000    0.005    0.000 statement_compound.py:412(_has_annotation)
     1064    0.000    0.000    0.005    0.000 py2cpp.py:1054(on_fallback)
       97    0.000    0.000    0.052    0.001 reflections.py:670(each_binary_operator)
     3299    0.000    0.000    0.000    0.000 {method 'end' of 're.Match' objects}
      209    0.000    0.000    0.001    0.000 nodes.py:588(from_untrusted)
      865    0.000    0.000    0.003    0.000 move_assign.j2:4(root)
      376    0.000    0.000    0.007    0.000 statement_compound.py:359(symbol)
      858    0.000    0.000    0.008    0.000 reflections.py:795(on_empty)
     2107    0.000    0.000    0.000    0.000 template.py:28(__getattr__)
      563    0.000    0.000    0.004    0.000 py2cpp.py:615(is_on_cvar_exchanger)
      803    0.000    0.000    0.003    0.000 literal.py:59(plain)
     1129    0.000    0.000    0.000    0.000 {method 'index' of 'list' objects}
      315    0.000    0.000    0.012    0.000 class_method.j2:4(root)
      302    0.000    0.000    0.019    0.000 naming.py:54(accessible_name)
     2214    0.000    0.000    0.000    0.000 {method 'keys' of 'dict' objects}
     2330    0.000    0.000    0.000    0.000 render.py:59(__indentation)
      928    0.000    0.000    0.001    0.000 template.py:314(schema)
      679    0.000    0.000    0.006    0.000 primary.py:304(domain_name)
      534    0.000    0.000    0.056    0.000 primary.py:268(receiver)
      192    0.000    0.000    0.001    0.000 runtime.py:260(call)
      797    0.000    0.000    0.009    0.000 lexer.py:401(expect)
     2525    0.000    0.000    0.000    0.000 {built-in method builtins.callable}
      232    0.000    0.000    0.020    0.000 terminal.py:8(match_terminal)
      132    0.000    0.000    0.012    0.000 statement_compound.py:373(parameters)
     1002    0.000    0.000    0.002    0.000 primary.py:278(sliced)
      613    0.000    0.000    0.004    0.000 py2cpp.py:609(is_this_relay)
       58    0.000    0.000    0.010    0.000 loaders.py:192(get_source)
      167    0.000    0.000    0.001    0.000 nodes.py:238(__eq__)
       58    0.000    0.000    0.000    0.000 {method 'close' of '_io.BufferedReader' objects}
      732    0.000    0.000    0.000    0.000 cast_bin_to_bin.j2:4(root)
     2330    0.000    0.000    0.000    0.000 <frozen _collections_abc>:845(__init__)
  230/201    0.000    0.000    0.002    0.000 implements.py:130(_clone)
      372    0.000    0.000    0.002    0.000 async_utils.py:34(wrapper)
      357    0.000    0.000    0.006    0.000 statement_compound.py:532(inherits)
      590    0.000    0.000    0.003    0.000 primary.py:335(type_name)
      579    0.000    0.000    0.025    0.000 primary.py:103(match_feature)
      137    0.000    0.000    0.243    0.002 resolve_unknown.py:51(resolver)
      618    0.000    0.000    0.011    0.000 primary.py:140(match_feature)
     1286    0.000    0.000    0.000    0.000 {built-in method _functools.cmp_to_key}
    62/40    0.000    0.000    0.022    0.001 parser.py:253(parse_if)
      870    0.000    0.000    0.000    0.000 {method 'groupdict' of 're.Match' objects}
  500/356    0.000    0.000    0.014    0.000 parser.py:595(parse_concat)
      256    0.000    0.000    0.004    0.000 primary.py:68(declare)
      201    0.000    0.000    0.001    0.000 template.py:255(apply)
       58    0.000    0.000    0.005    0.000 compiler.py:538(pull_dependencies)
  479/330    0.000    0.000    0.016    0.000 parser.py:555(parse_not)
      302    0.000    0.000    0.002    0.000 naming.py:84(__namespace)
     2036    0.000    0.000    0.000    0.000 {method 'append' of 'collections.deque' objects}
      305    0.000    0.000    0.001    0.000 parser.py:989(flush_data)
      958    0.000    0.000    0.003    0.000 primary.py:250(match_feature)
      368    0.000    0.000    0.027    0.000 reflections.py:108(type_of_constructor)
      431    0.000    0.000    0.001    0.000 compiler.py:1431(_output_child_to_const)
      368    0.000    0.000    0.001    0.000 reflections.py:600(<lambda>)
  468/324    0.000    0.000    0.016    0.000 parser.py:546(parse_and)
  167/120    0.000    0.000    0.008    0.000 compiler.py:44(new_func)
      618    0.000    0.000    0.006    0.000 primary.py:134(match_feature)
      618    0.000    0.000    0.007    0.000 primary.py:150(match_feature)
      151    0.000    0.000    0.003    0.000 query.py:93(ancestor)
       58    0.000    0.000    0.112    0.002 loaders.py:107(load)
      618    0.000    0.000    0.004    0.000 primary.py:164(match_feature)
      448    0.000    0.000    0.022    0.000 naming.py:66(make_manualy)
      791    0.000    0.000    0.000    0.000 template.py:280(__init__)
      632    0.000    0.000    0.000    0.000 enum.py:197(__get__)
      137    0.000    0.000    0.003    0.000 resolve_unknown.py:77(resolve_right_value)
      614    0.000    0.000    0.004    0.000 primary.py:182(match_feature)
        3    0.000    0.000    0.000    0.000 {method '__exit__' of '_io._IOBase' objects}
  468/324    0.000    0.000    0.017    0.000 parser.py:537(parse_or)
       95    0.000    0.000    0.057    0.001 py2cpp.py:664(on_indexer)
      855    0.000    0.000    0.000    0.000 {method 'update' of 'dict' objects}
      206    0.000    0.000    0.001    0.000 {method 'decode' of 'bytes' objects}
      618    0.000    0.000    0.082    0.000 operator.py:28(elements)
      323    0.000    0.000    0.001    0.000 filters.py:538(sync_do_join)
      108    0.000    0.000    0.021    0.000 py2cpp.py:995(proc_binary_operator_expression)
  364/240    0.000    0.000    0.012    0.000 parser.py:522(parse_condexpr)
   116/76    0.000    0.000    0.029    0.000 parser.py:165(parse_statement)
  500/356    0.000    0.000    0.013    0.000 parser.py:616(parse_pow)
      236    0.000    0.000    0.001    0.000 element.py:23(var_type)
    81/40    0.000    0.000    0.004    0.000 idtracking.py:252(visit_If)
       58    0.000    0.000    0.101    0.002 environment.py:728(compile)
       95    0.000    0.000    0.048    0.001 py2cpp.py:684(analyze_indexer_spec)
       71    0.000    0.000    0.005    0.000 parser.py:862(parse_call_args)
      812    0.000    0.000    0.002    0.000 primary.py:261(match_feature)
      618    0.000    0.000    0.004    0.000 primary.py:48(match_feature)
      611    0.000    0.000    0.000    0.000 statement_compound.py:298(operations)
       73    0.000    0.000    0.001    0.000 filters.py:784(do_indent)
       81    0.000    0.000    0.000    0.000 idtracking.py:120(branch_update)
      870    0.000    0.000    0.000    0.000 lexer.py:732(<genexpr>)
       84    0.000    0.000    0.000    0.000 {method 'split' of 're.Pattern' objects}
      232    0.000    0.000    0.001    0.000 path.py:136(consists_of_only)
      736    0.000    0.000    0.000    0.000 lexer.py:340(__bool__)
     1503    0.000    0.000    0.000    0.000 filters.py:822(<genexpr>)
      311    0.000    0.000    0.002    0.000 element.py:17(symbol)
       22    0.000    0.000    0.004    0.000 compiler.py:1157(visit_For)
      236    0.000    0.000    0.001    0.000 lexer.py:290(test_any)
      102    0.000    0.000    0.028    0.000 py2cpp.py:718(on_var_of_type)
      146    0.000    0.000    0.018    0.000 py2cpp.py:648(on_class_ref)
     1285    0.000    0.000    0.000    0.000 reflections.py:32(__procedural_resolver)
      242    0.000    0.000    0.009    0.000 finder.py:82(by_symbolic)
       55    0.000    0.000    0.002    0.000 parser.py:799(parse_subscript)
      437    0.000    0.000    0.032    0.000 reflections.py:560(on_var_of_type)
  500/356    0.000    0.000    0.014    0.000 parser.py:584(parse_math1)
      375    0.000    0.000    0.000    0.000 doc_string.j2:4(root)
       26    0.000    0.000    0.002    0.000 comment.py:48(parse)
    62/40    0.000    0.000    0.010    0.000 compiler.py:1296(visit_If)
   131/90    0.000    0.000    0.020    0.000 parser.py:194(parse_statements)
  500/356    0.000    0.000    0.013    0.000 parser.py:605(parse_math2)
      224    0.000    0.000    0.020    0.000 literal.py:30(match_feature)
       89    0.000    0.000    0.001    0.000 compiler.py:581(enter_frame)
      372    0.000    0.000    0.000    0.000 async_utils.py:24(is_async)
      101    0.000    0.000    0.000    0.000 filters.py:1750(<lambda>)
     1582    0.000    0.000    0.000    0.000 template.py:20(__init__)
  511/409    0.000    0.000    0.005    0.000 parser.py:771(parse_postfix)
      306    0.000    0.000    0.002    0.000 primary.py:40(class_type)
      146    0.000    0.000    0.006    0.000 py2cpp.py:129(to_domain_name)
      562    0.000    0.000    0.000    0.000 nodes.py:470(as_const)
      146    0.000    0.000    0.005    0.000 primary.py:254(class_symbol)
  466/322    0.000    0.000    0.017    0.000 parser.py:513(parse_expression)
      639    0.000    0.000    0.000    0.000 lexer.py:292(<genexpr>)
       63    0.000    0.000    0.001    0.000 statement_compound.py:314(statements)
      267    0.000    0.000    0.152    0.001 primary.py:483(match_feature)
       73    0.000    0.000    0.000    0.000 {method 'splitlines' of 'str' objects}
       21    0.000    0.000    0.023    0.001 py2cpp.py:339(on_class_method)
      254    0.000    0.000    0.009    0.000 statement_simple.py:28(value)
      302    0.000    0.000    0.001    0.000 naming.py:99(__ancestor_classes)
       58    0.000    0.000    0.000    0.000 <frozen posixpath>:71(join)
       75    0.000    0.000    0.003    0.000 cvars.py:144(key_from)
       72    0.000    0.000    0.000    0.000 compiler.py:1753(_filter_test_common)
      316    0.000    0.000    0.000    0.000 idtracking.py:238(visit_Name)
      151    0.000    0.000    0.003    0.000 node.py:392(_ancestor)
   189/58    0.000    0.000    0.017    0.000 compiler.py:442(blockvisit)
  243/120    0.000    0.000    0.003    0.000 idtracking.py:256(inner_visit)
       58    0.000    0.000    0.043    0.001 compiler.py:101(generate)
       29    0.000    0.000    0.014    0.000 reflections.py:366(on_for_in)
       74    0.000    0.000    0.001    0.000 compiler.py:481(signature)
      253    0.000    0.000    0.024    0.000 naming.py:155(accessible_name)
      102    0.000    0.000    0.006    0.000 template.py:136(parameter)
     1358    0.000    0.000    0.000    0.000 {method 'popleft' of 'collections.deque' objects}
      292    0.000    0.000    0.000    0.000 idtracking.py:116(load)
      137    0.000    0.000    0.246    0.002 resolve_unknown.py:75(<lambda>)
  620/610    0.000    0.000    0.000    0.000 idtracking.py:68(find_ref)
       59    0.000    0.000    0.000    0.000 {built-in method builtins.exec}
      206    0.000    0.000    0.000    0.000 var_of_type.j2:4(root)
      341    0.000    0.000    0.000    0.000 compiler.py:281(visit_Name)
      332    0.000    0.000    0.004    0.000 statement_compound.py:487(is_property)
      438    0.000    0.000    0.068    0.000 literal.py:116(values)
      177    0.000    0.000    0.000    0.000 compiler.py:1629(visit_Const)
       58    0.000    0.000    0.041    0.001 parser.py:1028(parse)
      391    0.000    0.000    0.000    0.000 lexer.py:596(_normalize_newlines)
      155    0.000    0.000    0.000    0.000 reflections.py:509(<lambda>)
       58    0.000    0.000    0.001    0.000 lexer.py:323(__init__)
  215/209    0.000    0.000    0.000    0.000 compiler.py:125(has_safe_repr)
      127    0.000    0.000    0.510    0.004 py2cpp.py:461(on_move_assign)
      167    0.000    0.000    0.008    0.000 primary.py:341(template_types)
       52    0.000    0.000    0.001    0.000 comment.py:107(parse_attributes)
      174    0.000    0.000    0.000    0.000 environment.py:457(iter_extensions)
       58    0.000    0.000    0.000    0.000 compiler.py:301(__init__)
       93    0.000    0.000    0.001    0.000 py2cpp.py:688(is_cvar)
      583    0.000    0.000    0.000    0.000 utils.py:81(from_obj)
      336    0.000    0.000    0.001    0.000 primary.py:58(domain_name)
      269    0.000    0.000    0.003    0.000 proxy.py:123(via)
      133    0.000    0.000    0.000    0.000 compiler.py:168(__init__)
       58    0.000    0.000    0.045    0.001 environment.py:613(_parse)
      268    0.000    0.000    0.000    0.000 <frozen importlib._bootstrap>:645(parent)
    62/57    0.000    0.000    0.000    0.000 nodes.py:748(as_const)
       16    0.000    0.000    0.001    0.000 reflections.py:768(on_dict)
      184    0.000    0.000    0.000    0.000 implements.py:420(__init__)
      282    0.000    0.000    0.001    0.000 terminal.py:17(can_expand)
       88    0.000    0.000    0.003    0.000 node.py:119(factory)
      673    0.000    0.000    0.000    0.000 {method 'isidentifier' of 'str' objects}
      226    0.000    0.000    0.000    0.000 parameter.j2:4(root)
      436    0.000    0.000    0.000    0.000 {method 'groups' of 're.Match' objects}
      188    0.000    0.000    0.000    0.000 dict.j2:4(root)
      116    0.000    0.000    0.004    0.000 implements.py:206(__eq__)
      137    0.000    0.000    0.001    0.000 implements.py:670(var)
      177    0.000    0.000    0.000    0.000 compiler.py:1376(_make_finalize)
      184    0.000    0.000    0.002    0.000 implements.py:389(clone)
       18    0.000    0.000    0.019    0.001 py2cpp.py:257(on_for)
    35/33    0.000    0.000    0.008    0.000 symbol_extends.py:121(extends_for_class)
       59    0.000    0.000    0.000    0.000 utils.py:519(__setitem__)
       32    0.000    0.000    0.003    0.000 parser.py:918(parse_filter)
      101    0.000    0.000    0.000    0.000 environment.py:493(_filter_test_common)
       58    0.000    0.000    0.004    0.000 environment.py:656(_tokenize)
      456    0.000    0.000    0.000    0.000 list.j2:4(root)
      186    0.000    0.000    0.000    0.000 idtracking.py:50(_define_ref)
       92    0.000    0.000    0.002    0.000 reflections.py:754(on_pair)
      612    0.000    0.000    0.000    0.000 {method 'copy' of 'dict' objects}
  500/473    0.000    0.000    0.003    0.000 parser.py:784(parse_filter_expr)
      142    0.000    0.000    0.000    0.000 if.j2:4(root)
       82    0.000    0.000    0.084    0.001 symbol_extends.py:75(<lambda>)
       80    0.000    0.000    0.004    0.000 compiler.py:142(find_undeclared)
       22    0.000    0.000    0.005    0.000 parser.py:234(parse_for)
      318    0.000    0.000    0.000    0.000 idtracking.py:77(ref)
      249    0.000    0.000    0.000    0.000 compiler.py:1424(_output_const_repr)
       21    0.000    0.000    0.005    0.000 py2cpp.py:184(unpack_function_template_types)
       58    0.000    0.000    0.044    0.001 environment.py:677(_generate)
       26    0.000    0.000    0.001    0.000 comment.py:90(split_block)
      100    0.000    0.000    0.000    0.000 _block.j2:4(root)
      137    0.000    0.000    0.000    0.000 comment.py:68(__trim_description)
      201    0.000    0.000    0.012    0.000 template.py:222(unpack_symbols)
       85    0.000    0.000    0.001    0.000 statement_compound.py:32(domain_name)
      105    0.000    0.000    0.000    0.000 reflections.py:612(<lambda>)
      336    0.000    0.000    0.000    0.000 parser.py:148(is_tuple_end)
       58    0.000    0.000    0.000    0.000 loaders.py:25(split_template_path)
       58    0.000    0.000    0.000    0.000 environment.py:1210(from_code)
       89    0.000    0.000    0.006    0.000 idtracking.py:46(analyze_node)
      467    0.000    0.000    0.000    0.000 environment.py:480(getattr)
       77    0.000    0.000    0.000    0.000 implements.py:692(generic)
      126    0.000    0.000    0.001    0.000 primary.py:422(template_types)
      147    0.000    0.000    0.001    0.000 _definition.j2:4(root)
      107    0.000    0.000    0.043    0.000 statement_compound.py:381(return_type)
      137    0.000    0.000    0.000    0.000 implements.py:438(__init__)
      262    0.000    0.000    0.009    0.000 statement_simple.py:15(_elements)
      102    0.000    0.000    0.000    0.000 reflections.py:703(<lambda>)
       58    0.000    0.000    0.002    0.000 lexer.py:602(tokenize)
       97    0.000    0.000    0.000    0.000 implements.py:714(result)
    36/32    0.000    0.000    0.001    0.000 compiler.py:1795(visit_Filter)
   128/67    0.000    0.000    0.001    0.000 filters.py:1753(select_or_reject)
      282    0.000    0.000    0.001    0.000 node.py:93(tag)
      146    0.000    0.000    0.004    0.000 naming.py:131(domain_name)
      244    0.000    0.000    0.000    0.000 nodes.py:612(as_const)
      622    0.000    0.000    0.000    0.000 enum.py:1274(name)
      756    0.000    0.000    0.000    0.000 entry.py:74(empty_name)
       21    0.000    0.000    0.003    0.000 template.py:180(templates)
       67    0.000    0.000    0.005    0.000 idtracking.py:178(_simple_visit)
      858    0.000    0.000    0.000    0.000 reflections.py:428(on_argument)
       93    0.000    0.000    0.017    0.000 statement_compound.py:319(_org_statements)
       27    0.000    0.000    0.000    0.000 _compiler.py:243(_optimize_charset)
      115    0.000    0.000    0.001    0.000 statement_simple.py:34(symbols)
    90/75    0.000    0.000    0.000    0.000 nodes.py:863(as_const)
      426    0.000    0.000    0.000    0.000 {built-in method builtins.repr}
       58    0.000    0.000    0.000    0.000 environment.py:1241(_from_namespace)
       58    0.000    0.000    0.000    0.000 environment.py:640(preprocess)
       21    0.000    0.000    0.000    0.000 compiler.py:1030(visit_Include)
      180    0.000    0.000    0.000    0.000 compiler.py:1452(_output_child_pre)
       38    0.000    0.000    0.003    0.000 parser.py:911(parse_call)
      273    0.000    0.000    0.000    0.000 {method 'rpartition' of 'str' objects}
      224    0.000    0.000    0.000    0.000 entry.py:37(has_child)
       63    0.000    0.000    0.000    0.000 compiler.py:219(copy)
       58    0.000    0.000    0.010    0.000 symbol_extends.py:147(extends_for_var)
       55    0.000    0.000    0.000    0.000 nodes.py:716(args_as_const)
       65    0.000    0.000    0.006    0.000 py2cpp.py:453(on_parameter)
       69    0.000    0.000    0.041    0.001 py2cpp.py:959(on_sum)
       30    0.000    0.000    0.016    0.001 statement_compound.py:306(comment)
      137    0.000    0.000    0.001    0.000 reflections.py:355(on_fallback)
       59    0.000    0.000    0.000    0.000 cvars.py:163(to_operator)
       90    0.000    0.000    0.000    0.000 implements.py:508(__init__)
       95    0.000    0.000    0.001    0.000 py2cpp.py:685(is_on_cvar_relay)
        8    0.000    0.000    0.000    0.000 _statements_enum.j2:4(root)
      370    0.000    0.000    0.000    0.000 {method 'strip' of 'str' objects}
      148    0.000    0.000    0.000    0.000 {method 'encode' of 'str' objects}
       53    0.000    0.000    0.000    0.000 type_py2cpp.j2:4(root)
      251    0.000    0.000    0.000    0.000 compiler.py:941(<genexpr>)
       58    0.000    0.000    0.004    0.000 parser.py:51(__init__)
       65    0.000    0.000    0.025    0.000 element.py:28(default_value)
      179    0.000    0.000    0.046    0.000 statement_compound.py:24(statements)
      108    0.000    0.000    0.000    0.000 range.j2:4(root)
       58    0.000    0.000    0.000    0.000 {method 'getvalue' of '_io.StringIO' objects}
       38    0.000    0.000    0.001    0.000 compiler.py:1840(visit_Call)
       29    0.000    0.000    0.007    0.000 reflections.py:383(resolve_method)
       57    0.000    0.000    0.001    0.000 statement_compound.py:538(template_types)
        1    0.000    0.000    0.000    0.000 {method 'write' of '_io.BufferedWriter' objects}
      452    0.000    0.000    0.000    0.000 proxy.py:38(org_raw)
    54/52    0.000    0.000    0.000    0.000 nodes.py:839(as_const)
      341    0.000    0.000    0.000    0.000 {method 'discard' of 'set' objects}
      113    0.000    0.000    0.004    0.000 proxy.py:202(__eq__)
       58    0.000    0.000    0.005    0.000 utils.py:155(open_if_exists)
       57    0.000    0.000    0.006    0.000 statement_compound.py:141(symbols)
      133    0.000    0.000    0.000    0.000 idtracking.py:31(__init__)
       58    0.000    0.000    0.002    0.000 lexer.py:426(get_lexer)
       44    0.000    0.000    0.001    0.000 reflections.py:572(on_custom_type)
       58    0.000    0.000    0.001    0.000 compiler.py:720(write_commons)
       58    0.000    0.000    0.011    0.000 symbol_extends.py:85(<lambda>)
      306    0.000    0.000    0.000    0.000 {method 'copy' of 'set' objects}
    35/23    0.000    0.000    0.000    0.000 sequence.py:66(update)
      110    0.000    0.000    0.001    0.000 statement_compound.py:147(for_in)
      204    0.000    0.000    0.000    0.000 accessible.py:30(operation_by)
        1    0.000    0.000    0.000    0.000 {built-in method nt._path_exists}
       93    0.000    0.000    0.000    0.000 filters.py:175(do_replace)
    71/66    0.000    0.000    0.000    0.000 nodes.py:795(as_const)
       26    0.000    0.000    0.000    0.000 comment.py:130(parse_returns)
       85    0.000    0.000    0.000    0.000 comment.py:79(__each_trim)
       58    0.000    0.000    0.000    0.000 environment.py:1107(make_globals)
       58    0.000    0.000    0.000    0.000 lexer.py:395(close)
       86    0.000    0.000    0.000    0.000 cache.py:28(index_of)
      180    0.000    0.000    0.000    0.000 compiler.py:1468(_output_child_post)
       47    0.000    0.000    0.004    0.000 symbol_extends.py:131(fetch_template_attrs)
      105    0.000    0.000    0.000    0.000 decorator.j2:4(root)
       75    0.000    0.000    0.000    0.000 statement_compound.py:399(block)
       33    0.000    0.000    0.000    0.000 render.py:40(<lambda>)
       99    0.000    0.000    0.000    0.000 unary_operator.j2:4(root)
       21    0.000    0.000    0.002    0.000 parser.py:341(parse_include)
  293/292    0.000    0.000    0.000    0.000 idtracking.py:59(find_load)
      527    0.000    0.000    0.000    0.000 nodes.py:92(get_eval_context)
       61    0.000    0.000    0.000    0.000 <frozen ntpath>:564(normpath)
      137    0.000    0.000    0.000    0.000 template.py:294(case)
       86    0.000    0.000    0.000    0.000 node.py:159(id)
        2    0.000    0.000    0.000    0.000 {built-in method _io.open_code}
       40    0.000    0.000    0.005    0.000 enum.j2:4(root)
      144    0.000    0.000    0.050    0.000 literal.py:98(first)
       68    0.000    0.000    0.021    0.000 operator.py:16(operator)
       89    0.000    0.000    0.000    0.000 idtracking.py:175(__init__)
       26    0.000    0.000    0.000    0.000 py2cpp.py:211(allow_decorators)
       26    0.000    0.000    0.012    0.000 py2cpp.py:1015(on_doc_string)
      462    0.000    0.000    0.000    0.000 primary.py:309(type_name)
       69    0.000    0.000    0.001    0.000 statement_compound.py:101(if_clause)
       86    0.000    0.000    0.001    0.000 statement_compound.py:158(iterates)
       76    0.000    0.000    0.000    0.000 compiler.py:495(<genexpr>)
      186    0.000    0.000    0.000    0.000 {method 'rstrip' of 'str' objects}
       24    0.000    0.000    0.001    0.000 parser.py:471(parse_assign_target)
      136    0.000    0.000    0.029    0.000 primary.py:512(iterates)
        9    0.000    0.000    0.000    0.000 cvars.py:184(to_move)
      306    0.000    0.000    0.000    0.000 compiler.py:418(outdent)
      144    0.000    0.000    0.001    0.000 literal.py:103(second)
       50    0.000    0.000    0.001    0.000 statement_compound.py:392(statements)
      446    0.000    0.000    0.000    0.000 nodes.py:585(as_const)
       24    0.000    0.000    0.000    0.000 nodes.py:204(set_ctx)
      306    0.000    0.000    0.000    0.000 compiler.py:414(indent)
       46    0.000    0.000    0.009    0.000 statement_compound.py:91(else_ifs)
       30    0.000    0.000    0.003    0.000 py2cpp.py:569(on_types_name)
       43    0.000    0.000    0.001    0.000 literal.py:66(match_feature)
       26    0.000    0.000    0.002    0.000 literal.py:76(data)
      101    0.000    0.000    0.000    0.000 environment.py:568(call_test)
      145    0.000    0.000    0.001    0.000 py2cpp.py:1049(on_terminal)
       42    0.000    0.000    0.000    0.000 filters.py:1719(prepare_select_or_reject)
       36    0.000    0.000    0.000    0.000 contextlib.py:299(helper)
      103    0.000    0.000    0.005    0.000 parser.py:710(parse)
      141    0.000    0.000    0.001    0.000 py2cpp.py:566(on_decl_local_var)
       86    0.000    0.000    0.000    0.000 module.py:108(identify)
       46    0.000    0.000    0.001    0.000 statement_compound.py:105(block)
    35/33    0.000    0.000    0.009    0.000 symbol_extends.py:65(<lambda>)
       89    0.000    0.000    0.000    0.000 compiler.py:597(leave_frame)
       40    0.000    0.000    0.000    0.000 finder.py:25(get_object)
       61    0.000    0.000    0.000    0.000 {built-in method nt._path_normpath}
       58    0.000    0.000    0.000    0.000 compiler.py:608(func)
       26    0.000    0.000    0.000    0.000 {method 'findall' of 're.Pattern' objects}
       80    0.000    0.000    0.000    0.000 compiler.py:277(__init__)
      143    0.000    0.000    0.000    0.000 {method 'replace' of 'str' objects}
       58    0.000    0.000    0.002    0.000 environment.py:452(lexer)
       25    0.000    0.000    0.000    0.000 py2cpp.py:224(to_accessor)
       52    0.000    0.000    0.000    0.000 closure.j2:4(root)
      8/6    0.000    0.000    0.000    0.000 parser.py:206(parse)
      101    0.000    0.000    0.000    0.000 filters.py:1744(func)
        9    0.000    0.000    0.008    0.001 class.j2:4(root)
       75    0.000    0.000    0.000    0.000 compiler.py:226(inner)
        1    0.000    0.000    0.000    0.000 reflections.py:288(__make_procedure)
       46    0.000    0.000    0.016    0.000 statement_compound.py:85(statements)
       18    0.000    0.000    0.000    0.000 cvar_to.j2:4(root)
       22    0.000    0.000    0.001    0.000 parser.py:830(parse_subscribed)
       30    0.000    0.000    0.008    0.000 primary.py:431(or_types)
      243    0.000    0.000    0.000    0.000 {method 'update' of 'set' objects}
        9    0.000    0.000    0.002    0.000 compiler.py:1335(visit_FilterBlock)
       52    0.000    0.000    0.000    0.000 _comment.j2:4(root)
       36    0.000    0.000    0.000    0.000 contextlib.py:104(__init__)
      137    0.000    0.000    0.000    0.000 template.py:305(other_case)
       38    0.000    0.000    0.006    0.000 py2cpp.py:1027(on_list)
       25    0.000    0.000    0.000    0.000 accessible.py:5(to_accessor)
    22/21    0.000    0.000    0.000    0.000 compiler.py:1722(visit_Getitem)
       23    0.000    0.000    0.000    0.000 dsn.py:66(shift)
        1    0.000    0.000    0.000    0.000 {built-in method _hashlib.openssl_md5}
      100    0.000    0.000    0.000    0.000 return.j2:4(root)
       63    0.000    0.000    0.000    0.000 compiler.py:232(soft)
    33/26    0.000    0.000    0.000    0.000 compiler.py:1710(visit_Getattr)
       36    0.000    0.000    0.014    0.000 statement_compound.py:152(statements)
       86    0.000    0.000    0.000    0.000 query.py:222(id)
        1    0.000    0.000    0.002    0.002 lexer.py:477(__init__)
       55    0.000    0.000    0.022    0.000 reflections.py:664(on_sum)
       26    0.000    0.000    0.001    0.000 compiler.py:1698(visit_Compare)
       64    0.000    0.000    0.000    0.000 in.j2:4(root)
       18    0.000    0.000    0.000    0.000 nodes.py:521(as_const)
       58    0.000    0.000    0.012    0.000 environment.py:698(_compile)
      129    0.000    0.000    0.000    0.000 enum.py:1254(__hash__)
       33    0.000    0.000    0.001    0.000 implements.py:495(clone)
      269    0.000    0.000    0.000    0.000 implements.py:103(via)
       25    0.000    0.000    0.001    0.000 statement_compound.py:294(accessor)
       12    0.000    0.000    0.000    0.000 nodes.py:885(as_const)
       23    0.000    0.000    0.005    0.000 py2cpp.py:248(on_if)
       46    0.000    0.000    0.000    0.000 statement_compound.py:56(block)
       21    0.000    0.000    0.000    0.000 compiler.py:713(dump_local_context)
       58    0.000    0.000    0.003    0.000 nodes.py:184(find)
        9    0.000    0.000    0.003    0.000 parser.py:433(parse_filter_block)
       48    0.000    0.000    0.000    0.000 filters.py:1507(sync_do_select)
        9    0.000    0.000    0.003    0.000 py2cpp.py:271(proc_for_range)
       15    0.000    0.000    0.000    0.000 reflections.py:575(on_union_type)
       19    0.000    0.000    0.000    0.000 _compiler.py:467(_get_charset_prefix)
       37    0.000    0.000    0.000    0.000 nodes.py:918(as_const)
       58    0.000    0.000    0.000    0.000 {built-in method _functools.reduce}
      116    0.000    0.000    0.000    0.000 template.py:58(is_a)
       22    0.000    0.000    0.000    0.000 idtracking.py:202(visit_For)
       50    0.000    0.000    0.000    0.000 list_type.j2:4(root)
       68    0.000    0.000    0.000    0.000 operator.py:21(value)
       36    0.000    0.000    0.000    0.000 statement_compound.py:162(block)
    26/15    0.000    0.000    0.000    0.000 {built-in method _abc._abc_subclasscheck}
        6    0.000    0.000    0.000    0.000 parser.py:182(parse_block_to_entry)
       21    0.000    0.000    0.019    0.001 py2cpp.py:944(on_comparison)
      131    0.000    0.000    0.000    0.000 compiler.py:762(get_resolve_func)
       58    0.000    0.000    0.000    0.000 __init__.py:998(__init__)
       25    0.000    0.000    0.014    0.001 statement_compound.py:386(comment)
        5    0.000    0.000    0.000    0.000 <frozen importlib._bootstrap_external>:96(_path_join)
       27    0.000    0.000    0.000    0.000 _compiler.py:216(_compile_charset)
       33    0.000    0.000    0.000    0.000 implements.py:473(__init__)
       32    0.000    0.000    0.000    0.000 _parser.py:86(opengroup)
       21    0.000    0.000    0.000    0.000 py2cpp.py:194(<lambda>)
      132    0.000    0.000    0.000    0.000 {built-in method nt.fspath}
       18    0.000    0.000    0.015    0.001 py2cpp.py:962(on_term)
       36    0.000    0.000    0.000    0.000 contextlib.py:141(__exit__)
       21    0.000    0.000    0.003    0.000 py2cpp.py:456(on_decorator)
       27    0.000    0.000    0.002    0.000 py2cpp.py:932(on_factor)
      137    0.000    0.000    0.000    0.000 runtime.py:249(get_all)
       52    0.000    0.000    0.000    0.000 py2cpp.py:1024(on_pair)
       23    0.000    0.000    0.009    0.000 statement_compound.py:96(else_clause)
       11    0.000    0.000    0.000    0.000 template.py:101(returns)
       58    0.000    0.000    0.000    0.000 compiler.py:255(__init__)
    36/32    0.000    0.000    0.000    0.000 compiler.py:259(visit_Filter)
       36    0.000    0.000    0.000    0.000 contextlib.py:132(__enter__)
       40    0.000    0.000    0.000    0.000 reflections.py:57(get_object)
       21    0.000    0.000    0.004    0.000 primary.py:345(primary_type)
       37    0.000    0.000    0.024    0.001 reflections.py:667(on_term)
     14/6    0.000    0.000    0.001    0.000 parser.py:153(format)
       20    0.000    0.000    0.000    0.000 _assign_dict.j2:4(root)
       52    0.000    0.000    0.000    0.000 cvars.py:80(is_raw_raw)
      138    0.000    0.000    0.000    0.000 environment.py:461(getitem)
        2    0.000    0.000    0.000    0.000 _statements.j2:4(root)
       16    0.000    0.000    0.000    0.000 {method 'format' of 'str' objects}
      149    0.000    0.000    0.000    0.000 {built-in method builtins.hash}
       21    0.000    0.000    0.000    0.000 statement_compound.py:433(class_types)
       24    0.000    0.000    0.010    0.000 primary.py:352(match_feature)
       26    0.000    0.000    0.000    0.000 compiler.py:1706(visit_Operand)
    16/14    0.000    0.000    0.000    0.000 statement_compound.py:543(fetch_template_types)
       20    0.000    0.000    0.002    0.000 py2cpp.py:504(on_return)
       56    0.000    0.000    0.006    0.000 literal.py:129(items)
       75    0.000    0.000    0.000    0.000 {method 'find' of 'bytearray' objects}
        4    0.000    0.000    0.003    0.001 py2cpp.py:393(on_closure)
       26    0.000    0.000    0.000    0.000 literal.py:71(plain)
       28    0.000    0.000    0.001    0.000 proxy.py:213(__repr__)
      157    0.000    0.000    0.000    0.000 implements.py:613(context)
       23    0.000    0.000    0.012    0.001 statement_compound.py:80(condition)
       41    0.000    0.000    0.000    0.000 compiler.py:384(temporary_identifier)
        5    0.000    0.000    0.000    0.000 _compiler.py:386(_mk_bitmap)
       58    0.000    0.000    0.000    0.000 <frozen posixpath>:41(_get_sep)
      101    0.000    0.000    0.000    0.000 {built-in method _operator.ne}
        4    0.000    0.000    0.000    0.000 statement_compound.py:507(binded_this)
       64    0.000    0.000    0.000    0.000 eventemitter.py:39(on)
       24    0.000    0.000    0.000    0.000 dict_items.j2:4(root)
       23    0.000    0.000    0.000    0.000 py2cpp.py:523(on_comment)
       22    0.000    0.000    0.000    0.000 _template_types.j2:4(root)
       20    0.000    0.000    0.009    0.000 statement_simple.py:91(return_value)
       26    0.000    0.000    0.000    0.000 __init__.py:199(split)
        1    0.000    0.000    0.010    0.010 py2cpp.py:400(on_class)
        5    0.000    0.000    0.004    0.001 py2cpp.py:526(on_import)
      101    0.000    0.000    0.000    0.000 compiler.py:605(choose_async)
       21    0.000    0.000    0.000    0.000 compiler.py:434(simple_write)
       16    0.000    0.000    0.000    0.000 reflections.py:739(on_float)
        1    0.000    0.000    0.000    0.000 enum.py:1401(_missing_)
        1    0.000    0.000    0.000    0.000 statement_compound.py:688(_collect_impl)
       16    0.000    0.000    0.000    0.000 py2cpp.py:1012(on_string)
       11    0.000    0.000    0.007    0.001 py2cpp.py:732(on_custom_type)
       35    0.000    0.000    0.000    0.000 dict_type.j2:4(root)
       22    0.000    0.000    0.000    0.000 idtracking.py:112(declare_parameter)
        1    0.000    0.000    3.241    3.241 transpile.py:273(exec)
       21    0.000    0.000    0.000    0.000 _decorators.j2:4(root)
        6    0.000    0.000    0.001    0.000 py2cpp.py:124(<lambda>)
       23    0.000    0.000    0.000    0.000 statement_simple.py:143(text)
       26    0.000    0.000    0.000    0.000 __init__.py:209(findall)
       11    0.000    0.000    0.000    0.000 reflections.py:563(on_list_type)
        4    0.000    0.000    0.007    0.002 py2cpp.py:441(on_enum)
       21    0.000    0.000    0.000    0.000 statement_compound.py:425(is_abstract)
       62    0.000    0.000    0.000    0.000 {method 'add' of 'set' objects}
       28    0.000    0.000    0.000    0.000 reflections.py:578(on_null_type)
       10    0.000    0.000    0.000    0.000 to_cvar.j2:4(root)
       10    0.000    0.000    0.001    0.000 statement_simple.py:154(symbols)
        1    0.000    0.000    0.000    0.000 {method 'disable' of '_lsprof.Profiler' objects}
        5    0.000    0.000    0.000    0.000 default.j2:1(<module>)
      137    0.000    0.000    0.000    0.000 environment.py:938(join_path)
       32    0.000    0.000    0.000    0.000 _parser.py:98(closegroup)
       12    0.000    0.000    0.005    0.000 py2cpp.py:1030(on_dict)
       21    0.000    0.000    0.000    0.000 statement_compound.py:429(is_override)
       15    0.000    0.000    0.000    0.000 primary.py:194(symbol)
        1    0.000    0.000    0.001    0.001 writer.py:24(flush)
       26    0.000    0.000    0.000    0.000 comment.py:169(parse_note)
       98    0.000    0.000    0.000    0.000 parser.py:870(ensure)
        1    0.000    0.000    0.000    0.000 io.py:71(hash)
     13/7    0.000    0.000    0.000    0.000 implements.py:524(clone)
        2    0.000    0.000    0.000    0.000 typing.py:1030(_generic_class_getitem)
       64    0.000    0.000    0.000    0.000 procedure.py:35(on)
       16    0.000    0.000    0.000    0.000 primary.py:203(alias)
        3    0.000    0.000    0.002    0.001 py2cpp.py:282(proc_for_dict_items)
       10    0.000    0.000    0.002    0.000 py2cpp.py:723(on_list_type)
       89    0.000    0.000    0.000    0.000 idtracking.py:235(__init__)
       18    0.000    0.000    0.000    0.000 statement_compound.py:573(block)
       21    0.000    0.000    0.000    0.000 parser.py:329(parse_import_context)
       20    0.000    0.000    0.000    0.000 import.j2:4(root)
       21    0.000    0.000    0.004    0.000 primary.py:357(value_type)
        1    0.000    0.000    0.005    0.005 py2cpp.py:301(on_comp_for)
        5    0.000    0.000    0.000    0.000 _decorator.j2:4(root)
       10    0.000    0.000    0.000    0.000 len.j2:4(root)
       30    0.000    0.000    0.001    0.000 primary.py:168(class_types)
        6    0.000    0.000    0.000    0.000 compiler.py:60(visitor)
        1    0.000    0.000    0.000    0.000 <frozen importlib._bootstrap_external>:1590(find_spec)
       23    0.000    0.000    0.011    0.000 statement_compound.py:45(condition)
       30    0.000    0.000    0.000    0.000 compiler.py:422(start_write)
        2    0.000    0.000    0.000    0.000 _parser.py:996(parse_template)
       14    0.000    0.000    0.000    0.000 primary.py:366(match_feature)
       14    0.000    0.000    0.000    0.000 typing.py:1169(__setattr__)
     12/9    0.000    0.000    0.006    0.001 primary.py:391(match_feature)
       13    0.000    0.000    0.000    0.000 statement_compound.py:566(statements)
       28    0.000    0.000    0.000    0.000 anno_assign.j2:4(root)
       22    0.000    0.000    0.000    0.000 idtracking.py:291(visit_For)
        1    0.000    0.000    0.001    0.001 <frozen importlib._bootstrap>:1349(_find_and_load)
       21    0.000    0.000    0.000    0.000 idtracking.py:147(dump_stores)
      101    0.000    0.000    0.000    0.000 filters.py:1737(transfunc)
       56    0.000    0.000    0.000    0.000 _compiler.py:31(_combine_flags)
        1    0.000    0.000    0.001    0.001 py2cpp.py:236(on_entrypoint)
        1    0.000    0.000    0.001    0.001 __init__.py:71(search_function)
       20    0.000    0.000    0.000    0.000 node.py:59(__hash__)
       58    0.000    0.000    0.000    0.000 compiler.py:939(<genexpr>)
        4    0.000    0.000    0.000    0.000 _parser.py:274(getuntil)
       26    0.000    0.000    0.000    0.000 comment.py:180(parse_examples)
       74    0.000    0.000    0.000    0.000 compiler.py:497(<genexpr>)
        1    0.000    0.000    0.000    0.000 <frozen importlib._bootstrap>:1240(_find_spec)
        2    0.000    0.000    0.000    0.000 compiler.py:1558(visit_Assign)
        2    0.000    0.000    0.001    0.000 parser.py:223(parse_set)
       11    0.000    0.000    0.000    0.000 reflections.py:613(<lambda>)
        2    0.000    0.000    0.000    0.000 io.py:92(__resolve_filepath)
        1    0.000    0.000    0.000    0.000 io.py:34(load)
        2    0.000    0.000    0.000    0.000 parser.py:744(parse_list)
       58    0.000    0.000    0.000    0.000 optimizer.py:27(__init__)
       16    0.000    0.000    0.000    0.000 <string>:1(<lambda>)
       10    0.000    0.000    0.000    0.000 enum.py:1531(__or__)
    26/15    0.000    0.000    0.000    0.000 <frozen abc>:121(__subclasscheck__)
       10    0.000    0.000    0.000    0.000 compiler.py:1743(visit_Slice)
       10    0.000    0.000    0.001    0.000 lexer.py:481(c)
        1    0.000    0.000    0.000    0.000 <frozen importlib._bootstrap_external>:1062(get_code)
      101    0.000    0.000    0.000    0.000 filters.py:1535(<lambda>)
       26    0.000    0.000    0.000    0.000 comment.py:146(parse_raises)
        2    0.000    0.000    0.000    0.000 <frozen ntpath>:107(join)
        1    0.000    0.000    0.000    0.000 __init__.py:43(normalize_encoding)
       36    0.000    0.000    0.000    0.000 nodes.py:888(const)
       24    0.000    0.000    0.000    0.000 nodes.py:550(can_assign)
        2    0.000    0.000    0.000    0.000 typing.py:1223(__init__)
        2    0.000    0.000    0.000    0.000 compiler.py:781(pop_assign_tracking)
        6    0.000    0.000    0.000    0.000 else.j2:4(root)
        2    0.000    0.000    0.000    0.000 __init__.py:331(_compile_template)
       21    0.000    0.000    0.000    0.000 py2cpp.py:560(on_decl_class_param)
       19    0.000    0.000    0.000    0.000 list_comp.j2:4(root)
        9    0.000    0.000    0.000    0.000 compiler.py:389(buffer)
       14    0.000    0.000    0.000    0.000 primary.py:199(entity_symbol)
        1    0.000    0.000    0.001    0.001 <frozen importlib._bootstrap>:1304(_find_and_load_unlocked)
       18    0.000    0.000    0.000    0.000 tenary_operator.j2:4(root)
        1    0.000    0.000    0.000    0.000 <frozen importlib._bootstrap>:304(acquire)
       15    0.000    0.000    0.000    0.000 primary.py:189(tokens)
       14    0.000    0.000    0.000    0.000 parser.py:133(name)
        6    0.000    0.000    0.000    0.000 py2cpp.py:935(on_not_compare)
        1    0.000    0.000    0.007    0.007 py2cpp.py:320(on_list_comp)
       22    0.000    0.000    0.001    0.000 compiler.py:1170(<genexpr>)
        1    0.000    0.000    0.000    0.000 doc_string.j2:1(<module>)
        1    0.000    0.000    0.000    0.000 primary.py:572(binded_this)
       55    0.000    0.000    0.000    0.000 nodes.py:720(<genexpr>)
        5    0.000    0.000    0.001    0.000 py2cpp.py:726(on_dict_type)
        4    0.000    0.000    0.003    0.001 primary.py:408(template_types)
        1    0.000    0.000    0.000    0.000 <frozen importlib._bootstrap>:426(_get_module_lock)
        1    0.000    0.000    0.001    0.001 py2cpp.py:712(on_relay_of_type)
        1    0.000    0.000    0.000    0.000 encoder.py:205(iterencode)
        4    0.000    0.000    0.001    0.000 py2cpp.py:480(on_anno_assign)
        2    0.000    0.000    0.000    0.000 <frozen importlib._bootstrap_external>:482(cache_from_source)
        4    0.000    0.000    0.000    0.000 relay_of_type.j2:4(root)
       10    0.000    0.000    0.003    0.000 primary.py:371(key_type)
        5    0.000    0.000    0.000    0.000 compiler.py:84(visitor)
       15    0.000    0.000    0.000    0.000 py2cpp.py:576(on_import_as_name)
        5    0.000    0.000    0.000    0.000 reflections.py:566(on_dict_type)
        8    0.000    0.000    0.000    0.000 literal.py:42(match_feature)
        1    0.000    0.000    0.000    0.000 <frozen importlib._bootstrap_external>:1488(_get_spec)
        4    0.000    0.000    0.000    0.000 _parser.py:312(_class_escape)
        1    0.000    0.000    0.000    0.000 module.py:75(handler)
        5    0.000    0.000    0.000    0.000 <frozen ntpath>:179(splitroot)
        2    0.000    0.000    0.000    0.000 <frozen importlib._bootstrap_external>:1183(get_data)
       20    0.000    0.000    0.000    0.000 {method 'lstrip' of 'str' objects}
       10    0.000    0.000    0.002    0.000 expression.py:7(expression)
        9    0.000    0.000    0.000    0.000 idtracking.py:300(visit_FilterBlock)
        6    0.000    0.000    0.000    0.000 nodes.py:994(as_const)
        1    0.000    0.000    0.000    0.000 transpile.py:236(output_filepath)
       14    0.000    0.000    0.000    0.000 typing.py:1117(_is_dunder)
        1    0.000    0.000    0.000    0.000 __init__.py:183(dumps)
        4    0.000    0.000    0.001    0.000 statement_compound.py:67(statements)
        1    0.000    0.000    0.000    0.000 statement_compound.py:585(constructor_exists)
       10    0.000    0.000    0.000    0.000 primary.py:376(value_type)
        2    0.000    0.000    0.000    0.000 _template_types.j2:1(<module>)
        1    0.000    0.000    0.000    0.000 in.j2:1(<module>)
        1    0.000    0.000    0.000    0.000 <frozen importlib._bootstrap_external>:989(exec_module)
        7    0.000    0.000    0.000    0.000 cvars.py:124(is_const)
       25    0.000    0.000    0.000    0.000 compiler.py:771(parameter_is_undeclared)
        2    0.000    0.000    0.000    0.000 _comment.j2:1(<module>)
        1    0.000    0.000    0.000    0.000 dict_items.j2:1(<module>)
        1    0.000    0.000    0.000    0.000 <frozen importlib._bootstrap>:806(module_from_spec)
        1    0.000    0.000    0.001    0.001 {built-in method builtins.__import__}
       33    0.000    0.000    0.000    0.000 implements.py:489(via)
       19    0.000    0.000    0.000    0.000 entrypoint.j2:4(root)
        1    0.000    0.000    0.000    0.000 <frozen importlib._bootstrap_external>:1585(_get_spec)
        3    0.000    0.000    0.000    0.000 {built-in method nt._getfullpathname}
        9    0.000    0.000    0.000    0.000 fill_list.j2:4(root)
       10    0.000    0.000    0.000    0.000 module.py:131(elements)
        5    0.000    0.000    0.002    0.000 statement_compound.py:560(comment)
        4    0.000    0.000    0.001    0.000 statement_compound.py:653(symbol)
        4    0.000    0.000    0.000    0.000 statement_simple.py:47(var_type)
       30    0.000    0.000    0.000    0.000 compiler.py:429(end_write)
        1    0.000    0.000    0.000    0.000 class.j2:1(<module>)
        1    0.000    0.000    0.003    0.003 py2cpp.py:990(proc_binary_operator_fill_list)
        3    0.000    0.000    0.000    0.000 primary.py:520(symbols)
        1    0.000    0.000    0.000    0.000 print.j2:1(<module>)
        1    0.000    0.000    0.000    0.000 <frozen importlib._bootstrap_external>:802(spec_from_file_location)
        1    0.000    0.000    0.000    0.000 lexer.py:211(compile_rules)
        8    0.000    0.000    0.000    0.000 parser.py:110(__init__)
        1    0.000    0.000    0.000    0.000 unicode_escape.py:1(<module>)
        1    0.000    0.000    0.000    0.000 compiler.py:1817(visit_CondExpr)
        1    0.000    0.000    0.000    0.000 <frozen importlib._bootstrap>:232(__init__)
        1    0.000    0.000    0.000    0.000 <frozen importlib._bootstrap>:733(_init_module_attrs)
        4    0.000    0.000    0.001    0.000 statement_simple.py:42(receiver)
       35    0.000    0.000    0.000    0.000 reflections.py:637(on_factor)
        1    0.000    0.000    0.000    0.000 comp_for.j2:1(<module>)
        7    0.000    0.000    0.000    0.000 __init__.py:255(escape)
        3    0.000    0.000    0.001    0.000 py2cpp.py:1007(on_tenary_operator)
        5    0.000    0.000    0.000    0.000 translation.py:18(import_dsn)
        4    0.000    0.000    0.003    0.001 primary.py:453(type_params)
       10    0.000    0.000    0.000    0.000 primary.py:382(primary_type)
       21    0.000    0.000    0.000    0.000 compiler.py:714(<genexpr>)
        1    0.000    0.000    0.000    0.000 _assign_dict.j2:1(<module>)
        1    0.000    0.000    0.000    0.000 <frozen importlib._bootstrap>:911(_load_unlocked)
        4    0.000    0.000    0.000    0.000 primary.py:526(for_in)
        6    0.000    0.000    0.000    0.000 print.j2:4(root)
        1    0.000    0.000    0.000    0.000 type_py2cpp.j2:1(<module>)
        1    0.000    0.000    0.000    0.000 len.j2:1(<module>)
        1    0.000    0.000    0.000    0.000 <frozen ntpath>:236(split)
        3    0.000    0.000    0.001    0.000 primary.py:319(receiver)
        2    0.000    0.000    0.000    0.000 reflections.py:569(on_callable_type)
        4    0.000    0.000    0.000    0.000 statement_compound.py:73(block)
        7    0.000    0.000    0.000    0.000 comp_for.j2:4(root)
        1    0.000    0.000    0.000    0.000 unicode_escape.py:37(getregentry)
        1    0.000    0.000    0.000    0.000 _inherits.j2:1(<module>)
        1    0.000    0.000    0.000    0.000 statement_compound.py:676(collect)
       29    0.000    0.000    0.000    0.000 reflections.py:400(<lambda>)
        1    0.000    0.000    0.000    0.000 import.j2:1(<module>)
        1    0.000    0.000    0.000    0.000 encoder.py:183(encode)
        2    0.000    0.000    0.000    0.000 primary.py:555(fors)
        5    0.000    0.000    0.000    0.000 statement_simple.py:150(import_path)
        5    0.000    0.000    0.007    0.001 reflections.py:649(on_comparison)
        3    0.000    0.000    0.000    0.000 c_pragma.j2:4(root)
        1    0.000    0.000    0.000    0.000 if.j2:1(<module>)
        1    0.000    0.000    0.000    0.000 fill_list.j2:1(<module>)
        1    0.000    0.000    0.000    0.000 <frozen importlib._bootstrap>:124(setdefault)
        1    0.000    0.000    0.000    0.000 {method 'hexdigest' of '_hashlib.HASH' objects}
        4    0.000    0.000    0.003    0.001 primary.py:398(parameters)
        4    0.000    0.000    0.000    0.000 statement_simple.py:52(value)
       14    0.000    0.000    0.000    0.000 runtime.py:811(__init__)
        1    0.000    0.000    0.000    0.000 list_type.j2:1(<module>)
        1    0.000    0.000    0.000    0.000 else.j2:1(<module>)
        2    0.000    0.000    0.001    0.001 py2cpp.py:245(on_else)
        1    0.000    0.000    0.000    0.000 _prepare.j2:4(root)
        1    0.000    0.000    0.000    0.000 dict.j2:1(<module>)
        1    0.000    0.000    0.000    0.000 <frozen importlib._bootstrap_external>:611(_get_cached)
        3    0.000    0.000    0.000    0.000 {built-in method builtins.all}
        2    0.000    0.000    0.000    0.000 idtracking.py:94(store)
        2    0.000    0.000    0.000    0.000 lexer.py:352(look)
        1    0.000    0.000    0.000    0.000 relay_of_type.j2:1(<module>)
        1    0.000    0.000    0.000    0.000 <frozen importlib._bootstrap>:416(__enter__)
        2    0.000    0.000    0.000    0.000 <frozen ntpath>:87(isabs)
        7    0.000    0.000    0.000    0.000 {method 'translate' of 'str' objects}
        1    0.000    0.000    0.000    0.000 header.py:76(to_json)
        6    0.000    0.000    0.000    0.000 cvars.py:102(is_addr_p)
        1    0.000    0.000    0.000    0.000 list_comp.j2:1(<module>)
        2    0.000    0.000    0.000    0.000 typing.py:1130(__init__)
        1    0.000    0.000    0.000    0.000 transpile.py:263(by_entrypoint)
        9    0.000    0.000    0.000    0.000 general.py:21(scope)
        1    0.000    0.000    0.000    0.000 _inherits.j2:4(root)
        1    0.000    0.000    0.000    0.000 return.j2:1(<module>)
        1    0.000    0.000    0.000    0.000 list.j2:1(<module>)
        1    0.000    0.000    0.000    0.000 move_assign.j2:1(<module>)
        1    0.000    0.000    0.000    0.000 enum.j2:1(<module>)
        1    0.000    0.000    0.000    0.000 anno_assign.j2:1(<module>)
        1    0.000    0.000    0.000    0.000 cvar_to.j2:1(<module>)
        1    0.000    0.000    0.000    0.000 _prepare.j2:1(<module>)
        3    0.000    0.000    0.000    0.000 <frozen ntpath>:596(abspath)
        1    0.000    0.000    0.000    0.000 <frozen importlib._bootstrap>:162(__enter__)
       11    0.000    0.000    0.000    0.000 {built-in method _operator.neg}
        3    0.000    0.000    0.000    0.000 enum.py:1381(_iter_member_by_value_)
        6    0.000    0.000    0.002    0.000 operator.py:80(primary)
        2    0.000    0.000    0.000    0.000 nodes.py:648(as_const)
        9    0.000    0.000    0.000    0.000 compiler.py:134(<genexpr>)
        1    0.000    0.000    0.000    0.000 decorator.j2:1(<module>)
        1    0.000    0.000    0.000    0.000 _definition.j2:1(<module>)
        1    0.000    0.000    0.000    0.000 range.j2:1(<module>)
        3    0.000    0.000    0.000    0.000 <frozen importlib._bootstrap>:480(_call_with_frames_removed)
       19    0.000    0.000    0.000    0.000 py2cpp.py:254(on_for_in)
        2    0.000    0.000    0.000    0.000 lexer.py:348(push)
        1    0.000    0.000    0.000    0.000 unary_operator.j2:1(<module>)
        1    0.000    0.000    0.000    0.000 tenary_operator.j2:1(<module>)
        1    0.000    0.000    0.000    0.000 class_method.j2:1(<module>)
        1    0.000    0.000    0.000    0.000 to_cvar.j2:1(<module>)
        1    0.000    0.000    0.000    0.000 closure.j2:1(<module>)
        4    0.000    0.000    0.000    0.000 _parser.py:304(checkgroupname)
        2    0.000    0.000    0.000    0.000 primary.py:324(prop)
        1    0.000    0.000    0.000    0.000 procedure.py:25(__init__)
        1    0.000    0.000    0.000    0.000 reflections.py:279(__init__)
        1    0.000    0.000    0.000    0.000 argument.j2:1(<module>)
        1    0.000    0.000    0.000    0.000 _classify.j2:1(<module>)
        1    0.000    0.000    0.000    0.000 _vars.j2:1(<module>)
        1    0.000    0.000    0.000    0.000 _statements.j2:1(<module>)
        1    0.000    0.000    0.000    0.000 _after.j2:1(<module>)
        1    0.000    0.000    0.000    0.000 entrypoint.j2:1(<module>)
        4    0.000    0.000    0.000    0.000 _parser.py:1004(addliteral)
        6    0.000    0.000    0.000    0.000 operator.py:85(condition)
        1    0.000    0.000    0.000    0.000 c_pragma.j2:1(<module>)
        1    0.000    0.000    0.000    0.000 var_of_type.j2:1(<module>)
        1    0.000    0.000    0.000    0.000 _decorator.j2:1(<module>)
        1    0.000    0.000    0.000    0.000 _statements_enum.j2:1(<module>)
        1    0.000    0.000    0.000    0.000 cast_bin_to_bin.j2:1(<module>)
        1    0.000    0.000    0.000    0.000 _decorators.j2:1(<module>)
        1    0.000    0.000    0.000    0.000 _block.j2:1(<module>)
        2    0.000    0.000    0.000    0.000 <frozen importlib._bootstrap_external>:132(_path_split)
        1    0.000    0.000    0.000    0.000 <frozen importlib._bootstrap_external>:172(_path_isabs)
        5    0.000    0.000    0.000    0.000 {method 'translate' of 'bytearray' objects}
        2    0.000    0.000    0.000    0.000 primary.py:403(return_type)
        2    0.000    0.000    0.000    0.000 primary.py:531(iterates)
        7    0.000    0.000    0.000    0.000 compiler.py:1366(_default_finalize)
        1    0.000    0.000    0.000    0.000 parameter.j2:1(<module>)
        1    0.000    0.000    0.000    0.000 dict_type.j2:1(<module>)
        1    0.000    0.000    0.000    0.000 _before.j2:1(<module>)
        6    0.000    0.000    0.000    0.000 <frozen importlib._bootstrap_external>:134(<genexpr>)
        1    0.000    0.000    0.005    0.005 py2cpp.py:941(on_and_compare)
        2    0.000    0.000    0.001    0.000 primary.py:550(projection)
        6    0.000    0.000    0.000    0.000 operator.py:90(secondary)
        2    0.000    0.000    0.000    0.000 lexer.py:459(__new__)
        4    0.000    0.000    0.000    0.000 typing.py:1044(<genexpr>)
        3    0.000    0.000    0.000    0.000 enum.py:1391(_iter_member_by_def_)
        1    0.000    0.000    3.240    3.240 py2cpp.py:97(transpile)
        1    0.000    0.000    0.000    0.000 primary.py:545(domain_name)
        2    0.000    0.000    0.000    0.000 nodes.py:704(as_const)
        1    0.000    0.000    0.000    0.000 <frozen importlib._bootstrap>:372(release)
        2    0.000    0.000    0.000    0.000 _parser.py:1012(addgroup)
        1    0.000    0.000    0.000    0.000 py2cpp.py:91(meta)
       13    0.000    0.000    0.000    0.000 implements.py:518(via)
        1    0.000    0.000    0.000    0.000 <frozen codecs>:94(__new__)
        1    0.000    0.000    0.000    0.000 {built-in method _imp.is_builtin}
        2    0.000    0.000    0.000    0.000 typing.py:262(_collect_parameters)
       11    0.000    0.000    0.000    0.000 node.py:103(domain_name)
       12    0.000    0.000    0.000    0.000 primary.py:416(match_feature)
       10    0.000    0.000    0.000    0.000 py2cpp.py:520(on_continue)
        2    0.000    0.000    0.000    0.000 idtracking.py:286(visit_Assign)
        1    0.000    0.000    0.000    0.000 <frozen ntpath>:275(dirname)
        3    0.000    0.000    0.000    0.000 reflections.py:720(on_tenary_operator)
        1    0.000    0.000    0.000    0.000 header.py:84(to_header_str)
        2    0.000    0.000    0.001    0.000 general.py:31(statements)
        1    0.000    0.000    0.000    0.000 <frozen importlib._bootstrap_external>:1517(find_spec)
        1    0.000    0.000    0.000    0.000 <frozen importlib._bootstrap>:420(__exit__)
        1    0.000    0.000    0.000    0.000 reflections.py:556(on_relay_of_type)
        1    0.000    0.000    0.000    0.000 statement_compound.py:337(_decl_vars_with)
        2    0.000    0.000    0.000    0.000 compiler.py:777(push_assign_tracking)
       14    0.000    0.000    0.000    0.000 runtime.py:894(__bool__)
        3    0.000    0.000    0.000    0.000 enum.py:117(_iter_bits_lsb)
        2    0.000    0.000    0.000    0.000 _classify.j2:4(root)
        2    0.000    0.000    0.000    0.000 <frozen importlib._bootstrap>:632(cached)
        5    0.000    0.000    0.000    0.000 <frozen importlib._bootstrap>:491(_verbose_message)
        1    0.000    0.000    0.000    0.000 <frozen importlib._bootstrap>:82(remove)
        4    0.000    0.000    0.000    0.000 {method 'rfind' of 'str' objects}
       14    0.000    0.000    0.000    0.000 {method 'isalnum' of 'str' objects}
        1    0.000    0.000    0.000    0.000 statement_compound.py:606(this_vars)
        1    0.000    0.000    0.000    0.000 <frozen importlib._bootstrap_external>:159(_path_isfile)
        1    0.000    0.000    0.000    0.000 <frozen importlib._bootstrap_external>:67(_relax_case)
        1    0.000    0.000    0.000    0.000 <frozen importlib._bootstrap_external>:643(_check_name_wrapper)
        1    0.000    0.000    0.000    0.000 header.py:44(__init__)
        1    0.000    0.000    0.000    0.000 env.py:37(paths)
        8    0.000    0.000    0.000    0.000 statement_compound.py:289(declare)
        4    0.000    0.000    0.000    0.000 py2cpp.py:1041(on_group)
        1    0.000    0.000    0.000    0.000 _vars.j2:4(root)
        1    0.000    0.000    0.000    0.000 statement_compound.py:602(class_vars)
        1    0.000    0.000    0.000    0.000 filters.py:1320(sync_do_list)
        1    0.000    0.000    0.000    0.000 <frozen importlib._bootstrap>:173(__exit__)
        1    0.000    0.000    0.000    0.000 <frozen importlib._bootstrap>:79(__init__)
        1    0.000    0.000    0.000    0.000 <frozen importlib._bootstrap>:74(__new__)
        3    0.000    0.000    0.000    0.000 <frozen importlib._bootstrap_external>:140(_path_stat)
       10    0.000    0.000    0.000    0.000 enum.py:1279(value)
        1    0.000    0.000    0.000    0.000 <frozen importlib._bootstrap_external>:1202(path_stats)
        1    0.000    0.000    0.000    0.000 <frozen importlib._bootstrap_external>:185(_path_abspath)
        1    0.000    0.000    0.000    0.000 <frozen importlib._bootstrap>:982(find_spec)
        1    0.000    0.000    0.000    0.000 <frozen importlib._bootstrap_external>:1054(source_to_code)
        1    0.000    0.000    0.000    0.000 <frozen importlib._bootstrap>:1128(find_spec)
        2    0.000    0.000    0.000    0.000 {method '__contains__' of 'frozenset' objects}
       13    0.000    0.000    0.000    0.000 {method 'isascii' of 'str' objects}
        1    0.000    0.000    0.000    0.000 encoder.py:105(__init__)
        1    0.000    0.000    0.000    0.000 primary.py:561(condition)
        2    0.000    0.000    0.000    0.000 lexer.py:257(__init__)
        1    0.000    0.000    0.000    0.000 <frozen importlib._bootstrap_external>:1466(_path_importer_cache)
        1    0.000    0.000    0.000    0.000 <frozen importlib._bootstrap>:445(cb)
        3    0.000    0.000    0.000    0.000 <frozen importlib._bootstrap>:1226(__exit__)
        1    0.000    0.000    0.000    0.000 {built-in method _thread.allocate_lock}
        2    0.000    0.000    0.000    0.000 typing.py:295(_check_generic)
        1    0.000    0.000    0.000    0.000 cvars.py:69(is_addr)
        2    0.000    0.000    0.000    0.000 implements.py:576(via)
        1    0.000    0.000    0.000    0.000 primary.py:289(match_feature)
        6    0.000    0.000    0.000    0.000 reflections.py:787(on_group)
        1    0.000    0.000    0.000    0.000 unicode_escape.py:13(Codec)
        3    0.000    0.000    0.000    0.000 <frozen importlib._bootstrap>:1222(__enter__)
        1    0.000    0.000    0.000    0.000 <frozen importlib._bootstrap>:48(_new_module)
        1    0.000    0.000    0.000    0.000 <frozen importlib._bootstrap_external>:150(_path_is_mode_type)
        1    0.000    0.000    0.000    0.000 {built-in method nt._path_splitroot}
        1    0.000    0.000    0.000    0.000 {built-in method _imp.find_frozen}
        2    0.000    0.000    0.000    0.000 typing.py:166(_type_convert)
        2    0.000    0.000    0.000    0.000 enum.py:1398(<lambda>)
        6    0.000    0.000    0.000    0.000 py2cpp.py:758(on_null_type)
        1    0.000    0.000    0.000    0.000 primary.py:296(match_feature)
        1    0.000    0.000    0.000    0.000 writer.py:16(put)
        1    0.000    0.000    0.000    0.000 modules.py:39(load)
        1    0.000    0.000    0.000    0.000 writer.py:7(__init__)
        1    0.000    0.000    0.000    0.000 _before.j2:4(root)
        2    0.000    0.000    0.000    0.000 {built-in method _sre.template}
        5    0.000    0.000    0.000    0.000 {built-in method _imp.acquire_lock}
        5    0.000    0.000    0.000    0.000 {built-in method _imp.release_lock}
        4    0.000    0.000    0.000    0.000 typing.py:1227(<genexpr>)
        1    0.000    0.000    0.000    0.000 compiler.py:1821(write_expr2)
        1    0.000    0.000    0.000    0.000 _after.j2:4(root)
        1    0.000    0.000    0.000    0.000 <frozen ntpath>:35(_get_bothseps)
        1    0.000    0.000    0.000    0.000 {method 'setdefault' of 'dict' objects}
        2    0.000    0.000    0.000    0.000 {method '__exit__' of '_thread.RLock' objects}
        2    0.000    0.000    0.000    0.000 {built-in method _thread.get_ident}
        2    0.000    0.000    0.000    0.000 {built-in method builtins.chr}
        1    0.000    0.000    0.000    0.000 module.py:30(entrypoint)
        1    0.000    0.000    0.000    0.000 semantics.py:16(<lambda>)
        1    0.000    0.000    0.000    0.000 eventemitter.py:35(__init__)
        1    0.000    0.000    0.000    0.000 py2cpp.py:1018(on_truthy)
        1    0.000    0.000    0.000    0.000 unicode_escape.py:20(IncrementalEncoder)
        1    0.000    0.000    0.000    0.000 unicode_escape.py:31(StreamReader)
        1    0.000    0.000    0.000    0.000 unicode_escape.py:24(IncrementalDecoder)
        1    0.000    0.000    0.000    0.000 <frozen importlib._bootstrap>:599(__init__)
        1    0.000    0.000    0.000    0.000 {method 'keys' of 'mappingproxy' objects}
        1    0.000    0.000    0.000    0.000 {method 'insert' of 'list' objects}
        1    0.000    0.000    0.000    0.000 py2cpp.py:517(on_break)
        1    0.000    0.000    0.000    0.000 unicode_escape.py:28(StreamWriter)
        1    0.000    0.000    0.000    0.000 <frozen importlib._bootstrap_external>:1153(__init__)
        1    0.000    0.000    0.000    0.000 <frozen importlib._bootstrap_external>:986(create_module)
        1    0.000    0.000    0.000    0.000 <frozen importlib._bootstrap>:412(__init__)
        1    0.000    0.000    0.000    0.000 {built-in method _weakref._remove_dead_weakref}
        1    0.000    0.000    0.000    0.000 {method 'remove' of 'list' objects}
        1    0.000    0.000    0.000    0.000 <frozen importlib._bootstrap>:653(has_location)
        1    0.000    0.000    0.000    0.000 <frozen importlib._bootstrap_external>:1178(get_filename)
        1    0.000    0.000    0.000    0.000 <frozen importlib._bootstrap>:158(__init__)


